C51 COMPILER V9.60.0.0   IIC                                                               06/04/2023 17:11:27 PAGE 1   


C51 COMPILER V9.60.0.0, COMPILATION OF MODULE IIC
OBJECT MODULE PLACED IN .\Objects\iic.obj
COMPILER INVOKED BY: E:\keil5\keil5\C51\BIN\C51.EXE System\iic.c OPTIMIZE(8,SPEED) BROWSE INCDIR(.\User;.\Driver;.\Syste
                    -m;.\Config) DEBUG OBJECTEXTEND PRINT(.\Listings\iic.lst) OBJECT(.\Objects\iic.obj)

line level    source

   1          /*      #   I2Cä»£ç ç‰‡æ®µè¯´æ˜
   2                  1.      æœ¬æ–‡ä»¶å¤¹ä¸­æä¾›çš„é©±åŠ¨ä»£ç ä¾›å‚èµ›é€‰æ‰‹å®Œæˆç¨‹åºè®¾è®¡å‚è€ƒã€‚
   3                  2.      å‚èµ›é€‰æ‰‹å¯ä»¥è‡ªè¡Œç¼–å†™ç›¸å…³ä»£ç æˆ–ä»¥è¯¥ä»£ç ä¸ºåŸºç¡€ï¼Œæ ¹æ®æ‰€é€‰å•ç‰‡æœºç±»å‹ã€è¿
             -è¡Œé€Ÿåº¦å’Œè¯•é¢˜
   4                          ä¸­å¯¹å•ç‰‡æœºæ—¶é’Ÿé¢‘ç‡çš„è¦æ±‚ï¼Œè¿›è¡Œä»£ç è°ƒè¯•å’Œä¿®æ”¹ã€‚
   5          */
   6          
   7          
   8          #include "iic.h"
   9          
  10          #define DELAY_TIME      5
  11          
  12          
  13          sbit scl = P2^0;
  14          sbit sda = P2^1;
  15          
  16          
  17          
  18          //
  19          static void I2C_Delay(unsigned char n)
  20          {
  21   1          do
  22   1          {
  23   2              _nop_();_nop_();_nop_();_nop_();_nop_();
  24   2              _nop_();_nop_();_nop_();_nop_();_nop_();
  25   2              _nop_();_nop_();                
  26   2          }
  27   1          while(n--);         
  28   1      }
  29          
  30          //
  31          void I2CStart(void)
  32          {
  33   1          sda = 1;
  34   1          scl = 1;
  35   1              I2C_Delay(DELAY_TIME);
  36   1          sda = 0;
  37   1              I2C_Delay(DELAY_TIME);
  38   1          scl = 0;    
  39   1      }
  40          
  41          //
  42          void I2CStop(void)
  43          {
  44   1          sda = 0;
  45   1          scl = 1;
  46   1              I2C_Delay(DELAY_TIME);
  47   1          sda = 1;
  48   1              I2C_Delay(DELAY_TIME);
  49   1      }
  50          
  51          //
  52          void I2CSendByte(unsigned char byt)
  53          {
C51 COMPILER V9.60.0.0   IIC                                                               06/04/2023 17:11:27 PAGE 2   

  54   1          unsigned char i;
  55   1              
  56   1          for(i=0; i<8; i++){
  57   2              scl = 0;
  58   2                      I2C_Delay(DELAY_TIME);
  59   2              if(byt & 0x80){
  60   3                  sda = 1;
  61   3              }
  62   2              else{
  63   3                  sda = 0;
  64   3              }
  65   2                      I2C_Delay(DELAY_TIME);
  66   2              scl = 1;
  67   2              byt <<= 1;
  68   2                      I2C_Delay(DELAY_TIME);
  69   2          }
  70   1              
  71   1          scl = 0;  
  72   1      }
  73          
  74          //
  75          unsigned char I2CReceiveByte(void)
  76          {
  77   1              unsigned char da;
  78   1              unsigned char i;
  79   1              for(i=0;i<8;i++){   
  80   2                      scl = 1;
  81   2                      I2C_Delay(DELAY_TIME);
  82   2                      da <<= 1;
  83   2                      if(sda) 
  84   2                              da |= 0x01;
  85   2                      scl = 0;
  86   2                      I2C_Delay(DELAY_TIME);
  87   2              }
  88   1              return da;    
  89   1      }
  90          
  91          //
  92          unsigned char I2CWaitAck(void)
  93          {
  94   1              unsigned char ackbit;
  95   1              
  96   1          scl = 1;
  97   1              I2C_Delay(DELAY_TIME);
  98   1          ackbit = sda; 
  99   1          scl = 0;
 100   1              I2C_Delay(DELAY_TIME);
 101   1              
 102   1              return ackbit;
 103   1      }
 104          
 105          //
 106          void I2CSendAck(unsigned char ackbit)
 107          {
 108   1          scl = 0;
 109   1          sda = ackbit; 
 110   1              I2C_Delay(DELAY_TIME);
 111   1          scl = 1;
 112   1              I2C_Delay(DELAY_TIME);
 113   1          scl = 0; 
 114   1              sda = 1;
 115   1              I2C_Delay(DELAY_TIME);
C51 COMPILER V9.60.0.0   IIC                                                               06/04/2023 17:11:27 PAGE 3   

 116   1      }
 117          


MODULE INFORMATION:   STATIC OVERLAYABLE
   CODE SIZE        =    183    ----
   CONSTANT SIZE    =   ----    ----
   XDATA SIZE       =   ----    ----
   PDATA SIZE       =   ----    ----
   DATA SIZE        =   ----    ----
   IDATA SIZE       =   ----    ----
   BIT SIZE         =   ----    ----
END OF MODULE INFORMATION.


C51 COMPILATION COMPLETE.  0 WARNING(S),  0 ERROR(S)
