C51 COMPILER V9.60.0.0   INIT                                                              06/04/2023 17:11:27 PAGE 1   


C51 COMPILER V9.60.0.0, COMPILATION OF MODULE INIT
OBJECT MODULE PLACED IN .\Objects\init.obj
COMPILER INVOKED BY: E:\keil5\keil5\C51\BIN\C51.EXE Config\init.c OPTIMIZE(8,SPEED) BROWSE INCDIR(.\User;.\Driver;.\Syst
                    -em;.\Config) DEBUG OBJECTEXTEND PRINT(.\Listings\init.lst) OBJECT(.\Objects\init.obj)

line level    source

   1          #include "init.h"
   2          
   3          
   4          
   5          
   6          
   7          
   8          
   9          
  10          
  11          
  12          
  13          void Timer1Init()               //1毫秒@12.000MHz
  14          {
  15   1              AUXR |= 0x40;           //定时器时钟1T模式
  16   1              TMOD &= 0x0F;           //设置定时器模式
  17   1              TL1 = 0x20;             //设置定时初始值
  18   1              TH1 = 0xD1;             //设置定时初始值
  19   1              TF1 = 0;                //清除TF1标志
  20   1              TR1 = 1;                //定时器1开始计时
  21   1              
  22   1              ET1 = 1;
  23   1              EA = 1;
  24   1      }
  25          
  26          
  27          
  28          
  29          void LedBuzzInit()
  30          {
  31   1              HC138Set(4);
  32   1              P0 = 0xFF;
  33   1              HC138Set(5);
  34   1              P0 = 0x00;
  35   1              HC138Set(0);
  36   1      }
  37          
  38          
  39          void HC138Set(unsigned char Y)
  40          {
  41   1              P2 &= 0x1F;
  42   1              P2 |= (Y & 0x07) << 5;
  43   1      }
  44          
  45          
  46          
  47          
  48          
  49          
  50          
  51          
  52          
  53          
  54          
C51 COMPILER V9.60.0.0   INIT                                                              06/04/2023 17:11:27 PAGE 2   

  55          
  56          
  57          


MODULE INFORMATION:   STATIC OVERLAYABLE
   CODE SIZE        =     54    ----
   CONSTANT SIZE    =   ----    ----
   XDATA SIZE       =   ----    ----
   PDATA SIZE       =   ----    ----
   DATA SIZE        =   ----    ----
   IDATA SIZE       =   ----    ----
   BIT SIZE         =   ----    ----
END OF MODULE INFORMATION.


C51 COMPILATION COMPLETE.  0 WARNING(S),  0 ERROR(S)
