C51 COMPILER V9.60.0.0   MAIN                                                              06/04/2023 17:11:26 PAGE 1   


C51 COMPILER V9.60.0.0, COMPILATION OF MODULE MAIN
OBJECT MODULE PLACED IN .\Objects\main.obj
COMPILER INVOKED BY: E:\keil5\keil5\C51\BIN\C51.EXE User\main.c OPTIMIZE(8,SPEED) BROWSE INCDIR(.\User;.\Driver;.\System
                    -;.\Config) DEBUG OBJECTEXTEND PRINT(.\Listings\main.lst) OBJECT(.\Objects\main.obj)

line level    source

   1          #include <config.h>
   2          
   3          
   4          
   5          
   6          unsigned char ADC_Data = 0;
   7          
   8          
   9          bit flag10ms = 0;
  10          bit flag50ms = 0;
  11          bit flag100ms = 0;
  12          bit flag200ms = 0;
  13          bit flag500ms = 0;
  14          
  15          bit flag_Led8 = 0;
  16          
  17          
  18          
  19          void RedaData();
  20          
  21          void main()
  22          {
  23   1              EEPROM_FirstRead();
  24   1              LedBuzzInit();
  25   1              Timer0Init();
  26   1              Timer1Init();
  27   1              
  28   1              
  29   1              
  30   1              while(1)
  31   1              {
  32   2                      if(flag10ms == 1)
  33   2                      {
  34   3                              flag10ms = 0;   
  35   3                              KeyDriver();
  36   3                              SmgMenuMain();                  
  37   3                      }               
  38   2      
  39   2                      RedaData();
  40   2              }
  41   1      }
  42          
  43          
  44          void Timer1Int() interrupt 3
  45          {
  46   1              static unsigned int cnt = 0;
  47   1              
  48   1              cnt++;
  49   1              if((cnt % 10) == 0)
  50   1              {
  51   2                      flag10ms = 1;
  52   2              }
  53   1              if((cnt % 50) == 0)
  54   1              {
C51 COMPILER V9.60.0.0   MAIN                                                              06/04/2023 17:11:26 PAGE 2   

  55   2                      flag50ms = 1;
  56   2              }
  57   1              if((cnt % 104) == 0)
  58   1              {
  59   2                      flag100ms = 1;
  60   2              }
  61   1              if((cnt % 189) == 0)
  62   1              {
  63   2                      flag200ms = 1;
  64   2              }
  65   1              if(cnt >= 500)
  66   1              {
  67   2                      cnt = 0;
  68   2                      flag500ms = 1;
  69   2              }
  70   1              
  71   1              if(flag_StartKey6 == 1)
  72   1              {
  73   2                      if(Key6_SetTime < 800)
  74   2                      {
  75   3                              Key6_SetTime++;
  76   3                      }
  77   2              }
  78   1              
  79   1              
  80   1              LedDisplay();
  81   1              SmgDisplay();
  82   1              KeyScan();
  83   1      }
  84          
  85          
  86          void RedaData()
  87          {
  88   1              float Data_Buf = 0;
  89   1              
  90   1              if(flag50ms == 1)
  91   1              {
  92   2                      flag50ms = 0;
  93   2                      ADC_ReadAIN3Data(&ADC_Data);
  94   2                      Data_Buf = ADC_Data;
  95   2                      Data_Buf /= 5.1;
  96   2                      ADC_Data = Data_Buf;                    
  97   2              }
  98   1              if(flag100ms == 1)
  99   1              {
 100   2                      flag100ms = 0;
 101   2                      if(Key6_SetTime >= 800)
 102   2                      {
 103   3                              if(Parm_ADC_Buf < 50)
 104   3                              {
 105   4                                      Parm_ADC_Buf++;
 106   4                              }
 107   3                              else
 108   3                              {
 109   4                                      Parm_ADC_Buf = 10;
 110   4                              }                       
 111   3                      }
 112   2              }
 113   1              if(flag200ms == 1)
 114   1              {
 115   2                      flag200ms = 0;
 116   2                      Ds18b20ReadData();
C51 COMPILER V9.60.0.0   MAIN                                                              06/04/2023 17:11:26 PAGE 3   

 117   2                      Ds18b20ReadConfig();
 118   2                      if(ADC_Data > Parm_ADC)
 119   2                      {
 120   3                              flag_Led8 = ~flag_Led8;
 121   3                      }
 122   2                      else
 123   2                      {
 124   3                              flag_Led8 = 1;
 125   3                      }
 126   2              }
 127   1              if(flag500ms == 1)
 128   1              {
 129   2                      flag500ms = 0;
 130   2                      NE555ReadFreqData(&Freq_Data);
 131   2              }
 132   1      
 133   1      }
 134          
 135          
 136          
 137          
 138          


MODULE INFORMATION:   STATIC OVERLAYABLE
   CODE SIZE        =    341    ----
   CONSTANT SIZE    =   ----    ----
   XDATA SIZE       =   ----    ----
   PDATA SIZE       =   ----    ----
   DATA SIZE        =      3       4
   IDATA SIZE       =   ----    ----
   BIT SIZE         =      6    ----
END OF MODULE INFORMATION.


C51 COMPILATION COMPLETE.  0 WARNING(S),  0 ERROR(S)
