C51 COMPILER V9.60.0.0   NE555                                                             06/04/2023 17:11:27 PAGE 1   


C51 COMPILER V9.60.0.0, COMPILATION OF MODULE NE555
OBJECT MODULE PLACED IN .\Objects\NE555.obj
COMPILER INVOKED BY: E:\keil5\keil5\C51\BIN\C51.EXE Driver\NE555.c OPTIMIZE(8,SPEED) BROWSE INCDIR(.\User;.\Driver;.\Sys
                    -tem;.\Config) DEBUG OBJECTEXTEND PRINT(.\Listings\NE555.lst) OBJECT(.\Objects\NE555.obj)

line level    source

   1          #include "NE555.h"
   2          
   3          
   4          
   5          unsigned int Freq_Data = 0;
   6          
   7          
   8          
   9          
  10          
  11          void Timer0Init()
  12          {
  13   1              TH0 = 0x00;
  14   1              TL0 = 0x00;
  15   1              TMOD |= 0x05;
  16   1              ET0 = 0;
  17   1              TF0 = 0;
  18   1              TR0 = 1;
  19   1      }
  20          
  21          
  22          void NE555ReadFreqData(unsigned int *dat)
  23          {
  24   1              if(TF0 == 0)
  25   1              {
  26   2                      *dat = TH0;
  27   2                      *dat = (*dat << 8) | TL0;
  28   2              }
  29   1              else
  30   1              {
  31   2                      TF0 = 0;
  32   2              }
  33   1              TH0 = 0x00;
  34   1              TL0 = 0x00;     
  35   1      }
  36          
  37          
  38          
  39          
  40          
  41          
  42          
  43          
  44          
  45          
  46          
  47          
  48          
  49          
  50          
  51          
  52          


C51 COMPILER V9.60.0.0   NE555                                                             06/04/2023 17:11:27 PAGE 2   

MODULE INFORMATION:   STATIC OVERLAYABLE
   CODE SIZE        =     49    ----
   CONSTANT SIZE    =   ----    ----
   XDATA SIZE       =   ----    ----
   PDATA SIZE       =   ----    ----
   DATA SIZE        =      2    ----
   IDATA SIZE       =   ----    ----
   BIT SIZE         =   ----    ----
END OF MODULE INFORMATION.


C51 COMPILATION COMPLETE.  0 WARNING(S),  0 ERROR(S)
