C51 COMPILER V9.60.0.0   PCF8951                                                           06/04/2023 17:11:27 PAGE 1   


C51 COMPILER V9.60.0.0, COMPILATION OF MODULE PCF8951
OBJECT MODULE PLACED IN .\Objects\pcf8951.obj
COMPILER INVOKED BY: E:\keil5\keil5\C51\BIN\C51.EXE Driver\pcf8951.c OPTIMIZE(8,SPEED) BROWSE INCDIR(.\User;.\Driver;.\S
                    -ystem;.\Config) DEBUG OBJECTEXTEND PRINT(.\Listings\pcf8951.lst) OBJECT(.\Objects\pcf8951.obj)

line level    source

   1          #include "pcf8951.h"
   2          
   3          
   4          
   5          
   6          
   7          
   8          
   9          
  10          
  11          
  12          void ADC_ReadAIN3Data(unsigned char *dat)
  13          {
  14   1              I2CStart();
  15   1              I2CSendByte(0x90);
  16   1              I2CWaitAck();
  17   1              I2CSendByte(0x03);
  18   1              I2CWaitAck();   
  19   1              
  20   1              I2CStart();
  21   1              I2CSendByte(0x91);
  22   1              I2CWaitAck();
  23   1              
  24   1              *dat = I2CReceiveByte();
  25   1              I2CSendAck(1);
  26   1              I2CStop();              
  27   1      }
  28          
  29          
  30          
  31          
  32          
  33          
  34          
  35          
  36          
  37          
  38          
  39          
  40          
  41          
  42          
  43          


MODULE INFORMATION:   STATIC OVERLAYABLE
   CODE SIZE        =     57    ----
   CONSTANT SIZE    =   ----    ----
   XDATA SIZE       =   ----    ----
   PDATA SIZE       =   ----    ----
   DATA SIZE        =   ----       3
   IDATA SIZE       =   ----    ----
   BIT SIZE         =   ----    ----
END OF MODULE INFORMATION.

C51 COMPILER V9.60.0.0   PCF8951                                                           06/04/2023 17:11:27 PAGE 2   


C51 COMPILATION COMPLETE.  0 WARNING(S),  0 ERROR(S)
