C51 COMPILER V9.56.0.0   BUZZ                                                              04/07/2022 16:55:11 PAGE 1   


C51 COMPILER V9.56.0.0, COMPILATION OF MODULE BUZZ
OBJECT MODULE PLACED IN .\Objects\BUZZ.obj
COMPILER INVOKED BY: E:\keil5\keil5\C51\BIN\C51.EXE ..\Driver\BUZZ.c OPTIMIZE(8,SPEED) BROWSE INCDIR(..\Include;..\Drive
                    -r;..\system;..\User) DEBUG OBJECTEXTEND PRINT(.\Listings\BUZZ.lst) TABS(2) OBJECT(.\Objects\BUZZ.obj)

line level    source

   1          #include <BUZZ.h>
   2          
   3          
   4          
   5          unsigned char BUZZ_Mod = 1,RELAY_Mod = 0;
   6          
   7          
   8          
   9          
  10          void Auto_Mod()
  11          {
  12   1        if(shidu < yuzhi)
  13   1        {
  14   2          P0 = P0 & 0x10;
  15   2          HC138Y(5);
  16   2          RELAY = 1;
  17   2          HC138Y(0);
  18   2        }
  19   1        else
  20   1        {
  21   2          P0 = P0 & 0x10;
  22   2          HC138Y(5);
  23   2          RELAY = 0;
  24   2          HC138Y(0);  
  25   2        }
  26   1      }
  27          
  28          
  29          void Manual_Mod()
  30          {
  31   1        if(BUZZ_Mod == 1)
  32   1        {
  33   2          if(shidu < yuzhi)
  34   2          {
  35   3            P0 = P0 & 0x50;
  36   3            HC138Y(5);
  37   3            BUZZ = 1;
  38   3            HC138Y(0);
  39   3          }
  40   2          else
  41   2          {
  42   3            P0 = P0 & 0x50;
  43   3            HC138Y(5);
  44   3            BUZZ = 0;
  45   3            HC138Y(0);  
  46   3          }
  47   2        }
  48   1        else
  49   1        {
  50   2            P0 = P0 & 0x50;
  51   2            HC138Y(5);
  52   2            BUZZ = 0;
  53   2            HC138Y(0);  
  54   2        }
C51 COMPILER V9.56.0.0   BUZZ                                                              04/07/2022 16:55:11 PAGE 2   

  55   1        if(RELAY_Mod == 1)
  56   1        {
  57   2          P0 = P0 & 0x50;
  58   2          HC138Y(5);
  59   2          RELAY = 1;
  60   2          HC138Y(0);  
  61   2        }
  62   1        else
  63   1        {
  64   2          P0 = P0 & 0x50;
  65   2          HC138Y(5);
  66   2          RELAY = 0;
  67   2          HC138Y(0);  
  68   2        }
  69   1      
  70   1      }
  71          
  72          
  73          
  74          
  75          
  76          
  77          
  78          
  79          
  80          
  81          
  82          
  83          
  84          
  85          
  86          
  87          
  88          
  89          
  90          
  91          
  92          
  93          
  94          


MODULE INFORMATION:   STATIC OVERLAYABLE
   CODE SIZE        =    120    ----
   CONSTANT SIZE    =   ----    ----
   XDATA SIZE       =   ----    ----
   PDATA SIZE       =   ----    ----
   DATA SIZE        =      2    ----
   IDATA SIZE       =   ----    ----
   BIT SIZE         =   ----    ----
END OF MODULE INFORMATION.


C51 COMPILATION COMPLETE.  0 WARNING(S),  0 ERROR(S)
