C51 COMPILER V9.56.0.0   DS1302                                                            04/07/2022 16:31:30 PAGE 1   


C51 COMPILER V9.56.0.0, COMPILATION OF MODULE DS1302
OBJECT MODULE PLACED IN .\Objects\ds1302.obj
COMPILER INVOKED BY: E:\keil5\keil5\C51\BIN\C51.EXE ..\Driver\ds1302.c OPTIMIZE(8,SPEED) BROWSE INCDIR(..\Include;..\Dri
                    -ver;..\system;..\User) DEBUG OBJECTEXTEND PRINT(.\Listings\ds1302.lst) TABS(2) OBJECT(.\Objects\ds1302.obj)

line level    source

   1          #ifndef __DS1302_H
   2          #define __DS1302_H
   3          
   4          #include <STC15F2K60S2.H>
   5          #include <intrins.h>
   6          
   7          
   8          void Write_Ds1302_Byte(unsigned  char temp);
   9          void Write_Ds1302( unsigned char address,unsigned char dat );
  10          unsigned char Read_Ds1302 ( unsigned char address );
  11          unsigned char shijian[7];
  12          
  13          
  14          unsigned char Write_DS1302_ADDR[7] = {0x80,0x82,0x84,0x86,0x88,0x8a,0x8c};
  15          unsigned char Read_DS1302_ADDR[7] = {0x81,0x83,0x85,0x87,0x89,0x8b,0x8d};
  16          
  17          unsigned char Timer[7] = {0x00,0x30,0x08,0x06,0x04,0x03,0x22};
  18          
  19          sbit SCK=P1^7;    
  20          sbit SDA=P2^3;    
  21          sbit RST = P1^3;   // DS1302¸´Î»                        
  22          
  23          void Write_Ds1302_Byte(unsigned  char temp) 
  24          {
  25   1        unsigned char i;
  26   1        for (i=0;i<8;i++)       
  27   1        { 
  28   2          SCK=0;
  29   2          SDA=temp&0x01;
  30   2          temp>>=1; 
  31   2          SCK=1;
  32   2        }
  33   1      }   
  34          
  35          void Write_Ds1302( unsigned char address,unsigned char dat )     
  36          {
  37   1        RST=0;
  38   1        _nop_();
  39   1        SCK=0;
  40   1        _nop_();
  41   1        RST=1;  
  42   1          _nop_();  
  43   1        Write_Ds1302_Byte(address); 
  44   1        Write_Ds1302_Byte(dat);   
  45   1        RST=0; 
  46   1      }
  47          
  48          unsigned char Read_Ds1302 ( unsigned char address )
  49          {
  50   1        unsigned char i,temp=0x00;
  51   1        RST=0;
  52   1        _nop_();
  53   1        SCK=0;
  54   1        _nop_();
C51 COMPILER V9.56.0.0   DS1302                                                            04/07/2022 16:31:30 PAGE 2   

  55   1        RST=1;
  56   1        _nop_();
  57   1        Write_Ds1302_Byte(address);
  58   1        for (i=0;i<8;i++)   
  59   1        {   
  60   2          SCK=0;
  61   2          temp>>=1; 
  62   2          if(SDA)
  63   2          temp|=0x80; 
  64   2          SCK=1;
  65   2        } 
  66   1        RST=0;
  67   1        _nop_();
  68   1        RST=0;
  69   1        SCK=0;
  70   1        _nop_();
  71   1        SCK=1;
  72   1        _nop_();
  73   1        SDA=0;
  74   1        _nop_();
  75   1        SDA=1;
  76   1        _nop_();
  77   1        return (temp);      
  78   1      }
  79          
  80          
  81          
  82          void DS1302_Config()
  83          {
  84   1        char i;
  85   1        Write_Ds1302(0x8E,0x00);
  86   1        for(i=0;i<7;i++)
  87   1        {
  88   2          Write_Ds1302(Write_DS1302_ADDR[i],Timer[i]);
  89   2        }
  90   1        Write_Ds1302(0x8E,0x80);
  91   1      }
  92          
  93          void DS1302_Read()
  94          {
  95   1        char i;
  96   1        
  97   1        for(i=0;i<7;i++)
  98   1        {
  99   2          Timer[i] = Read_Ds1302(Read_DS1302_ADDR[i]);
 100   2        }
 101   1      }
 102          
 103          
 104          
 105          
 106          
 107          
 108          
 109          
 110          
 111          
 112          #endif


MODULE INFORMATION:   STATIC OVERLAYABLE
   CODE SIZE        =    150    ----
C51 COMPILER V9.56.0.0   DS1302                                                            04/07/2022 16:31:30 PAGE 3   

   CONSTANT SIZE    =   ----    ----
   XDATA SIZE       =   ----    ----
   PDATA SIZE       =   ----    ----
   DATA SIZE        =     28    ----
   IDATA SIZE       =   ----    ----
   BIT SIZE         =   ----    ----
END OF MODULE INFORMATION.


C51 COMPILATION COMPLETE.  0 WARNING(S),  0 ERROR(S)
