C51 COMPILER V9.60.0.0   IIC                                                               03/09/2023 20:52:45 PAGE 1   


C51 COMPILER V9.60.0.0, COMPILATION OF MODULE IIC
OBJECT MODULE PLACED IN .\Objects\iic.obj
COMPILER INVOKED BY: E:\keil5\keil5\C51\BIN\C51.EXE ..\System\iic.c OPTIMIZE(8,SPEED) BROWSE INCDIR(..\User;..\System;..
                    -\Driver;..\Config) DEBUG OBJECTEXTEND PRINT(.\Listings\iic.lst) OBJECT(.\Objects\iic.obj)

line level    source

   1          #include "iic.h"
   2          
   3          #define DELAY_TIME 40
   4          
   5          
   6          sbit SDA = P2^1;
   7          sbit SCL = P2^0;
   8          
   9          
  10          
  11          void PCF8951Init()
  12          {
  13   1              IIC_Start();
  14   1              IIC_SendByte(0x90);
  15   1              IIC_WaitAck();
  16   1              IIC_SendByte(0x41);
  17   1              IIC_WaitAck();  
  18   1              IIC_Stop();
  19   1      }
  20          
  21          unsigned char ReadAIN1()
  22          {
  23   1              unsigned char AIN1_Data = 0;
  24   1              IIC_Start();
  25   1              IIC_SendByte(0x90);
  26   1              IIC_WaitAck();
  27   1              IIC_SendByte(0x01);
  28   1              IIC_WaitAck();
  29   1              IIC_Stop();
  30   1              
  31   1              IIC_Start();
  32   1              IIC_SendByte(0x91);
  33   1              IIC_WaitAck();
  34   1              AIN1_Data = IIC_RecByte();
  35   1              IIC_SendAck(1);
  36   1              IIC_Stop();
  37   1              
  38   1              return AIN1_Data; 
  39   1      }
  40          
  41          
  42          
  43          //I2C总线内部延时函数
  44          void IIC_Delay(unsigned char i)
  45          {
  46   1          do{_nop_();}
  47   1          while(i--);        
  48   1      }
  49          
  50          //I2C总线启动信号
  51          void IIC_Start(void)
  52          {
  53   1          SDA = 1;
  54   1          SCL = 1;
C51 COMPILER V9.60.0.0   IIC                                                               03/09/2023 20:52:45 PAGE 2   

  55   1          IIC_Delay(DELAY_TIME);
  56   1          SDA = 0;
  57   1          IIC_Delay(DELAY_TIME);
  58   1          SCL = 0;    
  59   1      }
  60          
  61          //I2C总线停止信号
  62          void IIC_Stop(void)
  63          {
  64   1          SDA = 0;
  65   1          SCL = 1;
  66   1          IIC_Delay(DELAY_TIME);
  67   1          SDA = 1;
  68   1          IIC_Delay(DELAY_TIME);
  69   1      }
  70          
  71          //发送应答或非应答信号
  72          void IIC_SendAck(bit ackbit)
  73          {
  74   1          SCL = 0;
  75   1          SDA = ackbit;                                       
  76   1          IIC_Delay(DELAY_TIME);
  77   1          SCL = 1;
  78   1          IIC_Delay(DELAY_TIME);
  79   1          SCL = 0; 
  80   1          SDA = 1;
  81   1          IIC_Delay(DELAY_TIME);
  82   1      }
  83          
  84          //等待应答
  85          bit IIC_WaitAck(void)
  86          {
  87   1          bit ackbit;
  88   1              
  89   1          SCL  = 1;
  90   1          IIC_Delay(DELAY_TIME);
  91   1          ackbit = SDA;
  92   1          SCL = 0;
  93   1          IIC_Delay(DELAY_TIME);
  94   1          return ackbit;
  95   1      }
  96          
  97          //I2C总线发送一个字节数据
  98          void IIC_SendByte(unsigned char byt)
  99          {
 100   1          unsigned char i;
 101   1      
 102   1          for(i=0; i<8; i++)
 103   1          {
 104   2              SCL  = 0;
 105   2              IIC_Delay(DELAY_TIME);
 106   2              if(byt & 0x80) SDA  = 1;
 107   2              else SDA  = 0;
 108   2              IIC_Delay(DELAY_TIME);
 109   2              SCL = 1;
 110   2              byt <<= 1;
 111   2              IIC_Delay(DELAY_TIME);
 112   2          }
 113   1          SCL  = 0;  
 114   1      }
 115          
 116          //I2C总线接收一个字节数据
C51 COMPILER V9.60.0.0   IIC                                                               03/09/2023 20:52:45 PAGE 3   

 117          unsigned char IIC_RecByte(void)
 118          {
 119   1          unsigned char i, da;
 120   1          for(i=0; i<8; i++)
 121   1          {   
 122   2              SCL = 1;
 123   2              IIC_Delay(DELAY_TIME);
 124   2              da <<= 1;
 125   2              if(SDA) da |= 1;
 126   2              SCL = 0;
 127   2              IIC_Delay(DELAY_TIME);
 128   2          }
 129   1          return da;    
 130   1      }


MODULE INFORMATION:   STATIC OVERLAYABLE
   CODE SIZE        =    244    ----
   CONSTANT SIZE    =   ----    ----
   XDATA SIZE       =   ----    ----
   PDATA SIZE       =   ----    ----
   DATA SIZE        =   ----       1
   IDATA SIZE       =   ----    ----
   BIT SIZE         =   ----       2
END OF MODULE INFORMATION.


C51 COMPILATION COMPLETE.  0 WARNING(S),  0 ERROR(S)
