C51 COMPILER V9.60.0.0   INIT                                                              03/09/2023 20:52:45 PAGE 1   


C51 COMPILER V9.60.0.0, COMPILATION OF MODULE INIT
OBJECT MODULE PLACED IN .\Objects\init.obj
COMPILER INVOKED BY: E:\keil5\keil5\C51\BIN\C51.EXE ..\Config\init.c OPTIMIZE(8,SPEED) BROWSE INCDIR(..\User;..\System;.
                    -.\Driver;..\Config) DEBUG OBJECTEXTEND PRINT(.\Listings\init.lst) OBJECT(.\Objects\init.obj)

line level    source

   1          #include "init.h"
   2          
   3          
   4          
   5          
   6          
   7          
   8          
   9          
  10          void BuzzLedInit()
  11          {
  12   1              HC138(4);
  13   1              P0 = 0xFF;
  14   1              HC138(0);
  15   1              
  16   1              HC138(5);
  17   1              P0 = 0x00;
  18   1              HC138(0);
  19   1      }
  20          
  21          void HC138(unsigned char Y)
  22          {
  23   1              P2 &= 0x1F;
  24   1              P2 |= (Y & 0x07) << 5;
  25   1      }
  26          
  27          void Timer0Init(void)           //1毫秒@12.000MHz
  28          {
  29   1              AUXR |= 0x80;           //定时器时钟1T模式
  30   1              TMOD &= 0xF0;           //设置定时器模式
  31   1              TL0 = 0x20;             //设置定时初始值
  32   1              TH0 = 0xD1;             //设置定时初始值
  33   1              TF0 = 0;                //清除TF0标志
  34   1              TR0 = 1;                //定时器0开始计时
  35   1              ET0 = 1;
  36   1              EA = 1;
  37   1      }
  38          
  39          
  40          
  41          
  42          
  43          
  44          
  45          
  46          
  47          
  48          
  49          
  50          
  51          
  52          


C51 COMPILER V9.60.0.0   INIT                                                              03/09/2023 20:52:45 PAGE 2   

MODULE INFORMATION:   STATIC OVERLAYABLE
   CODE SIZE        =     59    ----
   CONSTANT SIZE    =   ----    ----
   XDATA SIZE       =   ----    ----
   PDATA SIZE       =   ----    ----
   DATA SIZE        =   ----    ----
   IDATA SIZE       =   ----    ----
   BIT SIZE         =   ----    ----
END OF MODULE INFORMATION.


C51 COMPILATION COMPLETE.  0 WARNING(S),  0 ERROR(S)
