C51 COMPILER V9.60.0.0   KEY                                                               03/09/2023 20:52:45 PAGE 1   


C51 COMPILER V9.60.0.0, COMPILATION OF MODULE KEY
OBJECT MODULE PLACED IN .\Objects\key.obj
COMPILER INVOKED BY: E:\keil5\keil5\C51\BIN\C51.EXE ..\Driver\key.c OPTIMIZE(8,SPEED) BROWSE INCDIR(..\User;..\System;..
                    -\Driver;..\Config) DEBUG OBJECTEXTEND PRINT(.\Listings\key.lst) OBJECT(.\Objects\key.obj)

line level    source

   1          #include "key.h"
   2          
   3          
   4          unsigned char code Key_Map[4][4] = {
   5                  {'0','0','0','0'},
   6                  {'0','0','0','0'},
   7                  {'5','9','0','0'},
   8                  {'4','8','0','0'},
   9          };
  10          
  11          unsigned char Key_Sta[4][4] = {
  12                  {1,1,1,1},{1,1,1,1},{1,1,1,1},{1,1,1,1}
  13          };
  14          
  15          
  16          unsigned char Parm_Buff = 0;
  17          unsigned char Timer_Parm_Buff = 17;
  18          unsigned int Temp_Parm_Buff = 25;
  19          unsigned char Led_Parm_Buff = 4;
  20          
  21          bit Parm_Change = 0;
  22          
  23          
  24          
  25          void KeyActionShort0(unsigned char keycode)
  26          {
  27   1              if(keycode == '4')
  28   1              {
  29   2                      if(Smg_Show_Mode == 0)
  30   2                      {
  31   3                              Smg_Show_Mode = 1;
  32   3                              Smg_Parm_Mode = 0;
  33   3                              
  34   3                              Timer_Parm_Buff = Timer_Parm;
  35   3                              Temp_Parm_Buff = Temp_Parm;
  36   3                              Led_Parm_Buff = Led_Parm;
  37   3                              Parm_Buff = Timer_Parm_Buff;
  38   3                      }
  39   2                      else
  40   2                      {
  41   3                              Smg_Show_Mode = 0;
  42   3                              Smg_Data_Mode = 0;
  43   3                              Timer_Parm = Timer_Parm_Buff;
  44   3                              Temp_Parm = Temp_Parm_Buff;
  45   3                              Led_Parm = Led_Parm_Buff;
  46   3                      }
  47   2              }
  48   1              else if(keycode == '5')
  49   1              {
  50   2                      if(Smg_Show_Mode == 0)
  51   2                      {
  52   3                              
  53   3                              Smg_Data_Mode++;
  54   3                              if(Smg_Data_Mode >= 3)
C51 COMPILER V9.60.0.0   KEY                                                               03/09/2023 20:52:45 PAGE 2   

  55   3                              {
  56   4                                      Smg_Data_Mode = 0;
  57   4                              }
  58   3                              
  59   3                      }
  60   2                      else
  61   2                      {
  62   3                              if(Smg_Parm_Mode == 0)
  63   3                              {
  64   4                                      if(Parm_Change == 1)
  65   4                                      {
  66   5                                              Timer_Parm_Buff = Parm_Buff;
  67   5                                              Parm_Change = 0;
  68   5                                              Parm_Buff = Temp_Parm_Buff;
  69   5                                      }
  70   4                                      else
  71   4                                      {
  72   5                                              Parm_Buff = Temp_Parm_Buff;
  73   5                                      }
  74   4                              }
  75   3                              else if(Smg_Parm_Mode == 1)
  76   3                              {
  77   4                                      if(Parm_Change == 1)
  78   4                                      {
  79   5                                              Temp_Parm_Buff = Parm_Buff;
  80   5                                              Parm_Change = 0;
  81   5                                              Parm_Buff = Led_Parm_Buff;
  82   5                                      }
  83   4                                      else
  84   4                                      {
  85   5                                              Parm_Buff = Led_Parm_Buff;
  86   5                                      }                               
  87   4                              }
  88   3                              else if(Smg_Parm_Mode == 2)
  89   3                              {
  90   4                                      if(Parm_Change == 1)
  91   4                                      {
  92   5                                              Led_Parm_Buff = Parm_Buff;
  93   5                                              Parm_Change = 0;
  94   5                                              Parm_Buff = Timer_Parm_Buff;
  95   5                                      }
  96   4                                      else
  97   4                                      {
  98   5                                              Parm_Buff = Timer_Parm_Buff;
  99   5                                      }                               
 100   4                              }                       
 101   3                              Smg_Parm_Mode++;
 102   3                              if(Smg_Parm_Mode >= 3)
 103   3                              {
 104   4                                      Smg_Parm_Mode = 0;
 105   4                              }
 106   3                      }
 107   2              }
 108   1              else if(keycode == '8')
 109   1              {
 110   2                      if(Smg_Show_Mode == 1)
 111   2                      {
 112   3                              Parm_Change = 1;
 113   3                              if(Smg_Parm_Mode == 0)
 114   3                              {
 115   4                                      if(Parm_Buff > 0)
 116   4                                      {
C51 COMPILER V9.60.0.0   KEY                                                               03/09/2023 20:52:45 PAGE 3   

 117   5                                              Parm_Buff--;
 118   5                                              Timer_Parm_Buff = Parm_Buff;
 119   5                                      }
 120   4                              }
 121   3                              else if(Smg_Parm_Mode == 1)
 122   3                              {
 123   4                                      if(Parm_Buff > 0)
 124   4                                      {
 125   5                                              Parm_Buff--;
 126   5                                              Temp_Parm_Buff = Parm_Buff;
 127   5                                      }
 128   4                              }
 129   3                              else if(Smg_Parm_Mode == 2)
 130   3                              {
 131   4                                      if(Parm_Buff > 4)
 132   4                                      {
 133   5                                              Parm_Buff--;
 134   5                                              Led_Parm_Buff = Parm_Buff;
 135   5                                      }
 136   4                              }
 137   3                              
 138   3                      }
 139   2              }
 140   1              else if(keycode == '9')
 141   1              {
 142   2                      if(Smg_Show_Mode == 1)
 143   2                      {
 144   3                              Parm_Change = 1;
 145   3                              if(Smg_Parm_Mode == 0)
 146   3                              {
 147   4                                      if(Parm_Buff < 23)
 148   4                                      {
 149   5                                              Parm_Buff++;
 150   5                                              Timer_Parm_Buff = Parm_Buff;
 151   5                                      }
 152   4                              }
 153   3                              else if(Smg_Parm_Mode == 1)
 154   3                              {
 155   4                                      if(Parm_Buff < 99)
 156   4                                      {
 157   5                                              Parm_Buff++;
 158   5                                              Temp_Parm_Buff = Parm_Buff;
 159   5                                      }                               
 160   4                              }
 161   3                              else
 162   3                              {
 163   4                                      if(Parm_Buff < 8)
 164   4                                      {
 165   5                                              Parm_Buff++;
 166   5                                              Led_Parm_Buff = Parm_Buff;
 167   5                                      }                                       
 168   4                              }
 169   3                      }       
 170   2              }
 171   1              
 172   1      
 173   1      }
 174          
 175          
 176          void KeyDriver()
 177          {
 178   1              unsigned char i,j;
C51 COMPILER V9.60.0.0   KEY                                                               03/09/2023 20:52:45 PAGE 4   

 179   1              static unsigned char Key_Backup[4][4] = {
 180   1                      {1,1,1,1},{1,1,1,1},{1,1,1,1},{1,1,1,1}
 181   1              }; 
 182   1      
 183   1              for(i=0;i<4;i++)
 184   1              {
 185   2                      for(j=0;j<4;j++)
 186   2                      {
 187   3                              if(Key_Backup[i][j] != Key_Sta[i][j])     //有动作
 188   3                              {
 189   4                                      if(Key_Backup[i][j] == 1)      //按下
 190   4                                      {
 191   5                                              KeyActionShort0(Key_Map[i][j]);
 192   5                                      }
 193   4                                      else                           //抬起
 194   4                                      {
 195   5                                              
 196   5                                      }
 197   4                                      Key_Backup[i][j] = Key_Sta[i][j];
 198   4                              }
 199   3                              else        //无动作
 200   3                              {
 201   4                                      if(Key_Backup[i][j] == 0)     //长按
 202   4                                      {
 203   5                                              
 204   5                                      }
 205   4                              }
 206   3                      }
 207   2              }
 208   1      }
 209          
 210          void KeyScan()
 211          {
 212   1              unsigned char i = 0;
 213   1              static unsigned char Key_Out = 0;
 214   1              static unsigned char Key_Buff[4][4] = {
 215   1                      {0xFF,0xFF,0xFF,0xFF},{0xFF,0xFF,0xFF,0xFF},
 216   1                      {0xFF,0xFF,0xFF,0xFF},{0xFF,0xFF,0xFF,0xFF}
 217   1              };
 218   1              
 219   1              Key_Buff[Key_Out][0] = (Key_Buff[Key_Out][0] << 1) | KEY_IN_0;
 220   1              Key_Buff[Key_Out][1] = (Key_Buff[Key_Out][1] << 1) | KEY_IN_1;
 221   1              Key_Buff[Key_Out][2] = (Key_Buff[Key_Out][2] << 1) | KEY_IN_2;
 222   1              Key_Buff[Key_Out][3] = (Key_Buff[Key_Out][3] << 1) | KEY_IN_3;
 223   1              
 224   1              for(i=0;i<4;i++)
 225   1              {
 226   2                      if((Key_Buff[Key_Out][i] & 0x0F) == 0X00)
 227   2                      {
 228   3                              Key_Sta[Key_Out][i] = 0;
 229   3                      }
 230   2                      else if((Key_Buff[Key_Out][i] & 0x0F) == 0X0F)
 231   2                      {
 232   3                              Key_Sta[Key_Out][i] = 1;
 233   3                      }
 234   2              }
 235   1              
 236   1              Key_Out++;
 237   1              if(Key_Out > 3)
 238   1              {
 239   2                      Key_Out = 0;
 240   2              }
C51 COMPILER V9.60.0.0   KEY                                                               03/09/2023 20:52:45 PAGE 5   

 241   1              
 242   1              switch(Key_Out)
 243   1              {
 244   2                      case 0: KEY_OUT_0 = 0; KEY_OUT_3 = 1; break;
 245   2                      case 1: KEY_OUT_1 = 0; KEY_OUT_0 = 1; break;
 246   2                      case 2: KEY_OUT_2 = 0; KEY_OUT_1 = 1; break;
 247   2                      case 3: KEY_OUT_3 = 0; KEY_OUT_2 = 1; break;
 248   2                      default: break;
 249   2              }       
 250   1      }
 251          
 252          
 253          
 254          
 255          
 256          
 257          
 258          
 259          
 260          
 261          
 262          
 263          


MODULE INFORMATION:   STATIC OVERLAYABLE
   CODE SIZE        =    662    ----
   CONSTANT SIZE    =     16    ----
   XDATA SIZE       =   ----    ----
   PDATA SIZE       =   ----    ----
   DATA SIZE        =     54    ----
   IDATA SIZE       =   ----    ----
   BIT SIZE         =      1    ----
END OF MODULE INFORMATION.


C51 COMPILATION COMPLETE.  0 WARNING(S),  0 ERROR(S)
