C51 COMPILER V9.60.0.0   MAIN                                                              03/09/2023 20:52:45 PAGE 1   


C51 COMPILER V9.60.0.0, COMPILATION OF MODULE MAIN
OBJECT MODULE PLACED IN .\Objects\main.obj
COMPILER INVOKED BY: E:\keil5\keil5\C51\BIN\C51.EXE main.c OPTIMIZE(8,SPEED) BROWSE INCDIR(..\User;..\System;..\Driver;.
                    -.\Config) DEBUG OBJECTEXTEND PRINT(.\Listings\main.lst) OBJECT(.\Objects\main.obj)

line level    source

   1          
   2          #include <config.h>
   3          
   4          
   5          
   6          unsigned int RD1_Vin = 0;
   7          float RD1_Buff = 0;
   8          bit Light_Dark = 0;
   9          
  10          
  11          bit flag100ms = 0;
  12          bit flag200ms = 0;
  13          bit flag750ms = 0;
  14          
  15          unsigned char flag3S = 0;
  16          bit flagLed1 = 0;
  17          
  18          void ReadData();
  19          void TimeParmCmp();
  20          
  21          void main()
  22          {
  23   1              Timer0Init();
  24   1              BuzzLedInit();
  25   1              
  26   1              DS1302Init();
  27   1              DS1302TimerRead();
  28   1              DS18B20Init();
  29   1              ReadTempData();
  30   1              PCF8951Init();
  31   1              ReadAIN1();
  32   1              
  33   1              
  34   1              while(1)
  35   1              {
  36   2                      KeyDriver();
  37   2                      SmgShowDriver();
  38   2                      ReadData();
  39   2                      TimeParmCmp();
  40   2              }
  41   1      }
  42          
  43          void Timer0Interrupt() interrupt 1
  44          {
  45   1              static unsigned int cnt = 0;
  46   1              
  47   1              cnt++;
  48   1              if((cnt%100) == 0)
  49   1              {
  50   2                      flag100ms = 1;
  51   2              }
  52   1              else if((cnt%230) == 0)
  53   1              {
  54   2                      flag200ms = 1;
C51 COMPILER V9.60.0.0   MAIN                                                              03/09/2023 20:52:45 PAGE 2   

  55   2              }
  56   1              if(cnt>=750)
  57   1              {
  58   2                      cnt = 0;
  59   2                      flag750ms = 1;
  60   2              }
  61   1              
  62   1              SmgDisplay();
  63   1              LedDisplay();
  64   1              KeyScan();
  65   1      
  66   1      }
  67          
  68          void ReadData()
  69          {
  70   1              if(flag750ms == 1)
  71   1              {
  72   2                      flag750ms = 0;
  73   2                      ReadTempData();
  74   2                      DS18B20Init();
  75   2              }
  76   1              if(flag200ms == 1)
  77   1              {
  78   2                      DS1302TimerRead();
  79   2                      TimeParmCmp();
  80   2                      flag200ms = 0;
  81   2              }
  82   1              if(flag100ms == 1)
  83   1              {
  84   2                      RD1_Buff = ReadAIN1()*(4.9/255);
  85   2                      RD1_Vin = RD1_Buff * 100;
  86   2                      if(RD1_Vin < 100)
  87   2                      {
  88   3                              Light_Dark = 1;
  89   3                      }
  90   2                      else
  91   2                      {
  92   3                              Light_Dark = 0;
  93   3                      }
  94   2                      
  95   2                      if(Light_Dark == 1)
  96   2                      {
  97   3                              if(flag3S < 30)
  98   3                              {
  99   4                                      flag3S++;
 100   4                              }
 101   3                      }
 102   2                      else
 103   2                      {
 104   3                              flag3S = 0;
 105   3                      }
 106   2                      
 107   2                      flag100ms = 0;
 108   2              }
 109   1              
 110   1      }
 111          
 112          
 113          void TimeParmCmp()
 114          {
 115   1              unsigned char hour;
 116   1              
C51 COMPILER V9.60.0.0   MAIN                                                              03/09/2023 20:52:45 PAGE 3   

 117   1              hour = TimerData[2]>>4;
 118   1              hour = hour*10;
 119   1              hour += TimerData[2]&0x0F;
 120   1              
 121   1              if(Timer_Parm < 8)
 122   1              {
 123   2                      if((hour >= Timer_Parm) && (hour < 8))
 124   2                      {
 125   3                              flagLed1 = 1;
 126   3                      }
 127   2                      else
 128   2                      {
 129   3                              flagLed1 = 0;
 130   3                      }
 131   2              }
 132   1              else
 133   1              {
 134   2                      if((hour >= Timer_Parm) || (hour < 8))
 135   2                      {
 136   3                              flagLed1 = 1;
 137   3                      }
 138   2                      else
 139   2                      {
 140   3                              flagLed1 = 0;
 141   3                      }
 142   2              }
 143   1              
 144   1              
 145   1      }
 146          
 147          
 148          
 149          
 150          
 151          
 152          


MODULE INFORMATION:   STATIC OVERLAYABLE
   CODE SIZE        =    354    ----
   CONSTANT SIZE    =   ----    ----
   XDATA SIZE       =   ----    ----
   PDATA SIZE       =   ----    ----
   DATA SIZE        =      9    ----
   IDATA SIZE       =   ----    ----
   BIT SIZE         =      5    ----
END OF MODULE INFORMATION.


C51 COMPILATION COMPLETE.  0 WARNING(S),  0 ERROR(S)
