C51 COMPILER V9.60.0.0   INIT                                                              03/29/2023 22:06:11 PAGE 1   


C51 COMPILER V9.60.0.0, COMPILATION OF MODULE INIT
OBJECT MODULE PLACED IN .\Objects\init.obj
COMPILER INVOKED BY: E:\keil5\keil5\C51\BIN\C51.EXE ..\Config\init.c OPTIMIZE(9,SPEED) BROWSE INCDIR(..\User;..\System;.
                    -.\Driver;..\Config) DEBUG OBJECTEXTEND PRINT(.\Listings\init.lst) OBJECT(.\Objects\init.obj)

line level    source

   1          
   2          #include "init.h"
   3          
   4          
   5          
   6          
   7          
   8          
   9          
  10          
  11          
  12          bit PwmOutput(unsigned int pwm)
  13          {
  14   1              static unsigned int Pwm_Side;
  15   1              unsigned int Pwm_Buf;
  16   1              
  17   1              Pwm_Buf = 1000 - pwm;
  18   1              
  19   1              if(Pwm_Side < pwm)
  20   1              {
  21   2                      Pwm_Side += Pwm_Buf;
  22   2                      return 1; 
  23   2              }
  24   1              else
  25   1              {
  26   2                      Pwm_Side -= pwm;
  27   2                      return 0;
  28   2              }       
  29   1      }
  30          
  31          
  32          
  33          
  34          void Timer0Init()               //1毫秒@12.000MHz
  35          {
  36   1              AUXR |= 0x80;           //定时器时钟1T模式
  37   1              TMOD &= 0xF0;           //设置定时器模式
  38   1              TL0 = 0x20;             //设置定时初始值
  39   1              TH0 = 0xD1;             //设置定时初始值
  40   1              TF0 = 0;                //清除TF0标志
  41   1              TR0 = 1;                //定时器0开始计时
  42   1              
  43   1              ET0 = 1;
  44   1              EA = 1;
  45   1      }
  46          
  47          
  48          void Timer1Init()               //500微秒@12.000MHz
  49          {
  50   1              AUXR |= 0x40;           //定时器时钟1T模式
  51   1              TMOD &= 0x0F;           //设置定时器模式
  52   1              TL1 = 0x90;             //设置定时初始值
  53   1              TH1 = 0xE8;             //设置定时初始值
  54   1              TF1 = 0;                //清除TF1标志
C51 COMPILER V9.60.0.0   INIT                                                              03/29/2023 22:06:11 PAGE 2   

  55   1              TR1 = 1;                //定时器1开始计时
  56   1              
  57   1              ET1 = 1;
  58   1              EA = 1;
  59   1      }
  60          
  61          
  62          void LedBuzzInit()
  63          {
  64   1              P0 = 0xFF;
  65   1              HC138Set(4);
  66   1              HC138Set(0);
  67   1              
  68   1              BUZZ = 0;
  69   1              RELAY = 0;
  70   1              HC138Set(5);
  71   1              HC138Set(0);    
  72   1      }
  73          
  74          
  75          void HC138Set(unsigned char Y)
  76          {
  77   1              P2 &= 0x1F;
  78   1              P2 |= (Y & 0x07) << 5;  
  79   1      }
  80          
  81          
  82          
  83          
  84          
  85          
  86          
  87          
  88          
  89          
  90          
  91          
  92          
  93          
  94          
  95          
  96          
  97          


MODULE INFORMATION:   STATIC OVERLAYABLE
   CODE SIZE        =    125    ----
   CONSTANT SIZE    =   ----    ----
   XDATA SIZE       =   ----    ----
   PDATA SIZE       =   ----    ----
   DATA SIZE        =      2    ----
   IDATA SIZE       =   ----    ----
   BIT SIZE         =   ----    ----
END OF MODULE INFORMATION.


C51 COMPILATION COMPLETE.  0 WARNING(S),  0 ERROR(S)
