C51 COMPILER V9.60.0.0   LED                                                               03/29/2023 22:06:11 PAGE 1   


C51 COMPILER V9.60.0.0, COMPILATION OF MODULE LED
OBJECT MODULE PLACED IN .\Objects\led.obj
COMPILER INVOKED BY: E:\keil5\keil5\C51\BIN\C51.EXE ..\Driver\led.c OPTIMIZE(9,SPEED) BROWSE INCDIR(..\User;..\System;..
                    -\Driver;..\Config) DEBUG OBJECTEXTEND PRINT(.\Listings\led.lst) OBJECT(.\Objects\led.obj)

line level    source

   1          
   2          #include "led.h"
   3          
   4          
   5          code unsigned char Led_Number[] =
   6          {
   7                  0xc0, //0
   8                  0xf9, //1
   9                  0xa4, //2
  10                  0xb0, //3
  11                  0x99, //4
  12                  0x92, //5
  13                  0x82, //6
  14                  0xf8, //7
  15                  0x80, //8
  16                  0x90, //9
  17                  0xFF
  18          };
  19          
  20          unsigned char Led_Buff[8] = {0xFF,0XFF,0xFF,0XFF,0xFF,0XFF,0xFF,0XFF};
  21          
  22          
  23          
  24          
  25          unsigned char TimeLast = 50;
  26          
  27          
  28          
  29          
  30          
  31          void LedDisplay()
  32          {
  33   1              P0 = 0xFF;
  34   1              
  35   1              if((Stop == 0)||(TimeLast != 0))
  36   1              {
  37   2                      if(Mode == 1)
  38   2                      {
  39   3                              LED1 = 0;
  40   3                      }
  41   2                      else if(Mode == 2)
  42   2                      {
  43   3                              LED2 = 0;
  44   3                      }
  45   2                      else if(Mode == 3)
  46   2                      {
  47   3                              LED3 = 0;
  48   3                      }
  49   2                      else
  50   2                      {
  51   3                              if(Mode_Buf == 1)
  52   3                              {
  53   4                                      LED1 = 0;
  54   4                              }
C51 COMPILER V9.60.0.0   LED                                                               03/29/2023 22:06:11 PAGE 2   

  55   3                              else if(Mode_Buf == 2)
  56   3                              {
  57   4                                      LED2 = 0;
  58   4                              }
  59   3                              else if(Mode_Buf == 3)
  60   3                              {
  61   4                                      LED3 = 0;
  62   4                              }                       
  63   3                      }
  64   2              }
  65   1              
  66   1              HC138Set(4);
  67   1              HC138Set(0);
  68   1              
  69   1      }
  70          
  71          
  72          void SmgShowPwmMode(unsigned char mod)
  73          {
  74   1              Led_Buff[0] = 0xBF;
  75   1              Led_Buff[1] = Led_Number[mod];
  76   1              Led_Buff[2] = 0xBF;
  77   1              
  78   1              Led_Buff[3] = Led_Number[10];
  79   1              
  80   1              if(mod == 4)
  81   1              {
  82   2                      Led_Buff[4] = Led_Number[10];
  83   2                      Led_Buff[5] = Led_Number[(Temp/10)%10];
  84   2                      Led_Buff[6] = Led_Number[Temp%10];
  85   2                      Led_Buff[7] = 0xC6;                     
  86   2              }
  87   1              else
  88   1              {
  89   2                      Led_Buff[4] = Led_Number[(TimeLast/1000)%10];
  90   2                      Led_Buff[5] = Led_Number[(TimeLast/100)%10];
  91   2                      Led_Buff[6] = Led_Number[(TimeLast/10)%10];
  92   2                      Led_Buff[7] = Led_Number[TimeLast%10];  
  93   2              }
  94   1      }
  95          
  96          
  97          void SmgDisplay()
  98          {
  99   1              static unsigned char i = 0;
 100   1              
 101   1              P0 = 0x00;
 102   1              HC138Set(6);
 103   1              P0 = 0x01<<i;
 104   1              HC138Set(0);
 105   1              
 106   1              P0 = 0xFF;
 107   1              HC138Set(7);
 108   1              P0 = Led_Buff[i];
 109   1              HC138Set(0);
 110   1              
 111   1              i++;
 112   1              i&=0x07;
 113   1      }
 114          
 115          
 116          
C51 COMPILER V9.60.0.0   LED                                                               03/29/2023 22:06:11 PAGE 3   

 117          
 118          
 119          
 120          
 121          
 122          
 123          
 124          
 125          


MODULE INFORMATION:   STATIC OVERLAYABLE
   CODE SIZE        =    267    ----
   CONSTANT SIZE    =     11    ----
   XDATA SIZE       =   ----    ----
   PDATA SIZE       =   ----    ----
   DATA SIZE        =     10    ----
   IDATA SIZE       =   ----    ----
   BIT SIZE         =   ----    ----
END OF MODULE INFORMATION.


C51 COMPILATION COMPLETE.  0 WARNING(S),  0 ERROR(S)
