C51 COMPILER V9.60.0.0   MAIN                                                              03/29/2023 22:06:11 PAGE 1   


C51 COMPILER V9.60.0.0, COMPILATION OF MODULE MAIN
OBJECT MODULE PLACED IN .\Objects\main.obj
COMPILER INVOKED BY: E:\keil5\keil5\C51\BIN\C51.EXE main.c OPTIMIZE(9,SPEED) BROWSE INCDIR(..\User;..\System;..\Driver;.
                    -.\Config) DEBUG OBJECTEXTEND PRINT(.\Listings\main.lst) OBJECT(.\Objects\main.obj)

line level    source

   1          #include <config.h>
   2          
   3          
   4          
   5          
   6          
   7          unsigned char pdata Mode = 1;
   8          
   9          unsigned char Temp = 0;
  10          
  11          
  12          bit flag_750ms = 0;
  13          bit flag_1s = 0;
  14          
  15          void PwmOutP34();
  16          void ReadData();
  17          
  18          void main()
  19          {
  20   1              
  21   1              LedBuzzInit();
  22   1              Timer0Init();
  23   1              Timer1Init();
  24   1              Ds18b20ReadInit();
  25   1              ReadDs18b20Temp();
  26   1              
  27   1              while(1)
  28   1              {
  29   2                      SmgShowPwmMode(Mode);
  30   2                      KeyDriver();
  31   2                      ReadData();
  32   2              }
  33   1      }
  34          
  35          void Timer0Int() interrupt 1
  36          {
  37   1              static unsigned int cnt = 0;
  38   1              static unsigned char cnt_Time = 0;
  39   1              
  40   1              cnt++;
  41   1              if((cnt%100) == 0)
  42   1              {
  43   2                      cnt_Time++;
  44   2                      if(cnt_Time>=10)
  45   2                      {
  46   3                              cnt_Time = 0;
  47   3                              flag_1s = 1;
  48   3                      }
  49   2              }
  50   1              if(cnt >= 750)
  51   1              {
  52   2                      cnt = 0;
  53   2                      flag_750ms = 1;
  54   2              }
C51 COMPILER V9.60.0.0   MAIN                                                              03/29/2023 22:06:11 PAGE 2   

  55   1      
  56   1      
  57   1              
  58   1              LedDisplay();
  59   1              SmgDisplay();
  60   1              KeyScan();
  61   1      
  62   1      }
  63          
  64          void Timer1Int() interrupt 3
  65          {
  66   1              PwmOutP34();
  67   1      
  68   1      }
  69          
  70          
  71          void ReadData()
  72          {
  73   1              if(flag_750ms == 1)
  74   1              {
  75   2                      flag_750ms = 0;
  76   2                      Temp = ReadDs18b20Temp();
  77   2                      Ds18b20ReadInit();
  78   2              }
  79   1              if(flag_1s == 1)
  80   1              {
  81   2                      flag_1s = 0;
  82   2                      if(Stop == 0)
  83   2                      {
  84   3                              if(TimeLast > 0)
  85   3                              {
  86   4                                      TimeLast--;
  87   4                              }
  88   3                      }
  89   2              }
  90   1              
  91   1              if(Stop == 1)
  92   1              {
  93   2                      TimeLast = 0;
  94   2              }       
  95   1      }
  96          
  97          void PwmOutP34()
  98          {
  99   1              if(TimeLast != 0)
 100   1              {
 101   2                      if(Mode == 1)
 102   2                      {
 103   3                              PWM_OUT = PwmOutput(200);
 104   3                      }
 105   2                      else if(Mode == 2)
 106   2                      {
 107   3                              PWM_OUT = PwmOutput(300);
 108   3                      }
 109   2                      else if(Mode == 3)
 110   2                      {
 111   3                              PWM_OUT = PwmOutput(700);
 112   3                      }
 113   2                      else
 114   2                      {
 115   3                              if(Mode_Buf == 1)
 116   3                              {
C51 COMPILER V9.60.0.0   MAIN                                                              03/29/2023 22:06:11 PAGE 3   

 117   4                                      PWM_OUT = PwmOutput(200);
 118   4                              }
 119   3                              else if(Mode_Buf == 2)
 120   3                              {
 121   4                                      PWM_OUT = PwmOutput(300);
 122   4                              }
 123   3                              else if(Mode_Buf == 3)
 124   3                              {
 125   4                                      PWM_OUT = PwmOutput(700);
 126   4                              }                       
 127   3                      }
 128   2              }
 129   1              else
 130   1              {
 131   2                      PWM_OUT = 0;    
 132   2              }
 133   1      }
 134          
 135          
 136          


MODULE INFORMATION:   STATIC OVERLAYABLE
   CODE SIZE        =    333    ----
   CONSTANT SIZE    =   ----    ----
   XDATA SIZE       =   ----    ----
   PDATA SIZE       =      1    ----
   DATA SIZE        =      4    ----
   IDATA SIZE       =   ----    ----
   BIT SIZE         =      2    ----
END OF MODULE INFORMATION.


C51 COMPILATION COMPLETE.  0 WARNING(S),  0 ERROR(S)
