C51 COMPILER V9.60.0.0   ONEWIRE                                                           03/29/2023 22:06:11 PAGE 1   


C51 COMPILER V9.60.0.0, COMPILATION OF MODULE ONEWIRE
OBJECT MODULE PLACED IN .\Objects\onewire.obj
COMPILER INVOKED BY: E:\keil5\keil5\C51\BIN\C51.EXE ..\System\onewire.c OPTIMIZE(9,SPEED) BROWSE INCDIR(..\User;..\Syste
                    -m;..\Driver;..\Config) DEBUG OBJECTEXTEND PRINT(.\Listings\onewire.lst) OBJECT(.\Objects\onewire.obj)

line level    source

   1          /*      #       å•æ€»çº¿ä»£ç ç‰‡æ®µè¯´æ˜
   2                  1.      æœ¬æ–‡ä»¶å¤¹ä¸­æä¾›çš„é©±åŠ¨ä»£ç ä¾›å‚èµ›é€‰æ‰‹å®Œæˆç¨‹åºè®¾è®¡å‚è€ƒã€‚
   3                  2.      å‚èµ›é€‰æ‰‹å¯ä»¥è‡ªè¡Œç¼–å†™ç›¸å…³ä»£ç æˆ–ä»¥è¯¥ä»£ç ä¸ºåŸºç¡€ï¼Œæ ¹æ®æ‰€é€‰å•ç‰‡æœºç±»å‹ã€è¿
             -è¡Œé€Ÿåº¦å’Œè¯•é¢˜
   4                          ä¸­å¯¹å•ç‰‡æœºæ—¶é’Ÿé¢‘ç‡çš„è¦æ±‚ï¼Œè¿›è¡Œä»£ç è°ƒè¯•å’Œä¿®æ”¹ã€‚
   5          */
   6          
   7          //
   8          
   9          #include "onewire.h"
  10          
  11          sbit DQ = P1^4;
  12          
  13          
  14          
  15          
  16          void Ds18b20ReadInit()
  17          {
  18   1              init_ds18b20();
  19   1              Write_DS18B20(0xCC);
  20   1              Write_DS18B20(0x44);    
  21   1      }
  22          
  23          
  24          unsigned int ReadDs18b20Temp()
  25          {
  26   1              unsigned char LSB,MSB;
  27   1              unsigned int Temp_Buf = 0;
  28   1              
  29   1              init_ds18b20();
  30   1              Write_DS18B20(0xCC);
  31   1              Write_DS18B20(0xBE);
  32   1              
  33   1              LSB = Read_DS18B20();
  34   1              MSB = Read_DS18B20();
  35   1              
  36   1              Temp_Buf = MSB;
  37   1              Temp_Buf = (Temp_Buf << 8) | LSB;
  38   1              
  39   1              if((Temp_Buf & 0xF800) == 0x0000)
  40   1              {
  41   2                      Temp_Buf = Temp_Buf >> 4;
  42   2              }
  43   1              
  44   1              return Temp_Buf;
  45   1      }
  46          
  47          
  48          
  49          
  50          
  51          void Delay_OneWire(unsigned int t)  
  52          {
  53   1              unsigned char i;
C51 COMPILER V9.60.0.0   ONEWIRE                                                           03/29/2023 22:06:11 PAGE 2   

  54   1              while(t--){
  55   2                      for(i=0;i<12;i++);
  56   2              }
  57   1      }
  58          
  59          //
  60          void Write_DS18B20(unsigned char dat)
  61          {
  62   1              unsigned char i;
  63   1              for(i=0;i<8;i++)
  64   1              {
  65   2                      DQ = 0;
  66   2                      DQ = dat&0x01;
  67   2                      Delay_OneWire(5);
  68   2                      DQ = 1;
  69   2                      dat >>= 1;
  70   2              }
  71   1              Delay_OneWire(5);
  72   1      }
  73          
  74          //
  75          unsigned char Read_DS18B20(void)
  76          {
  77   1              unsigned char i;
  78   1              unsigned char dat;
  79   1        
  80   1              for(i=0;i<8;i++)
  81   1              {
  82   2                      DQ = 0;
  83   2                      dat >>= 1;
  84   2                      DQ = 1;
  85   2                      if(DQ)
  86   2                      {
  87   3                              dat |= 0x80;
  88   3                      }           
  89   2                      Delay_OneWire(5);
  90   2              }
  91   1              return dat;
  92   1      }
  93          
  94          //
  95          bit init_ds18b20(void)
  96          {
  97   1              bit initflag = 0;
  98   1              
  99   1              DQ = 1;
 100   1              Delay_OneWire(12);
 101   1              DQ = 0;
 102   1              Delay_OneWire(80);
 103   1              DQ = 1;
 104   1              Delay_OneWire(10); 
 105   1          initflag = DQ;     
 106   1              Delay_OneWire(5);
 107   1        
 108   1              return initflag;
 109   1      }


MODULE INFORMATION:   STATIC OVERLAYABLE
   CODE SIZE        =    205    ----
   CONSTANT SIZE    =   ----    ----
   XDATA SIZE       =   ----    ----
C51 COMPILER V9.60.0.0   ONEWIRE                                                           03/29/2023 22:06:11 PAGE 3   

   PDATA SIZE       =   ----    ----
   DATA SIZE        =   ----       1
   IDATA SIZE       =   ----    ----
   BIT SIZE         =   ----       1
END OF MODULE INFORMATION.


C51 COMPILATION COMPLETE.  0 WARNING(S),  0 ERROR(S)
