C51 COMPILER V9.60.0.0   IIC                                                               04/01/2023 20:06:26 PAGE 1   


C51 COMPILER V9.60.0.0, COMPILATION OF MODULE IIC
OBJECT MODULE PLACED IN .\Objects\iic.obj
COMPILER INVOKED BY: E:\keil5\keil5\C51\BIN\C51.EXE ..\System\iic.c OPTIMIZE(8,SPEED) BROWSE INCDIR(..\User;..\System;..
                    -\Driver;..\Conifg) DEBUG OBJECTEXTEND PRINT(.\Listings\iic.lst) OBJECT(.\Objects\iic.obj)

line level    source

   1          /*      #   I2Cä»£ç ç‰‡æ®µè¯´æ˜
   2                  1.      æœ¬æ–‡ä»¶å¤¹ä¸­æä¾›çš„é©±åŠ¨ä»£ç ä¾›å‚èµ›é€‰æ‰‹å®Œæˆç¨‹åºè®¾è®¡å‚è€ƒã€‚
   3                  2.      å‚èµ›é€‰æ‰‹å¯ä»¥è‡ªè¡Œç¼–å†™ç›¸å…³ä»£ç æˆ–ä»¥è¯¥ä»£ç ä¸ºåŸºç¡€ï¼Œæ ¹æ®æ‰€é€‰å•ç‰‡æœºç±»å‹ã€è¿
             -è¡Œé€Ÿåº¦å’Œè¯•é¢˜
   4                          ä¸­å¯¹å•ç‰‡æœºæ—¶é’Ÿé¢‘ç‡çš„è¦æ±‚ï¼Œè¿›è¡Œä»£ç è°ƒè¯•å’Œä¿®æ”¹ã€‚
   5          */
   6          
   7          
   8          #include "iic.h"
   9          
  10          #define DELAY_TIME      5
  11          
  12          
  13          sbit scl = P2^0;
  14          sbit sda = P2^1;
  15          
  16          
  17          
  18          unsigned char ADC_InputAIN1()
  19          {
  20   1          unsigned char Data_Buf = 0;
  21   1      
  22   1          I2CStart();
  23   1          I2CSendByte(0x90);
  24   1          I2CWaitAck();
  25   1          I2CSendByte(0x01);
  26   1          I2CWaitAck();   
  27   1      
  28   1          I2CStart();
  29   1          I2CSendByte(0x91);
  30   1          I2CWaitAck(); 
  31   1      
  32   1          Data_Buf = I2CReceiveByte();
  33   1          I2CStop();
  34   1      
  35   1          return Data_Buf;  
  36   1      }
  37          
  38          
  39          void OutputDAC(unsigned char dat)
  40          {
  41   1          I2CStart();
  42   1          I2CSendByte(0x90);    
  43   1          I2CWaitAck();
  44   1          I2CSendByte(0x40);
  45   1          I2CWaitAck(); 
  46   1          I2CSendByte(dat);
  47   1          I2CWaitAck(); 
  48   1          I2CStop();    
  49   1      }
  50          
  51          
  52          
  53          
C51 COMPILER V9.60.0.0   IIC                                                               04/01/2023 20:06:26 PAGE 2   

  54          //
  55          static void I2C_Delay(unsigned char n)
  56          {
  57   1          do
  58   1          {
  59   2              _nop_();_nop_();_nop_();_nop_();_nop_();
  60   2              _nop_();_nop_();_nop_();_nop_();_nop_();
  61   2              _nop_();_nop_();_nop_();_nop_();_nop_();                
  62   2          }
  63   1          while(n--);         
  64   1      }
  65          
  66          //
  67          void I2CStart(void)
  68          {
  69   1          sda = 1;
  70   1          scl = 1;
  71   1              I2C_Delay(DELAY_TIME);
  72   1          sda = 0;
  73   1              I2C_Delay(DELAY_TIME);
  74   1          scl = 0;    
  75   1      }
  76          
  77          //
  78          void I2CStop(void)
  79          {
  80   1          sda = 0;
  81   1          scl = 1;
  82   1              I2C_Delay(DELAY_TIME);
  83   1          sda = 1;
  84   1              I2C_Delay(DELAY_TIME);
  85   1      }
  86          
  87          //
  88          void I2CSendByte(unsigned char byt)
  89          {
  90   1          unsigned char i;
  91   1              
  92   1          for(i=0; i<8; i++){
  93   2              scl = 0;
  94   2                      I2C_Delay(DELAY_TIME);
  95   2              if(byt & 0x80){
  96   3                  sda = 1;
  97   3              }
  98   2              else{
  99   3                  sda = 0;
 100   3              }
 101   2                      I2C_Delay(DELAY_TIME);
 102   2              scl = 1;
 103   2              byt <<= 1;
 104   2                      I2C_Delay(DELAY_TIME);
 105   2          }
 106   1              
 107   1          scl = 0;  
 108   1      }
 109          
 110          //
 111          unsigned char I2CReceiveByte(void)
 112          {
 113   1              unsigned char da;
 114   1              unsigned char i;
 115   1              for(i=0;i<8;i++){   
C51 COMPILER V9.60.0.0   IIC                                                               04/01/2023 20:06:26 PAGE 3   

 116   2                      scl = 1;
 117   2                      I2C_Delay(DELAY_TIME);
 118   2                      da <<= 1;
 119   2                      if(sda) 
 120   2                              da |= 0x01;
 121   2                      scl = 0;
 122   2                      I2C_Delay(DELAY_TIME);
 123   2              }
 124   1              return da;    
 125   1      }
 126          
 127          //
 128          unsigned char I2CWaitAck(void)
 129          {
 130   1              unsigned char ackbit;
 131   1              
 132   1          scl = 1;
 133   1              I2C_Delay(DELAY_TIME);
 134   1          ackbit = sda; 
 135   1          scl = 0;
 136   1              I2C_Delay(DELAY_TIME);
 137   1              
 138   1              return ackbit;
 139   1      }
 140          
 141          //
 142          //void I2CSendAck(unsigned char ackbit)
 143          //{
 144          //    scl = 0;
 145          //    sda = ackbit; 
 146          //      I2C_Delay(DELAY_TIME);
 147          //    scl = 1;
 148          //      I2C_Delay(DELAY_TIME);
 149          //    scl = 0; 
 150          //      sda = 1;
 151          //      I2C_Delay(DELAY_TIME);
 152          //}
 153          


MODULE INFORMATION:   STATIC OVERLAYABLE
   CODE SIZE        =    238    ----
   CONSTANT SIZE    =   ----    ----
   XDATA SIZE       =   ----    ----
   PDATA SIZE       =   ----    ----
   DATA SIZE        =   ----       2
   IDATA SIZE       =   ----    ----
   BIT SIZE         =   ----    ----
END OF MODULE INFORMATION.


C51 COMPILATION COMPLETE.  0 WARNING(S),  0 ERROR(S)
