C51 COMPILER V9.60.0.0   INIT                                                              04/01/2023 20:06:26 PAGE 1   


C51 COMPILER V9.60.0.0, COMPILATION OF MODULE INIT
OBJECT MODULE PLACED IN .\Objects\init.obj
COMPILER INVOKED BY: E:\keil5\keil5\C51\BIN\C51.EXE ..\Conifg\init.c OPTIMIZE(8,SPEED) BROWSE INCDIR(..\User;..\System;.
                    -.\Driver;..\Conifg) DEBUG OBJECTEXTEND PRINT(.\Listings\init.lst) OBJECT(.\Objects\init.obj)

line level    source

   1          #include "init.h"
   2          
   3          
   4          
   5          
   6          
   7          
   8          
   9          
  10          
  11          
  12          
  13          
  14          
  15          
  16          void Timer0Init()               //1毫秒@12.000MHz
  17          {
  18   1              AUXR |= 0x80;           //定时器时钟1T模式
  19   1              TMOD &= 0xF0;           //设置定时器模式
  20   1              TL0 = 0x20;             //设置定时初始值
  21   1              TH0 = 0xD1;             //设置定时初始值
  22   1              TF0 = 0;                //清除TF0标志
  23   1              TR0 = 1;                //定时器0开始计时
  24   1      
  25   1          ET0 = 1;
  26   1          EA = 1;
  27   1      }
  28          
  29          
  30          
  31          
  32          void HC138Set(unsigned char Y)
  33          {
  34   1          P2 &= 0x1F;
  35   1          P2 |= (Y & 0x07) << 5;
  36   1      }
  37          
  38          
  39          void LedBuzzInit()
  40          {
  41   1          P0 = 0xFF;
  42   1          HC138Set(4);
  43   1          HC138Set(0);
  44   1      
  45   1          P0 = 0x00;
  46   1          HC138Set(5);
  47   1          HC138Set(0);
  48   1      }
  49          
  50          
  51          
  52          
  53          
  54          
C51 COMPILER V9.60.0.0   INIT                                                              04/01/2023 20:06:26 PAGE 2   

  55          
  56          
  57          
  58          
  59          
  60          
  61          
  62          


MODULE INFORMATION:   STATIC OVERLAYABLE
   CODE SIZE        =     60    ----
   CONSTANT SIZE    =   ----    ----
   XDATA SIZE       =   ----    ----
   PDATA SIZE       =   ----    ----
   DATA SIZE        =   ----    ----
   IDATA SIZE       =   ----    ----
   BIT SIZE         =   ----    ----
END OF MODULE INFORMATION.


C51 COMPILATION COMPLETE.  0 WARNING(S),  0 ERROR(S)
