C51 COMPILER V9.60.0.0   SONIC                                                             04/01/2023 20:06:26 PAGE 1   


C51 COMPILER V9.60.0.0, COMPILATION OF MODULE SONIC
OBJECT MODULE PLACED IN .\Objects\Sonic.obj
COMPILER INVOKED BY: E:\keil5\keil5\C51\BIN\C51.EXE ..\Driver\Sonic.c OPTIMIZE(8,SPEED) BROWSE INCDIR(..\User;..\System;
                    -..\Driver;..\Conifg) DEBUG OBJECTEXTEND PRINT(.\Listings\Sonic.lst) OBJECT(.\Objects\Sonic.obj)

line level    source

   1          
   2          
   3          #include "Sonic.h"
   4          
   5          
   6          sbit TX = P1^0;
   7          sbit RX = P1^1;
   8          
   9          
  10          bit Sonic_Too_Far = 0;
  11          
  12          
  13          void Delay14us()                //@12.000MHz
  14          {
  15   1              unsigned char i;
  16   1      
  17   1              _nop_();
  18   1              _nop_();
  19   1              i = 39;
  20   1              while (--i);
  21   1      }
  22          
  23          
  24          
  25          
  26          
  27          void SendWave()
  28          {
  29   1          unsigned char i = 0;
  30   1      
  31   1          for(i=0;i<8;i++)
  32   1          {
  33   2              TX = 1;
  34   2              Delay14us();
  35   2              TX = 0;
  36   2              Delay14us();
  37   2          }
  38   1      }
  39          
  40          
  41          unsigned int SonicDataRead()
  42          {
  43   1          unsigned int Sonic_Time_Data = 0;
  44   1          float Sonic_Dir_Data = 0; 
  45   1          unsigned int len = 0;
  46   1      
  47   1          TH1 = 0x00;
  48   1          TL1 = 0x00;
  49   1      
  50   1          SendWave();
  51   1          TR1 = 1;
  52   1          while((TF1 == 0)&&(RX == 1));
  53   1          TR1 = 0;
  54   1      
C51 COMPILER V9.60.0.0   SONIC                                                             04/01/2023 20:06:26 PAGE 2   

  55   1          if(TF1 == 1)
  56   1          {
  57   2              TF1 = 0;
  58   2              Sonic_Too_Far = 1;
  59   2          }
  60   1          else
  61   1          {
  62   2              Sonic_Too_Far = 0;
  63   2              Sonic_Time_Data = TH1;
  64   2              Sonic_Time_Data = (Sonic_Time_Data<<8)|TL1;
  65   2              Sonic_Dir_Data = Sonic_Time_Data;
  66   2              Sonic_Dir_Data = Sonic_Dir_Data*0.017;
  67   2              len = Sonic_Dir_Data;
  68   2          }
  69   1          return len;
  70   1      }
  71          
  72          
  73          
  74          
  75          
  76          
  77          
  78          
  79          
  80          
  81          
  82          
  83          
  84          
  85          
  86          
  87          
  88          
  89          
  90          
  91          
  92          
  93          
  94          
  95          
  96          
  97          
  98          
  99          
 100          


MODULE INFORMATION:   STATIC OVERLAYABLE
   CODE SIZE        =    132    ----
   CONSTANT SIZE    =   ----    ----
   XDATA SIZE       =   ----    ----
   PDATA SIZE       =   ----    ----
   DATA SIZE        =   ----       4
   IDATA SIZE       =   ----    ----
   BIT SIZE         =      1    ----
END OF MODULE INFORMATION.


C51 COMPILATION COMPLETE.  0 WARNING(S),  0 ERROR(S)
