C51 COMPILER V9.56.0.0   STC_INT                                                           12/31/2021 16:34:32 PAGE 1   


C51 COMPILER V9.56.0.0, COMPILATION OF MODULE STC_INT
OBJECT MODULE PLACED IN .\Objects\stc_int.obj
COMPILER INVOKED BY: E:\keil5\keil5\C51\BIN\C51.EXE ..\System\stc_int.c COMPACT ROM(COMPACT) OPTIMIZE(8,SPEED) BROWSE IN
                    -CDIR(..\Include;..\Driver;..\System) DEBUG OBJECTEXTEND PRINT(.\Listings\stc_int.lst) TABS(2) OBJECT(.\Objects\stc_int.o
                    -bj)

line level    source

   1          
   2          #include <config.h>
   3          
   4          #include <stc_int.h>
   5          
   6          
   7            extern  unsigned long sec;
   8            extern unsigned char flag1s;
   9          
  10          
  11          
  12          
  13          void Led_Display_init()    //数码管初始化
  14          {
  15   1        ADDR3 = 1;
  16   1        ENLED = 0;
  17   1      
  18   1      }
  19          
  20          
  21          void interrupt_init()      //定时器T0中断初始化         
  22          {
  23   1        EA = 1;
  24   1        ET0 =1;
  25   1      
  26   1      }
  27          
  28          
  29          
  30          void ConfigTimer0(unsigned int ms)    //定时器初始化
  31          {
  32   1        extern unsigned char T0RH;
  33   1        extern unsigned char T0RL;
  34   1        unsigned long tmp;
  35   1      
  36   1        tmp = 11059200 / 12;
  37   1        tmp = (tmp * ms) / 1000;
  38   1        tmp = 65536 - tmp;
  39   1        tmp = tmp + 18;
  40   1        T0RH = (unsigned char)(tmp >> 8);
  41   1        T0RL = (unsigned char)tmp;
  42   1        TMOD &= 0x00;
  43   1        TMOD |= 0x11;
  44   1        TH0 = T0RH;
  45   1        TL0 = T0RL;
  46   1        ET0 = 1;
  47   1        
  48   1        TR0 = 1;
  49   1        
  50   1      }
  51          
  52          
  53          
C51 COMPILER V9.56.0.0   STC_INT                                                           12/31/2021 16:34:32 PAGE 2   

  54          
  55          
  56          
  57          
  58          
  59          
  60          
  61          
  62          


MODULE INFORMATION:   STATIC OVERLAYABLE
   CODE SIZE        =    176    ----
   CONSTANT SIZE    =   ----    ----
   XDATA SIZE       =   ----    ----
   PDATA SIZE       =   ----       4
   DATA SIZE        =   ----    ----
   IDATA SIZE       =   ----    ----
   BIT SIZE         =   ----    ----
END OF MODULE INFORMATION.


C51 COMPILATION COMPLETE.  0 WARNING(S),  0 ERROR(S)
