C51 COMPILER V9.56.0.0   STC_28BYJ48                                                       12/31/2021 16:16:41 PAGE 1   


C51 COMPILER V9.56.0.0, COMPILATION OF MODULE STC_28BYJ48
OBJECT MODULE PLACED IN .\Objects\stc_28BYJ48.obj
COMPILER INVOKED BY: E:\keil5\keil5\C51\BIN\C51.EXE ..\Driver\stc_28BYJ48.c COMPACT ROM(COMPACT) OPTIMIZE(8,SPEED) BROWS
                    -E INCDIR(..\Include;..\Driver;..\System) DEBUG OBJECTEXTEND PRINT(.\Listings\stc_28BYJ48.lst) TABS(2) OBJECT(.\Objects\s
                    -tc_28BYJ48.obj)

line level    source

   1          
   2          //#include <stc_28BYJ48.h>
   3          
   4          
   5          
   6          
   7          
   8          //unsigned char code BeatCode[8] = {
   9          //  0xE,0xC,0xD,0x9,0xB,0x3,0x7,0x6
  10          //};
  11          
  12          
  13          
  14          //void BYJ_tmp()
  15          //{
  16          //  static unsigned char tmp;
  17          //  unsigned char index;
  18          //  
  19          //  tmp = P1;
  20          //  tmp = tmp & 0xF0;
  21          //  tmp = tmp | BeatCode[index];
  22          //  P1 = tmp;
  23          //  index++;
  24          //  index = index & 0x07;
  25          //}
  26          
  27          
  28          
  29          
  30          
  31          
  32          
  33          
  34          
  35          
  36          
  37          
  38          
  39          
  40          
  41          
  42          
  43          


MODULE INFORMATION:   STATIC OVERLAYABLE
   CODE SIZE        =   ----    ----
   CONSTANT SIZE    =   ----    ----
   XDATA SIZE       =   ----    ----
   PDATA SIZE       =   ----    ----
   DATA SIZE        =   ----    ----
   IDATA SIZE       =   ----    ----
   BIT SIZE         =   ----    ----
C51 COMPILER V9.56.0.0   STC_28BYJ48                                                       12/31/2021 16:16:41 PAGE 2   

END OF MODULE INFORMATION.


C51 COMPILATION COMPLETE.  0 WARNING(S),  0 ERROR(S)
