C51 COMPILER V9.56.0.0   STC_LED                                                           12/31/2021 16:43:55 PAGE 1   


C51 COMPILER V9.56.0.0, COMPILATION OF MODULE STC_LED
OBJECT MODULE PLACED IN .\Objects\stc_Led.obj
COMPILER INVOKED BY: E:\keil5\keil5\C51\BIN\C51.EXE ..\Driver\stc_Led.c COMPACT ROM(COMPACT) OPTIMIZE(8,SPEED) BROWSE IN
                    -CDIR(..\Include;..\Driver;..\System) DEBUG OBJECTEXTEND PRINT(.\Listings\stc_Led.lst) TABS(2) OBJECT(.\Objects\stc_Led.o
                    -bj)

line level    source

   1          
   2          
   3          #include <stc_Led.h>
   4          #include <stc_delay.h>
   5          
   6          
   7          
   8          
   9          unsigned char LedBuff[] = {                                  //数码管显示缓冲
  10            0xFF,0xFF,0xFF,0xFF,0xFF,0xFF
  11          };
  12          
  13          unsigned char code Led_Mod[] = {
  14            0xFE,0xFD
  15          };
  16          
  17          unsigned char code LedChar[] = {
  18              0xC0, 0xF9, 0xA4, 0xB0, 0x99, 0x92, 0x82, 0xF8,          //数码管显示真值表数组
  19              0x80, 0x90, 0x88, 0x83, 0xC6, 0xA1, 0x86, 0x8E
  20          };
  21          
  22          unsigned char code LedChar_Flowing[] = {                     //流水灯数组
  23            0XFE,0XFD,0XFB,0XF7,0XEF,0XDF,0XBF,0X7F,
  24            0XBF,0XDF,0XEF,0XF7,0XFB,0XFD
  25          };
  26          
  27          
  28          
  29          unsigned char code number8[14][8]= {
  30            {0xC7,0xBB,0x7D,0x5D,0x6D,0x75,0xBB,0xC7}, //0
  31            {0xF7,0xF3,0xF7,0xF7,0xF7,0xF7,0xF7,0xE3}, //1
  32            {0xE3,0xDD,0xDD,0xEF,0xF7,0xFB,0xFD,0xC2}, //2
  33            {0xC7,0xBB,0xBF,0xCF,0xBF,0xBB,0xC7,0xFF}, //3
  34            {0xFF,0xDF,0xCF,0xD7,0xDB,0x83,0xDF,0xDF}, //4
  35            {0x83,0xFB,0xC3,0xBF,0xBF,0xBB,0xC7,0xFF}, //5
  36            {0xC7,0xBB,0xFB,0xC3,0xBB,0xBB,0xC7,0xFF}, //6
  37            {0x83,0xBF,0xDF,0xEF,0xEF,0xEF,0xEF,0xFF}, //7
  38            {0xE3,0xDD,0xDD,0xE3,0xDD,0xDD,0xE3,0xFF}, //8
  39            {0xE3,0xDD,0xDD,0xC3,0xDF,0xDD,0xE3,0xFF}, //9
  40            {0xF7,0xEB,0xD5,0xB6,0xF7,0xF7,0xF7,0xF7}, //上箭头
  41            {0xEF,0xEF,0xEF,0xEF,0x6D,0xAB,0xD7,0xEF}, //下箭头
  42            {0xFF,0xBD,0xDB,0xE7,0xE7,0xDB,0xBD,0xFF}, //乘号
  43            {0xFF,0xEF,0xFF,0x81,0xFF,0xF7,0xFF,0xFF}  //除号
  44            
  45          };
  46          
  47          
  48          
  49          
  50            extern unsigned char DecimalPart;
  51            extern unsigned char IntegerPart;
  52            extern unsigned char minute;
  53          
C51 COMPILER V9.56.0.0   STC_LED                                                           12/31/2021 16:43:55 PAGE 2   

  54            extern unsigned char dztBuff[];
  55            extern unsigned char smgBuff[];
  56            extern bit SnakeGame;
  57          
  58            unsigned char LedBuff_01;
  59          
  60          
  61            unsigned char number_showlat;
  62          
  63          
  64          
  65          
  66          
  67          
  68          
  69          
  70          void Led_Display()                            //数码管动态扫描函数
  71          {
  72   1        extern unsigned char Key_Mod;
  73   1        static unsigned char i = 0;
  74   1        
  75   1          P0 = 0xFF;
  76   1          ADDR3 =1;
  77   1          P1 = (P1 & 0xF8) | i;
  78   1          if(i <= 5)
  79   1          {
  80   2            if(SnakeGame == 0)
  81   2            {
  82   3              P0 = 0xFF;
  83   3              P0 = LedBuff[i];
  84   3            }
  85   2            else
  86   2            {
  87   3              P0 = 0xFF;
  88   3              P0 = smgBuff[i];
  89   3            }
  90   2          }
  91   1          if(i == 6)
  92   1          {
  93   2            if(SnakeGame == 0)
  94   2            {
  95   3              P0 = 0xFF;
  96   3              P0 = Led_Mod[Key_Mod];
  97   3            }
  98   2            else
  99   2            {
 100   3              P0 = 0xFF;
 101   3              P0 = LedBuff_01;
 102   3            }
 103   2          }
 104   1          if(i <= 5)
 105   1          {
 106   2            i++;
 107   2          }
 108   1          else
 109   1          {
 110   2            i = 0;
 111   2          }
 112   1          
 113   1      }
 114          
 115          void Led_Lattice()                 //LED点阵动态扫描
C51 COMPILER V9.56.0.0   STC_LED                                                           12/31/2021 16:43:55 PAGE 3   

 116          {
 117   1        static unsigned char i = 0;
 118   1      
 119   1        P0 = 0xFF;
 120   1        ADDR3 = 0;
 121   1        P1 = (P1 & 0xF8) | i;
 122   1        if(SnakeGame == 0)
 123   1        {
 124   2          P0 = 0xFF;
 125   2          P0 = number8[number_showlat][i];
 126   2        }
 127   1        else
 128   1        {
 129   2          P0 = 0xFF;
 130   2          P0 = ~dztBuff[i];
 131   2        }
 132   1        
 133   1        if(i <= 6)
 134   1        {
 135   2          i++;
 136   2        }
 137   1        else
 138   1        {
 139   2          i = 0;
 140   2        }
 141   1      
 142   1      
 143   1      }
 144            
 145          
 146          
 147          
 148          
 149          void Led_Mode()       //模式灯切换函数
 150          {
 151   1          P0 = 0xFF;
 152   1          ADDR3 = 1;
 153   1          P1 = (P1 & 0xF8) | 6;
 154   1          P0 = Led_Mod[Key_Mod];  
 155   1      
 156   1      }
 157          
 158          
 159          
 160            
 161          
 162          void Led_Display_show_0()
 163          {
 164   1        LedBuff[0] = LedChar[0];
 165   1      }
 166          
 167          
 168          
 169          void ShowNumber(long num)  //long将double强制转换为整形并保留小数点后一位
 170          {
*** WARNING C235 IN LINE 170 OF ..\Driver\stc_Led.c: parameter 1: different types
 171   1        char i;
 172   1        char buf[6];
 173   1        long a;
 174   1        if(num >= 0)
 175   1        {
 176   2          a = num;
C51 COMPILER V9.56.0.0   STC_LED                                                           12/31/2021 16:43:55 PAGE 4   

 177   2        }
 178   1        else
 179   1        {
 180   2          a = -num;
 181   2        }
 182   1        
 183   1        for(i=0;i<6;i++)
 184   1        {
 185   2          buf[i] = a%10;
 186   2          a = a/10;
 187   2        }
 188   1        for(i=5;i>=1;i--)
 189   1        {
 190   2          if(buf[i] == 0)
 191   2            LedBuff[i] = 0xFF;
 192   2          else
 193   2            break;
 194   2        }
 195   1        for( ;i>=0;i--)
 196   1        {
 197   2          LedBuff[i] = LedChar[buf[i]];
 198   2          LedBuff[1] = LedChar[buf[1]] & 0x7F; //将第二个数码管小数点点亮且不影响其他段显示
 199   2          
 200   2          if(num < 0 && num >= -9)       //根据位数在负数后一位显示-号  
 201   2          {
 202   3            LedBuff[1] = 0x40; 
 203   3            LedBuff[2] = ~0x40;
 204   3          }
 205   2          if(num < -9 && num >= -99)                           
 206   2          {
 207   3            LedBuff[2] = ~0x40;
 208   3          }               
 209   2          if(num < -99 && num >= -999)
 210   2          {
 211   3            LedBuff[3] = ~0x40;
 212   3          }
 213   2          if(num < -999 && num >= -9999)
 214   2          {
 215   3            LedBuff[4] = ~0x40;
 216   3          }                                 
 217   2          if(num < -9999 && num >= -99999)
 218   2          {
 219   3            LedBuff[5] = ~0x40;
 220   3          }       
 221   2        }
 222   1      }
 223          
 224          void show_error()
 225          {
 226   1          LedBuff[5] = 0xFF;
 227   1          LedBuff[4] = ~0x79;
 228   1          LedBuff[3] = ~0x50;
 229   1          LedBuff[2] = ~0x50;
 230   1          LedBuff[1] = ~0x5C;
 231   1          LedBuff[0] = ~0x50;
 232   1      }
 233            
 234          
 235          
 236          void StopwatchDisplay()           //分秒表显示转换函数
 237          {
 238   1        signed char i;
C51 COMPILER V9.56.0.0   STC_LED                                                           12/31/2021 16:43:55 PAGE 5   

 239   1        unsigned char buf[4];
 240   1      
 241   1        LedBuff[0] = LedChar[DecimalPart % 10];
 242   1        LedBuff[1] = LedChar[DecimalPart / 10];
 243   1      
 244   1        buf[0] = IntegerPart % 10;
 245   1        buf[1] = (IntegerPart / 10) % 10;
 246   1        
 247   1        buf[2] = minute % 10;
 248   1        buf[3] = (minute / 10) % 10;
 249   1        for (i = 3; i >= 1; i--)
 250   1        {
 251   2          if (buf[i] == 0)
 252   2          {
 253   3            LedBuff[i + 2] = 0xFF;
 254   3          }
 255   2          else
 256   2          {
 257   3            break;
 258   3          }
 259   2        }
 260   1        for ( ; i >= 0; i--)
 261   1        {
 262   2          LedBuff[i + 2] = LedChar[buf[i]] ;
 263   2        }
 264   1        LedBuff[2] &= 0x7F;
 265   1      }
 266          
 267          
 268          
 269          
 270          
 271          
 272          
 273          
 274          
 275          
 276          
 277          
 278          
 279          
 280          
 281          
 282          


MODULE INFORMATION:   STATIC OVERLAYABLE
   CODE SIZE        =    879    ----
   CONSTANT SIZE    =    144    ----
   XDATA SIZE       =   ----    ----
   PDATA SIZE       =     10      19
   DATA SIZE        =   ----    ----
   IDATA SIZE       =   ----    ----
   BIT SIZE         =   ----    ----
END OF MODULE INFORMATION.


C51 COMPILATION COMPLETE.  1 WARNING(S),  0 ERROR(S)
