C51 COMPILER V9.60.0.0   IIC                                                               03/10/2023 18:40:49 PAGE 1   


C51 COMPILER V9.60.0.0, COMPILATION OF MODULE IIC
OBJECT MODULE PLACED IN .\Objects\iic.obj
COMPILER INVOKED BY: E:\keil5\keil5\C51\BIN\C51.EXE ..\System\iic.c OPTIMIZE(8,SPEED) BROWSE INCDIR(..\User;..\System;..
                    -\Driver;..\Config) DEBUG OBJECTEXTEND PRINT(.\Listings\iic.lst) OBJECT(.\Objects\iic.obj)

line level    source

   1          #include "iic.h"
   2          
   3          #define DELAY_TIME 40
   4          
   5          
   6          unsigned char EEPROM_Read(unsigned char addr)
   7          {
   8   1              unsigned char dat;
   9   1              IIC_Start();
  10   1              IIC_SendByte(0xA0);
  11   1              IIC_WaitAck();
  12   1              IIC_SendByte(addr);
  13   1              IIC_WaitAck();
  14   1      
  15   1              IIC_Start();
  16   1              IIC_SendByte(0xA1);
  17   1              IIC_WaitAck();
  18   1      
  19   1              dat = IIC_RecByte();
  20   1              IIC_Stop();
  21   1              
  22   1              return dat;
  23   1      }
  24          
  25          void EEPROM_Write(unsigned char addr,unsigned char dat)
  26          {
  27   1              IIC_Start();
  28   1              IIC_SendByte(0xA0);
  29   1              IIC_WaitAck();
  30   1              IIC_SendByte(addr);
  31   1              IIC_WaitAck();
  32   1              IIC_SendByte(dat);
  33   1              IIC_WaitAck();
  34   1              IIC_Stop();     
  35   1      }
  36          
  37          void PCF8591Init()
  38          {
  39   1              IIC_Start();
  40   1              IIC_SendByte(0x90);
  41   1              IIC_WaitAck();
  42   1              IIC_SendByte(0x43);
  43   1              IIC_WaitAck();
  44   1              IIC_Stop();     
  45   1      }
  46          
  47          unsigned char AD_RB2_AIN3()
  48          {
  49   1              unsigned char output = 0;
  50   1              PCF8591Init();
  51   1              
  52   1              IIC_Start();
  53   1              IIC_SendByte(0x91);
  54   1              IIC_WaitAck();
C51 COMPILER V9.60.0.0   IIC                                                               03/10/2023 18:40:49 PAGE 2   

  55   1              
  56   1              output = IIC_RecByte();
  57   1              IIC_SendAck(1);
  58   1              IIC_Stop();
  59   1              
  60   1              return output;
  61   1      }
  62          
  63          
  64          
  65          
  66          
  67          //I2C总线内部延时函数
  68          void IIC_Delay(unsigned char i)
  69          {
  70   1          do{_nop_();}
  71   1          while(i--);        
  72   1      }
  73          
  74          //I2C总线启动信号
  75          void IIC_Start(void)
  76          {
  77   1          SDA = 1;
  78   1          SCL = 1;
  79   1          IIC_Delay(DELAY_TIME);
  80   1          SDA = 0;
  81   1          IIC_Delay(DELAY_TIME);
  82   1          SCL = 0;    
  83   1      }
  84          
  85          //I2C总线停止信号
  86          void IIC_Stop(void)
  87          {
  88   1          SDA = 0;
  89   1          SCL = 1;
  90   1          IIC_Delay(DELAY_TIME);
  91   1          SDA = 1;
  92   1          IIC_Delay(DELAY_TIME);
  93   1      }
  94          
  95          //发送应答或非应答信号
  96          void IIC_SendAck(bit ackbit)
  97          {
  98   1          SCL = 0;
  99   1          SDA = ackbit;                                       
 100   1          IIC_Delay(DELAY_TIME);
 101   1          SCL = 1;
 102   1          IIC_Delay(DELAY_TIME);
 103   1          SCL = 0; 
 104   1          SDA = 1;
 105   1          IIC_Delay(DELAY_TIME);
 106   1      }
 107          
 108          //等待应答
 109          bit IIC_WaitAck(void)
 110          {
 111   1          bit ackbit;
 112   1              
 113   1          SCL  = 1;
 114   1          IIC_Delay(DELAY_TIME);
 115   1          ackbit = SDA;
 116   1          SCL = 0;
C51 COMPILER V9.60.0.0   IIC                                                               03/10/2023 18:40:49 PAGE 3   

 117   1          IIC_Delay(DELAY_TIME);
 118   1          return ackbit;
 119   1      }
 120          
 121          //I2C总线发送一个字节数据
 122          void IIC_SendByte(unsigned char byt)
 123          {
 124   1          unsigned char i;
 125   1      
 126   1          for(i=0; i<8; i++)
 127   1          {
 128   2              SCL  = 0;
 129   2              IIC_Delay(DELAY_TIME);
 130   2              if(byt & 0x80) SDA  = 1;
 131   2              else SDA  = 0;
 132   2              IIC_Delay(DELAY_TIME);
 133   2              SCL = 1;
 134   2              byt <<= 1;
 135   2              IIC_Delay(DELAY_TIME);
 136   2          }
 137   1          SCL  = 0;  
 138   1      }
 139          
 140          //I2C总线接收一个字节数据
 141          unsigned char IIC_RecByte(void)
 142          {
 143   1          unsigned char i, da;
 144   1          for(i=0; i<8; i++)
 145   1          {   
 146   2              SCL = 1;
 147   2              IIC_Delay(DELAY_TIME);
 148   2              da <<= 1;
 149   2              if(SDA) da |= 1;
 150   2              SCL = 0;
 151   2              IIC_Delay(DELAY_TIME);
 152   2          }
 153   1          return da;    
 154   1      }


MODULE INFORMATION:   STATIC OVERLAYABLE
   CODE SIZE        =    302    ----
   CONSTANT SIZE    =   ----    ----
   XDATA SIZE       =   ----    ----
   PDATA SIZE       =   ----    ----
   DATA SIZE        =   ----       5
   IDATA SIZE       =   ----    ----
   BIT SIZE         =   ----       2
END OF MODULE INFORMATION.


C51 COMPILATION COMPLETE.  0 WARNING(S),  0 ERROR(S)
