C51 COMPILER V9.60.0.0   LED                                                               03/13/2023 13:40:28 PAGE 1   


C51 COMPILER V9.60.0.0, COMPILATION OF MODULE LED
OBJECT MODULE PLACED IN .\Objects\led.obj
COMPILER INVOKED BY: E:\keil5\keil5\C51\BIN\C51.EXE ..\Driver\led.c OPTIMIZE(8,SPEED) BROWSE INCDIR(..\User;..\System;..
                    -\Driver;..\Config) DEBUG OBJECTEXTEND PRINT(.\Listings\led.lst) OBJECT(.\Objects\led.obj)

line level    source

   1          #include "led.h"
   2          
   3          
   4          unsigned char Led_Running_Code = 0;
   5          
   6          unsigned char Led_Running_Mode = 1;
   7          
   8          unsigned char code Led_Running_Type[] = {0x7E,0xBD,0xDB,0xE7};
   9          
  10          unsigned char code Led_Number[] = {0xC0,0xF9,0xA4,0xB0,0x99,0x92,0x82,0xF8,0x80,0x90,0xFF};
  11          
  12          unsigned char Led_Buff[] = {0xFF,0xFF,0xFF,0xFF,0xFF,0xFF,0xFF,0xFF};
  13          
  14          unsigned char Smg_Mode = 0;
  15          
  16          unsigned char flag08s = 0;
  17          
  18          bit flag08s_change = 0;
  19          
  20          bit Led_Open = 0;
  21          
  22          
  23          
  24          
  25          
  26          void SmgControl()
  27          {
  28   1              if(Smg_Mode == 0)
  29   1              {
  30   2                      SmgMode0();
  31   2              }
  32   1              else if(Smg_Mode == 1)
  33   1              {
  34   2                      SmgMode1();
  35   2              }
  36   1              else if(Smg_Mode == 2)
  37   1              {
  38   2                      SmgMode2();
  39   2              }
  40   1              
  41   1      }
  42          
  43          
  44          void LedControl()
  45          {
  46   1              if(Led_Running_Mode == 1)
  47   1              {
  48   2                      LedMode1();
  49   2                      Led_Timer = Led_Timer_Buff_Mode[0];
  50   2              }
  51   1              else if(Led_Running_Mode == 2)
  52   1              {
  53   2                      LedMode2();
  54   2                      Led_Timer = Led_Timer_Buff_Mode[1];
C51 COMPILER V9.60.0.0   LED                                                               03/13/2023 13:40:28 PAGE 2   

  55   2              }
  56   1              else if(Led_Running_Mode == 3)
  57   1              {
  58   2                      LedMode3();
  59   2                      Led_Timer = Led_Timer_Buff_Mode[2];
  60   2              }
  61   1              else if(Led_Running_Mode == 4)
  62   1              {
  63   2                      LedMode4();
  64   2                      Led_Timer = Led_Timer_Buff_Mode[3];
  65   2              }
  66   1              
  67   1              if(Led_Running_Open == 1)
  68   1              {       
  69   2                      if(Led_Change == 1)
  70   2                      {
  71   3                              Led_Change = 0;
  72   3                              
  73   3                              if((Led_Running_Mode == 1) || (Led_Running_Mode == 2))
  74   3                              {
  75   4                                      Led_Running_Code++;
  76   4                                      if(Led_Running_Code > 7)
  77   4                                      {
  78   5                                              Led_Running_Code = 0;
  79   5                                              Led_Running_Mode++;
  80   5                                      }
  81   4                              }
  82   3                              else if(Led_Running_Mode == 3)
  83   3                              {
  84   4                                      Led_Running_Code++;
  85   4                                      if(Led_Running_Code > 3)
  86   4                                      {
  87   5                                              Led_Running_Code = 3;
  88   5                                              Led_Running_Mode++;
  89   5                                      }                               
  90   4                              }
  91   3                              else if(Led_Running_Mode == 4)
  92   3                              {
  93   4                                      if(Led_Running_Code > 0)
  94   4                                      {
  95   5                                              Led_Running_Code--;
  96   5                                      }
  97   4                                      else
  98   4                                      {
  99   5                                              Led_Running_Code = 0;
 100   5                                              Led_Running_Mode = 1;
 101   5                                      }
 102   4                              }
 103   3                      }
 104   2              }
 105   1      }
 106          
 107          
 108          
 109          void SmgMode0()
 110          {
 111   1              Led_Buff[0] = Led_Number[10];
 112   1              Led_Buff[1] = Led_Number[10];
 113   1              Led_Buff[2] = Led_Number[10];
 114   1              Led_Buff[3] = Led_Number[10];
 115   1              Led_Buff[4] = Led_Number[10];
 116   1              Led_Buff[5] = Led_Number[10];
C51 COMPILER V9.60.0.0   LED                                                               03/13/2023 13:40:28 PAGE 3   

 117   1              
 118   1              if(Pwm_Mode_Show == 0)
 119   1              {
 120   2                      Led_Buff[6] = Led_Number[10];
 121   2                      Led_Buff[7] = Led_Number[10];   
 122   2              }
 123   1              else
 124   1              {
 125   2                      Led_Buff[6] = 0xBF;
 126   2                      Led_Buff[7] = Led_Number[(Pwm_Mode/25)%10];             
 127   2              }
 128   1      }
 129          
 130          
 131          void SmgMode1()
 132          {
 133   1              if(flag08s_change == 0)
 134   1              {
 135   2                      Led_Buff[0] = 0xBF;
 136   2                      Led_Buff[1] = Led_Number[Led_Running_Mode_Buff];
 137   2                      Led_Buff[2] = 0xBF;
 138   2              }
 139   1              else
 140   1              {
 141   2                      Led_Buff[0] = Led_Number[10];
 142   2                      Led_Buff[1] = Led_Number[10];
 143   2                      Led_Buff[2] = Led_Number[10];           
 144   2              }
 145   1              
 146   1              Led_Buff[3] = Led_Number[10];
 147   1              
 148   1              if(Led_Timer_Buff >= 1000)
 149   1              {
 150   2                      Led_Buff[4] = Led_Number[(Led_Timer_Buff/1000)%10];
 151   2              }
 152   1              else
 153   1              {
 154   2                      Led_Buff[4] = Led_Number[10];
 155   2              }
 156   1              
 157   1              Led_Buff[5] = Led_Number[(Led_Timer_Buff/100)%10];
 158   1              Led_Buff[6] = Led_Number[(Led_Timer_Buff/10)%10];
 159   1              Led_Buff[7] = Led_Number[Led_Timer_Buff%10];    
 160   1      }
 161          
 162          void SmgMode2()
 163          {
 164   1              Led_Buff[0] = 0xBF;
 165   1              Led_Buff[1] = Led_Number[Led_Running_Mode_Buff];
 166   1              Led_Buff[2] = 0xBF;
 167   1              
 168   1              Led_Buff[3] = Led_Number[10];
 169   1              
 170   1              if(flag08s_change == 0)
 171   1              {
 172   2                      if(Led_Timer_Buff >= 1000)
 173   2                      {
 174   3                              Led_Buff[4] = Led_Number[(Led_Timer_Buff/1000)%10];
 175   3                      }
 176   2                      else
 177   2                      {
 178   3                              Led_Buff[4] = Led_Number[10];
C51 COMPILER V9.60.0.0   LED                                                               03/13/2023 13:40:28 PAGE 4   

 179   3                      }
 180   2                      
 181   2                      Led_Buff[5] = Led_Number[(Led_Timer_Buff/100)%10];
 182   2                      Led_Buff[6] = Led_Number[(Led_Timer_Buff/10)%10];
 183   2                      Led_Buff[7] = Led_Number[Led_Timer_Buff%10];    
 184   2              }
 185   1              else
 186   1              {
 187   2                      Led_Buff[4] = Led_Number[10];
 188   2                      Led_Buff[5] = Led_Number[10];
 189   2                      Led_Buff[6] = Led_Number[10];
 190   2                      Led_Buff[7] = Led_Number[10];           
 191   2              }
 192   1      }
 193          
 194          void SmgDisplay()
 195          {
 196   1              static unsigned char i = 0;
 197   1              
 198   1              P0 = 0x00;
 199   1              HC138(6);
 200   1              P0 = 0x01<<i;
 201   1              HC138(0);
 202   1              P0 = 0xFF;
 203   1              HC138(7);
 204   1              P0 = Led_Buff[i];
 205   1              HC138(0);
 206   1      
 207   1              i++;
 208   1              if(i > 7)
 209   1              {
 210   2                      i = 0;
 211   2              }
 212   1      }
 213          
 214          
 215          
 216          
 217          void LedMode1()
 218          {
 219   1              P0 = 0xFF;
 220   1              HC138(4);
 221   1              if(Led_Open == 1)
 222   1              {
 223   2                      P0 = ~(0x01 << Led_Running_Code);       
 224   2              }               
 225   1              HC138(0);
 226   1      }
 227          
 228          void LedMode2()
 229          {
 230   1              P0 = 0xFF;
 231   1              HC138(4);
 232   1              if(Led_Open == 1)
 233   1              {
 234   2                      P0 = ~(0x80 >> Led_Running_Code);       
 235   2              }               
 236   1              HC138(0);
 237   1      }
 238          
 239          void LedMode3()
 240          {
C51 COMPILER V9.60.0.0   LED                                                               03/13/2023 13:40:28 PAGE 5   

 241   1              if(Led_Running_Code > 3)
 242   1              {
 243   2                      Led_Running_Code = 0;
 244   2              }               
 245   1              P0 = 0xFF;
 246   1              HC138(4);
 247   1              if(Led_Open == 1)
 248   1              {
 249   2                      P0 = Led_Running_Type[Led_Running_Code];
 250   2              }
 251   1              HC138(0);               
 252   1      }
 253          
 254          void LedMode4()
 255          {
 256   1              if(Led_Running_Code > 3)
 257   1              {
 258   2                      Led_Running_Code = 3;
 259   2              }               
 260   1              P0 = 0xFF;
 261   1              HC138(4);
 262   1              if(Led_Open == 1)
 263   1              {
 264   2                      P0 = Led_Running_Type[Led_Running_Code];
 265   2              }
 266   1              HC138(0);               
 267   1      }
 268          
 269          
 270          
 271          
 272          
 273          
 274          
 275          
 276          
 277          
 278          
 279          
 280          
 281          
 282          
 283          
 284          
 285          


MODULE INFORMATION:   STATIC OVERLAYABLE
   CODE SIZE        =    793    ----
   CONSTANT SIZE    =     15    ----
   XDATA SIZE       =   ----    ----
   PDATA SIZE       =   ----    ----
   DATA SIZE        =     13    ----
   IDATA SIZE       =   ----    ----
   BIT SIZE         =      2    ----
END OF MODULE INFORMATION.


C51 COMPILATION COMPLETE.  0 WARNING(S),  0 ERROR(S)
