C51 COMPILER V9.60.0.0   MAIN                                                              03/10/2023 18:40:49 PAGE 1   


C51 COMPILER V9.60.0.0, COMPILATION OF MODULE MAIN
OBJECT MODULE PLACED IN .\Objects\main.obj
COMPILER INVOKED BY: E:\keil5\keil5\C51\BIN\C51.EXE main.c OPTIMIZE(8,SPEED) BROWSE INCDIR(..\User;..\System;..\Driver;.
                    -.\Config) DEBUG OBJECTEXTEND PRINT(.\Listings\main.lst) OBJECT(.\Objects\main.obj)

line level    source

   1          
   2          #include <config.h>
   3          
   4          
   5          unsigned int Led_Timer = 400;
   6          
   7          unsigned char Pwm_Mode = 25;
   8          
   9          unsigned char ADC = 0;
  10          
  11          bit Led_Change = 0;
  12          
  13          bit flag100ms = 0;
  14          
  15          
  16          
  17          
  18          void ReadData();
  19          
  20          void main()
  21          {
  22   1              BuzzLedInit();
  23   1              Timer0Init();
  24   1              LedTimerRead();
  25   1              
  26   1              while(1)
  27   1              {
  28   2                      ReadData();
  29   2                      
  30   2                      SmgControl();
  31   2                      KeyDriver();
  32   2              }
  33   1      
  34   1      }
  35          
  36          void Timer0Int() interrupt 1
  37          {
  38   1              static unsigned int cnt = 0;
  39   1              
  40   1              cnt++;
  41   1              if((cnt % 100) == 0)
  42   1              {
  43   2                      flag100ms = 1;
  44   2                      flag08s++;
  45   2                      if(flag08s >= 8)
  46   2                      {
  47   3                              flag08s = 0;
  48   3                              if(flag08s_change == 0)
  49   3                              {
  50   4                                      flag08s_change = 1;
  51   4                              }
  52   3                              else 
  53   3                              {
  54   4                                      flag08s_change = 0;
C51 COMPILER V9.60.0.0   MAIN                                                              03/10/2023 18:40:49 PAGE 2   

  55   4                              }
  56   3                      }
  57   2              }
  58   1              if(cnt >= Led_Timer)
  59   1              {
  60   2                      cnt = 0;
  61   2                      if(Led_Running_Open == 1)
  62   2                      {
  63   3                              Led_Change = 1;
  64   3                      }
  65   2              }
  66   1      
  67   1              
  68   1              Led_Open = LedPwm(Pwm_Mode);
  69   1              KeyScan();
  70   1              SmgDisplay();
  71   1              LedControl();
  72   1      }
  73          
  74          
  75          void ReadData()
  76          {
  77   1              if(flag100ms == 1)
  78   1              {
  79   2                      flag100ms = 0;
  80   2                      ADC = AD_RB2_AIN3();
  81   2                      if(ADC <= 64)
  82   2                      {
  83   3                              Pwm_Mode = 25;
  84   3                      }
  85   2                      else if(ADC > 64 && ADC <= 128)
  86   2                      {
  87   3                              Pwm_Mode = 50;
  88   3                      }
  89   2                      else if(ADC > 128 && ADC <= 192)
  90   2                      {
  91   3                              Pwm_Mode = 75;
  92   3                      }
  93   2                      else if(ADC > 192 && ADC <= 255)
  94   2                      {
  95   3                              Pwm_Mode = 100;
  96   3                      }               
  97   2              }
  98   1              LedTimerDataRead();
  99   1      }
 100          
 101          
 102          
 103          
 104          
 105          
 106          
 107          
 108          


MODULE INFORMATION:   STATIC OVERLAYABLE
   CODE SIZE        =    272    ----
   CONSTANT SIZE    =   ----    ----
   XDATA SIZE       =   ----    ----
   PDATA SIZE       =   ----    ----
   DATA SIZE        =      6    ----
C51 COMPILER V9.60.0.0   MAIN                                                              03/10/2023 18:40:49 PAGE 3   

   IDATA SIZE       =   ----    ----
   BIT SIZE         =      2    ----
END OF MODULE INFORMATION.


C51 COMPILATION COMPLETE.  0 WARNING(S),  0 ERROR(S)
