C51 COMPILER V9.56.0.0   EEPROM                                                            03/22/2022 21:31:22 PAGE 1   


C51 COMPILER V9.56.0.0, COMPILATION OF MODULE EEPROM
OBJECT MODULE PLACED IN .\Objects\EEPROM.obj
COMPILER INVOKED BY: E:\keil5\keil5\C51\BIN\C51.EXE ..\Driver\EEPROM.c COMPACT ROM(COMPACT) OPTIMIZE(8,SPEED) BROWSE INC
                    -DIR(..\Include;..\Driver;..\System) DEBUG OBJECTEXTEND PRINT(.\Listings\EEPROM.lst) TABS(2) OBJECT(.\Objects\EEPROM.obj)

line level    source

   1          
   2          #include <config.h>
   3          #include <EEPROM.h>
   4          #include <stc_i2c.h>
   5          
   6          
   7          
   8          void E2Read(unsigned char *buf,unsigned char addr,unsigned char len)
   9          {
  10   1        do
  11   1        {
  12   2          I2CStart();
  13   2          if(I2CWrite(0x50<<1))
  14   2          {
  15   3            break;
  16   3          }
  17   2          I2CStop();
  18   2        }while(1);
  19   1        I2CWrite(addr);
  20   1        I2CStart();
  21   1        I2CWrite((0x50<<1)|0x01);
  22   1        while(len>1)
  23   1        {
  24   2          *buf++ = I2CReadACK();
  25   2          len--;
  26   2        }
  27   1        *buf = I2CReadNAK();
  28   1        I2CStop();
  29   1        
  30   1      }
  31          
  32          
  33          void E2Write(unsigned char *buf,unsigned char addr,unsigned char len)
  34          {
  35   1        while(len > 0)
  36   1        {
  37   2          do{
  38   3              I2CStart();
  39   3              if(I2CWrite(0x50<<1))
  40   3              {
  41   4                break;
  42   4              }
  43   3              I2CStop();
  44   3            }while(1);
  45   2            I2CWrite(addr);
  46   2            while(len>0)
  47   2            {
  48   3              I2CWrite(*buf++);
  49   3              len--;
  50   3              addr++;
  51   3              if((addr&0x07) == 0)
  52   3              {
  53   4                break;
  54   4              }
C51 COMPILER V9.56.0.0   EEPROM                                                            03/22/2022 21:31:22 PAGE 2   

  55   3            }
  56   2            I2CStop();  
  57   2        }
  58   1      }
  59          
  60          
  61          
  62          
  63          
  64          
  65          
  66          
  67          
  68          
  69          
  70          
  71          
  72          
  73          
  74          
  75          
  76          
  77          
  78          
  79          
  80          
  81          
  82          
  83          
  84          
  85          
  86          
  87          
  88          
  89          
  90          
  91          
  92          


MODULE INFORMATION:   STATIC OVERLAYABLE
   CODE SIZE        =    197    ----
   CONSTANT SIZE    =   ----    ----
   XDATA SIZE       =   ----    ----
   PDATA SIZE       =   ----      10
   DATA SIZE        =   ----    ----
   IDATA SIZE       =   ----    ----
   BIT SIZE         =   ----    ----
END OF MODULE INFORMATION.


C51 COMPILATION COMPLETE.  0 WARNING(S),  0 ERROR(S)
