C51 COMPILER V9.56.0.0   MAIN                                                              03/22/2022 21:39:20 PAGE 1   


C51 COMPILER V9.56.0.0, COMPILATION OF MODULE MAIN
OBJECT MODULE PLACED IN .\Objects\main.obj
COMPILER INVOKED BY: E:\keil5\keil5\C51\BIN\C51.EXE main.c COMPACT ROM(COMPACT) OPTIMIZE(8,SPEED) BROWSE INCDIR(..\Inclu
                    -de;..\Driver;..\System) DEBUG OBJECTEXTEND PRINT(.\Listings\main.lst) TABS(2) OBJECT(.\Objects\main.obj)

line level    source

   1          
   2          
   3          #include <main.h>
   4          
   5          unsigned char state,EnterCnt;                //状态指示变量，Mod1为设置密码，mod0为输入密码
   6                                                      //state,0为输入跳转，1为设置跳转，2为确认密码，3为解锁状态，4为锁定状态
   7                                                      //Enter记录输入密码次数
   8          
   9          void main()
  10          {
  11   1        EA = 1;
  12   1        ConfigTimer0(1);
  13   1        InitLcd1602();
  14   1        
  15   1        if(Read_Password())
  16   1        {
  17   2          state = 0;
  18   2        }
  19   1        else
  20   1        {
  21   2          state = 1;
  22   2        }
  23   1        Enter_Init();
  24   1        Fill_Number(PasswordBuf,'\0',MAX_LEN);
  25   1        Fill_Number(Password_dat1,'\0',MAX_LEN);
  26   1        cntBuf = 0;
  27   1      
  28   1      
  29   1        while(1)
  30   1        {
  31   2          KeyDriver();
  32   2        }
  33   1      }
  34          
  35          void Enter_Init()
  36          {
  37   1        LcdWriteCmd(0x01); //清屏
  38   1        if(state == 0)
  39   1        {   
  40   2          LcdShowStr(0,0,"Enter Password ");
  41   2          LcdShowStr(0,1,"                 ");  
  42   2        }
  43   1        else if(state == 1)
  44   1        {
  45   2          LcdShowStr(0,0,"Set Password   ");
  46   2          LcdShowStr(0,1,"                 ");    
  47   2        }
  48   1        else if(state == 2)
  49   1        {
  50   2            LcdShowStr(0,0,"Enter again     ");
  51   2            LcdShowStr(0,1,"                "); 
  52   2        }
  53   1        else if(state == 3)
  54   1        {
C51 COMPILER V9.56.0.0   MAIN                                                              03/22/2022 21:39:20 PAGE 2   

  55   2            LcdShowStr(0,0,"Press Enter  ");
  56   2            LcdShowStr(0,1,"Reset Password  ");   
  57   2        }
  58   1        else if(state == 4)
  59   1        {
  60   2            LcdShowStr(0,0,"WARRING        ");
  61   2            LcdShowStr(0,1,"Enter too much ");    
  62   2        }
  63   1      }
  64          
  65          void InterruptTimer0() interrupt 1
  66          {
  67   1        TH0 = T0RH;
  68   1        TL0 = T0RL;
  69   1      
  70   1        KeyScan();
  71   1      }
  72          
  73          
  74          void Time1() interrupt 3
  75          {
  76   1        PT1 = 1; //设置定时器T1中断为高优先级，防止蜂鸣器频率降低波形紊乱导致异响
  77   1          
  78   1          TH1 = T1RH;
  79   1          TL1 = T1RL;
  80   1          BUZZ = ~BUZZ;
  81   1        
  82   1      }
  83          
  84          
  85          
  86          
  87          
  88          
  89          
  90          
  91          
  92          
  93          
  94          
  95          
  96          
  97          
  98          
  99          
 100          
 101          
 102          
 103          
 104          


MODULE INFORMATION:   STATIC OVERLAYABLE
   CODE SIZE        =    298    ----
   CONSTANT SIZE    =    147    ----
   XDATA SIZE       =   ----    ----
   PDATA SIZE       =      4    ----
   DATA SIZE        =   ----    ----
   IDATA SIZE       =   ----    ----
   BIT SIZE         =   ----    ----
END OF MODULE INFORMATION.


C51 COMPILATION COMPLETE.  0 WARNING(S),  0 ERROR(S)
