C51 COMPILER V9.56.0.0   STC_LED                                                           03/18/2022 16:34:51 PAGE 1   


C51 COMPILER V9.56.0.0, COMPILATION OF MODULE STC_LED
OBJECT MODULE PLACED IN .\Objects\stc_Led.obj
COMPILER INVOKED BY: E:\keil5\keil5\C51\BIN\C51.EXE ..\Driver\stc_Led.c COMPACT ROM(COMPACT) OPTIMIZE(8,SPEED) BROWSE IN
                    -CDIR(..\Include;..\Driver;..\System) DEBUG OBJECTEXTEND PRINT(.\Listings\stc_Led.lst) TABS(2) OBJECT(.\Objects\stc_Led.o
                    -bj)

line level    source

   1          
   2          
   3          #include <stc_Led.h>
   4          #include <stc_delay.h>
   5          
   6          
   7          
   8          
   9          //unsigned char LedBuff[] = {                                  //数码管显示缓冲
  10          //  0xFF,0xFF,0xFF,0xFF,0xFF,0xFF
  11          //};
  12          
  13          
  14          
  15          //unsigned char code LedChar[] = {
  16          //    0xC0, 0xF9, 0xA4, 0xB0, 0x99, 0x92, 0x82, 0xF8,          //数码管显示真值表数组
  17          //    0x80, 0x90, 0x88, 0x83, 0xC6, 0xA1, 0x86, 0x8E
  18          //};
  19          
  20          
  21          
  22          
  23          
  24          
  25          
  26          
  27          
  28          
  29          
  30          
  31          
  32          
  33          
  34          
  35          
  36          


MODULE INFORMATION:   STATIC OVERLAYABLE
   CODE SIZE        =   ----    ----
   CONSTANT SIZE    =   ----    ----
   XDATA SIZE       =   ----    ----
   PDATA SIZE       =   ----    ----
   DATA SIZE        =   ----    ----
   IDATA SIZE       =   ----    ----
   BIT SIZE         =   ----    ----
END OF MODULE INFORMATION.


C51 COMPILATION COMPLETE.  0 WARNING(S),  0 ERROR(S)
