C51 COMPILER V9.56.0.0   STC_LCD1602                                                       03/22/2022 21:31:21 PAGE 1   


C51 COMPILER V9.56.0.0, COMPILATION OF MODULE STC_LCD1602
OBJECT MODULE PLACED IN .\Objects\stc_LCD1602.obj
COMPILER INVOKED BY: E:\keil5\keil5\C51\BIN\C51.EXE ..\Driver\stc_LCD1602.c COMPACT ROM(COMPACT) OPTIMIZE(8,SPEED) BROWS
                    -E INCDIR(..\Include;..\Driver;..\System) DEBUG OBJECTEXTEND PRINT(.\Listings\stc_LCD1602.lst) TABS(2) OBJECT(.\Objects\s
                    -tc_LCD1602.obj)

line level    source

   1          
   2          
   3          #include <stc_LCD1602.h>
   4          
   5          
   6          void LcdWaitReady()
   7          {
   8   1        unsigned char sta;
   9   1        
  10   1        LCD1602_DB = 0xFF;
  11   1        LCD1602_RS = 0;
  12   1        LCD1602_RW = 1;
  13   1        do
  14   1        {
  15   2          LCD1602_E = 1;
  16   2          sta = LCD1602_DB;
  17   2          LCD1602_E = 0;
  18   2        }while(sta & 0x80);
  19   1      }
  20          
  21          void LcdWriteCmd(unsigned char cmd)
  22          {
  23   1        LcdWaitReady();
  24   1        LCD1602_RS = 0;
  25   1        LCD1602_RW = 0;
  26   1        LCD1602_DB = cmd;
  27   1        LCD1602_E = 1;
  28   1        LCD1602_E = 0;
  29   1      }
  30          
  31          void LcdWriteDat(unsigned char dat)
  32          {
  33   1        LcdWaitReady();
  34   1        LCD1602_RS = 1;
  35   1        LCD1602_RW = 0;
  36   1        LCD1602_DB = dat;
  37   1        LCD1602_E = 1;
  38   1        LCD1602_E = 0;
  39   1      }
  40          
  41          void LcdSetCursor(unsigned char x,unsigned char y)
  42          {
  43   1        unsigned char addr;
  44   1        
  45   1        if(y == 0)
  46   1        {
  47   2          addr = 0x00 + x;
  48   2        }
  49   1        else
  50   1        {
  51   2          addr = 0x40 + x;
  52   2        }
  53   1        LcdWriteCmd(addr | 0x80);
C51 COMPILER V9.56.0.0   STC_LCD1602                                                       03/22/2022 21:31:21 PAGE 2   

  54   1      }
  55          
  56          void LcdShowStr(unsigned char x,unsigned char y,unsigned char *str)
  57          {
  58   1        LcdSetCursor(x,y);
  59   1        while(*str != '\0')
  60   1        {
  61   2          LcdWriteDat(*str++);
  62   2        }
  63   1        
  64   1      }
  65          
  66          void InitLcd1602()
  67          {
  68   1        LcdWriteCmd(0x38);
  69   1        LcdWriteCmd(0x0C);
  70   1        LcdWriteCmd(0x06);
  71   1        LcdWriteCmd(0x01);
  72   1        
  73   1      }
  74          
  75          
  76          
  77          
  78          
  79          
  80          
  81          
  82          
  83          
  84          
  85          
  86          
  87          
  88          
  89          
  90          
  91          
  92          
  93          
  94          
  95          
  96          
  97          
  98          


MODULE INFORMATION:   STATIC OVERLAYABLE
   CODE SIZE        =    147    ----
   CONSTANT SIZE    =   ----    ----
   XDATA SIZE       =   ----    ----
   PDATA SIZE       =   ----       3
   DATA SIZE        =   ----    ----
   IDATA SIZE       =   ----    ----
   BIT SIZE         =   ----    ----
END OF MODULE INFORMATION.


C51 COMPILATION COMPLETE.  0 WARNING(S),  0 ERROR(S)
