C51 COMPILER V9.56.0.0   STC_INT                                                           03/22/2022 21:31:21 PAGE 1   


C51 COMPILER V9.56.0.0, COMPILATION OF MODULE STC_INT
OBJECT MODULE PLACED IN .\Objects\stc_int.obj
COMPILER INVOKED BY: E:\keil5\keil5\C51\BIN\C51.EXE ..\System\stc_int.c COMPACT ROM(COMPACT) OPTIMIZE(8,SPEED) BROWSE IN
                    -CDIR(..\Include;..\Driver;..\System) DEBUG OBJECTEXTEND PRINT(.\Listings\stc_int.lst) TABS(2) OBJECT(.\Objects\stc_int.o
                    -bj)

line level    source

   1          
   2          #include <config.h>
   3          
   4          #include <stc_int.h>
   5          
   6          
   7          void ConfigTimer0(unsigned int ms)
   8          {
   9   1        unsigned long tmp = 0;
  10   1        
  11   1        tmp = 11059200/12;
  12   1        tmp = (tmp*ms)/1000;
  13   1        tmp = 65535 - tmp;
  14   1        tmp = tmp + 33;
  15   1        T0RH = (unsigned char)(tmp >> 8);
  16   1        T0RL = (unsigned char)tmp;
  17   1        TMOD &= 0x00;
  18   1        TMOD |= 0x11;
  19   1        TH0 = T0RH;
  20   1        TL0 = T0RL;
  21   1        ET0 = 1;
  22   1        TR0 = 1;
  23   1        
  24   1      }
  25          
  26          
  27          
  28          
  29          
  30          
  31          
  32          
  33          
  34          
  35          


MODULE INFORMATION:   STATIC OVERLAYABLE
   CODE SIZE        =    176    ----
   CONSTANT SIZE    =   ----    ----
   XDATA SIZE       =   ----    ----
   PDATA SIZE       =   ----       4
   DATA SIZE        =   ----    ----
   IDATA SIZE       =   ----    ----
   BIT SIZE         =   ----    ----
END OF MODULE INFORMATION.


C51 COMPILATION COMPLETE.  0 WARNING(S),  0 ERROR(S)
