C51 COMPILER V9.56.0.0   STC_KEY                                                           03/22/2022 21:31:21 PAGE 1   


C51 COMPILER V9.56.0.0, COMPILATION OF MODULE STC_KEY
OBJECT MODULE PLACED IN .\Objects\stc_key.obj
COMPILER INVOKED BY: E:\keil5\keil5\C51\BIN\C51.EXE ..\Driver\stc_key.c COMPACT ROM(COMPACT) OPTIMIZE(8,SPEED) BROWSE IN
                    -CDIR(..\Include;..\Driver;..\System) DEBUG OBJECTEXTEND PRINT(.\Listings\stc_key.lst) TABS(2) OBJECT(.\Objects\stc_key.o
                    -bj)

line level    source

   1          
   2          
   3          #include "stc_key.h"
   4          #include <stc_led.h>
   5          #include <stc_BUZZ.h>
   6          #include <stc_delay.h>
   7          
   8          
   9          
  10          unsigned char KeySta[4][4] = {
  11            {1,1,1,1}, {1,1,1,1}, {1,1,1,1}, {1,1,1,1}
  12          };
  13          
  14          
  15          const unsigned char code KeyCodeMap[4][4] = {
  16            {0x31,0x32,0x33,0x26},
  17            {0x34,0x35,0x36,0x25},
  18            {0x37,0x38,0x39,0x28},
  19            {0x30,0x1B,0x0D,0x27}
  20          };
  21          
  22          
  23          
  24          
  25          void KeyDriver() //按键驱动函数，检测按键动作
  26          {
  27   1        static unsigned char i,j;
  28   1        static unsigned char backup[4][4] = {
  29   1          {1,1,1,1},{1,1,1,1},{1,1,1,1},{1,1,1,1}
  30   1        };
  31   1        
  32   1        for(i=0;i<4;i++)
  33   1        {
  34   2          for(j=0;j<4;j++)
  35   2          {
  36   3            if(backup[i][j] != KeySta[i][j])
  37   3            {
  38   4              if(backup[i][j] != 0)
  39   4              {
  40   5                  KeyAction(KeyCodeMap[i][j]);
  41   5              }
  42   4              backup[i][j] = KeySta[i][j];
  43   4            }
  44   3          }
  45   2        }
  46   1      }
  47                  
  48          
  49          
  50          
  51            
  52          void KeyScan()                //按键扫描与消抖
  53          {
C51 COMPILER V9.56.0.0   STC_KEY                                                           03/22/2022 21:31:21 PAGE 2   

  54   1        unsigned char i;
  55   1        static unsigned char keyout = 0;
  56   1        static unsigned char keybuf[4][4] = {
  57   1          {0xFF,0xFF,0xFF,0xFF},{0xFF,0xFF,0xFF,0xFF},
  58   1          {0xFF,0xFF,0xFF,0xFF},{0xFF,0xFF,0xFF,0xFF}
  59   1        };
  60   1        
  61   1        keybuf[keyout][0] = (keybuf[keyout][0]<<1) | KEY_IN_1;
  62   1        keybuf[keyout][1] = (keybuf[keyout][1]<<1) | KEY_IN_2;
  63   1        keybuf[keyout][2] = (keybuf[keyout][2]<<1) | KEY_IN_3;
  64   1        keybuf[keyout][3] = (keybuf[keyout][3]<<1) | KEY_IN_4;
  65   1        
  66   1        for(i=0;i<4;i++)
  67   1        {
  68   2          if((keybuf[keyout][i] & 0x0F) == 0x00)
  69   2          {
  70   3            KeySta[keyout][i] = 0;
  71   3          }
  72   2          else if((keybuf[keyout][i] & 0x0F) == 0x0F)
  73   2          {
  74   3            KeySta[keyout][i] = 1;
  75   3          }
  76   2        }
  77   1        
  78   1        keyout++;
  79   1        keyout = keyout & 0x03;
  80   1        switch(keyout)
  81   1        {
  82   2          case 0:KEY_OUT_4 = 1; KEY_OUT_1 = 0;break;
  83   2          case 1:KEY_OUT_1 = 1; KEY_OUT_2 = 0;break;
  84   2          case 2:KEY_OUT_2 = 1; KEY_OUT_3 = 0;break;
  85   2          case 3:KEY_OUT_3 = 1; KEY_OUT_4 = 0;break;
  86   2          default:break;
  87   2        }
  88   1      }
  89          
  90          
  91          
  92          


MODULE INFORMATION:   STATIC OVERLAYABLE
   CODE SIZE        =    349    ----
   CONSTANT SIZE    =     16    ----
   XDATA SIZE       =   ----    ----
   PDATA SIZE       =     51    ----
   DATA SIZE        =   ----    ----
   IDATA SIZE       =   ----    ----
   BIT SIZE         =   ----    ----
END OF MODULE INFORMATION.


C51 COMPILATION COMPLETE.  0 WARNING(S),  0 ERROR(S)
