C51 COMPILER V9.56.0.0   STC_SNAKE                                                         03/07/2022 18:09:40 PAGE 1   


C51 COMPILER V9.56.0.0, COMPILATION OF MODULE STC_SNAKE
OBJECT MODULE PLACED IN .\Objects\stc_Snake.obj
COMPILER INVOKED BY: E:\keil5\keil5\C51\BIN\C51.EXE ..\Driver\stc_Snake.c COMPACT ROM(COMPACT) OPTIMIZE(8,SPEED) BROWSE 
                    -INCDIR(..\Include;..\Driver;..\System) DEBUG OBJECTEXTEND PRINT(.\Listings\stc_Snake.lst) TABS(2) OBJECT(.\Objects\stc_S
                    -nake.obj)

line level    source

   1          
   2          #include <stc_Snake.h>
   3          
   4          
   5          
   6          extern unsigned char code LedChar[];     //真值表
   7          
   8          
   9          char pdata map[64];           //地图设定，每个元素映射，-1为食物，0为空地，大于0为蛇
  10          unsigned char dztBuff[8];     //点阵显示缓存
  11          unsigned char smgBuff[6];     //数码管显示缓存
  12          
  13          unsigned char isShowHeader;
  14          unsigned char len,i,X,Y;      
  15          unsigned char move,inputbuf;
  16          
  17          extern bit music;
  18          
  19          unsigned char seed;       //随机数
  20          
  21          extern unsigned char LedBuff_01;
  22          
  23          
  24          
  25          
  26          unsigned char mode = 1;   //当前状态
  27          
  28          unsigned char currentKeyVal = 0;    //当前按键值
  29          
  30          
  31          
  32          
  33          
  34          
  35          unsigned char _kbhit()         //按键输入检测
  36          {
  37   1        if(currentKeyVal)
  38   1        {
  39   2          return 1;
  40   2        }
  41   1        return 0;
  42   1      
  43   1      }
  44          
  45          
  46          unsigned char _getch()          //锁存按键输入值
  47          {
  48   1        unsigned char ckv = currentKeyVal;
  49   1        currentKeyVal = 0;
  50   1        return ckv;
  51   1      }
  52          
  53          
C51 COMPILER V9.56.0.0   STC_SNAKE                                                         03/07/2022 18:09:40 PAGE 2   

  54          
  55          
  56          
  57          
  58          void InitGreedySnake()  //游戏初始化函数
  59          {
  60   1        unsigned char j;
  61   1        move = 0x25;                //初始化方向
  62   1        inputbuf = 0;               //重置输入缓存
  63   1        len = 3;    //设置蛇的长度
  64   1        
  65   1        X = 0;      //初始化蛇头坐标
  66   1        Y = 0;
  67   1        
  68   1        for(j = 0;j < 64; j++)       //初始化地图
  69   1        {
  70   2          map[j] = 0;
  71   2        }
  72   1        
  73   1        srand(seed);                //随机数生成
  74   1        
  75   1        while(map[i = rand() % 64]);    //选择一块空地设置食物
  76   1        
  77   1        map[i] = -1;
  78   1      }
  79            
  80          
  81          
  82          
  83            unsigned char GreedySnake()      //贪吃蛇游戏运行
  84            {
  85   1          char mi,temp;
  86   1          char *p = 0;
  87   1      
  88   1          
  89   1          if(inputbuf != 0x37)        //如果没有按退出键
  90   1          {
  91   2            
  92   2            if(_kbhit())              //检测输入
  93   2            {
  94   3              inputbuf = _getch();    //获取输入
  95   3              
  96   3              switch(inputbuf)        //检测按键动作，若与原方向不冲突则执行，覆盖原动作
  97   3              {
  98   4                case 0x27 :if(move != 0x25)move = 0x27; break;
  99   4                case 0x25 :if(move != 0x27)move = 0x25; break;
 100   4                case 0x28 :if(move != 0x26)move = 0x28; break;
 101   4                case 0x26 :if(move != 0x28)move = 0x26; break;
 102   4              }
 103   3            }
 104   2            
 105   2            switch(move)             //输入检测
 106   2            {
 107   3              case 0x27:p = &X, *p -= 1; break; //指针p指向坐标轴，更新坐标
 108   3              case 0x25:p = &X, *p += 1; break;
 109   3              case 0x28:p = &Y, *p += 1; break;
 110   3              case 0x26:p = &Y, *p -= 1; break;
 111   3            }
 112   2            
 113   2            *p = (*p + 8) % 8;               //如果越界，则移动到另一端
 114   2            
 115   2            p = map + X + Y * 8;             //p指向蛇头对应的地图元素
C51 COMPILER V9.56.0.0   STC_SNAKE                                                         03/07/2022 18:09:40 PAGE 3   

 116   2            
 117   2            if(*p > 1)                       //如果撞到自己
 118   2            {
 119   3            
 120   3              return 1;                      //游戏结束
 121   3            }
 122   2            
 123   2            if(*p == -1)                     //如果吃到食物
 124   2            {
 125   3              while (map[i = rand()%64]);    //地图上另寻空地
 126   3              
 127   3              map[i] = -1,len += 1;           //放置食物，蛇长+1
 128   3              
 129   3            }
 130   2            else
 131   2            {
 132   3              for(i = 0; i < 64;i++)         //前进方向为空地
 133   3              {
 134   4                if(map[i]>0)                 //去除蛇尾
 135   4                {
 136   5                  map[i]--;
 137   5                }
 138   4              }
 139   3            }
 140   2            for(*p = len,mi = 0, i = 0,temp = 0; i<64;)    //遍历地图为蛇头赋值
 141   2            {
 142   3              if(map[i] == 0)
 143   3              {
 144   4                dztBuff[mi] = dztBuff[mi] & (~(0x80 >> (temp)));
 145   4              }
 146   3              else if(map[i] > 0)
 147   3              {
 148   4                dztBuff[mi] = dztBuff[mi] | (0x80 >> (temp));
 149   4              }
 150   3              else
 151   3              {
 152   4                dztBuff[mi] = dztBuff[mi] | (0x80 >> (temp));
 153   4              } 
 154   3      
 155   3                i++;
 156   3              temp = i % 8;
 157   3              if(temp == 0)    //如果到下一行元素
 158   3              {
 159   4                mi++;
 160   4              }
 161   3            }
 162   2          
 163   2            return 0;
 164   2          }
 165   1        
 166   1          else
 167   1          {
 168   2            return 1;
 169   2          }
 170   1      }
 171          
 172          
 173          void UpdateSmg(unsigned int val)   //分数与随机数显示，将数字转换到缓存中
 174          {
 175   1          LedBuff_01 = ~(0x80>>(val%8));
 176   1        
 177   1          smgBuff[0] = LedChar[val%10];
C51 COMPILER V9.56.0.0   STC_SNAKE                                                         03/07/2022 18:09:40 PAGE 4   

 178   1          smgBuff[1] = LedChar[val/10%10];
 179   1          smgBuff[2] = LedChar[val/100%10];
 180   1          smgBuff[3] = LedChar[val/1000%10];
 181   1          smgBuff[4] = LedChar[val/10000%10];
 182   1          smgBuff[5] = LedChar[val/100000%10];    
 183   1      }
 184          
 185          
 186          
 187          void InitSys(unsigned char val)        //显示功能初始化
 188          {
 189   1        unsigned char i;
 190   1      
 191   1      
 192   1        LedBuff_01 = val;
 193   1        
 194   1        for(i = 0; i < 8; i++)
 195   1        {
 196   2          if(i < 6)
 197   2          {
 198   3            smgBuff[i] = val;
 199   3          }
 200   2          dztBuff[i] = ~val;
 201   2        } 
 202   1      }
 203          
 204          
 205          
 206          
 207          
 208          void Snake_while()              //贪吃蛇主函数调用程序
 209          {
 210   1      
 211   1      switch(mode)
 212   1          {
 213   2            case 1://系统初始化，点亮所有LED确认显示功能正常
 214   2              
 215   2              InitSys(0);
 216   2            
 217   2              delay_01(100);
 218   2      
 219   2              InitSys(0xFF);
 220   2      
 221   2              mode = 2;
 222   2            
 223   2            break;
 224   2            
 225   2            case 2://检测按键，是否开始游戏
 226   2              
 227   2              KeyDriver();
 228   2      
 229   2              if(currentKeyVal == 0x36)   //按数字键6开始游戏
 230   2              {
 231   3                InitSys(0xFF);
 232   3                mode = 3;
 233   3                break;  
 234   3              }
 235   2      
 236   2              seed += _getch();     //生成随机食物种子并将种子数显示在数码管
 237   2              
 238   2              UpdateSmg(seed);      
 239   2              
C51 COMPILER V9.56.0.0   STC_SNAKE                                                         03/07/2022 18:09:40 PAGE 5   

 240   2            break;
 241   2              
 242   2            case 3://贪吃蛇游戏初始化
 243   2              
 244   2              InitGreedySnake();   
 245   2            
 246   2              mode = 4;
 247   2            
 248   2            break;
 249   2            
 250   2            case 4://游戏中
 251   2              
 252   2              i = 240 - (len*10);     //调整贪吃蛇移动速度
 253   2            
 254   2              if(i<40)
 255   2              {
 256   3                i = 40;
 257   3              }
 258   2              
 259   2              delay_01(i/4);
 260   2      
 261   2      
 262   2              KeyDriver();
 263   2      
 264   2              if (GreedySnake())   //游戏失败结束，蜂鸣器连续响动提示
 265   2                {
 266   3                  
 267   3                  mode = 5;
 268   3                  LedBuff_01 = 0;
 269   3                  Deja_Vu();
 270   3                }
 271   2                
 272   2              UpdateSmg(len - 3);  //显示游戏分数
 273   2                  
 274   2            break;
 275   2                  
 276   2            case 5: //游戏结束后蜂鸣器间鸣提示，并判断是否退出游戏
 277   2              
 278   2              KeyDriver();
 279   2      
 280   2              delay_01(10);
 281   2            
 282   2              i++;
 283   2      
 284   2              if(i>240)
 285   2              {
 286   3                i = 0;
 287   3              }
 288   2      
 289   2              if(i%10 == 0)
 290   2              {
 291   3                if(music == 0)
 292   3                {
 293   4                  OpenBuzz(1387);
 294   4                  delay_01(20);
 295   4                  StopBuzz();
 296   4                }
 297   3                else
 298   3                {
 299   4                  Deja_Vu();
 300   4                } 
 301   3              }
C51 COMPILER V9.56.0.0   STC_SNAKE                                                         03/07/2022 18:09:40 PAGE 6   

 302   2      
 303   2              if(_getch() == 0x37)   //按下数字键7退出游戏
 304   2              {
 305   3                InitSys(0xFF);
 306   3                mode = 2;
 307   3              }
 308   2              
 309   2            break; 
 310   2          }
 311   1      
 312   1      }
 313          
 314          
 315          
 316          
 317          
 318          
 319          
 320          
 321          
 322          
 323          


MODULE INFORMATION:   STATIC OVERLAYABLE
   CODE SIZE        =   1016    ----
   CONSTANT SIZE    =   ----    ----
   XDATA SIZE       =   ----    ----
   PDATA SIZE       =     88       3
   DATA SIZE        =   ----    ----
   IDATA SIZE       =   ----    ----
   BIT SIZE         =   ----    ----
END OF MODULE INFORMATION.


C51 COMPILATION COMPLETE.  0 WARNING(S),  0 ERROR(S)
