C51 COMPILER V9.56.0.0   STC_BUZZ                                                          03/22/2022 21:31:21 PAGE 1   


C51 COMPILER V9.56.0.0, COMPILATION OF MODULE STC_BUZZ
OBJECT MODULE PLACED IN .\Objects\stc_BUZZ.obj
COMPILER INVOKED BY: E:\keil5\keil5\C51\BIN\C51.EXE ..\Driver\stc_BUZZ.c COMPACT ROM(COMPACT) OPTIMIZE(8,SPEED) BROWSE I
                    -NCDIR(..\Include;..\Driver;..\System) DEBUG OBJECTEXTEND PRINT(.\Listings\stc_BUZZ.lst) TABS(2) OBJECT(.\Objects\stc_BUZ
                    -Z.obj)

line level    source

   1          
   2          #include <stc_BUZZ.h>
   3          #include <stc_delay.h>
   4          
   5          
   6          
   7           unsigned int code NoteFrequ[] = {
   8             1026, 1145, 1298, 1387, 1568,
   9             1760, 1976, 2093, 2349, 2637
  10          };
  11          
  12          
  13           unsigned char T1RH = 0;
  14           unsigned char T1RL = 0;
  15          
  16           
  17          
  18          
  19          
  20          void OpenBuzz(unsigned int frequ)
  21          {
  22   1        unsigned int reload;
  23   1      
  24   1        reload = 65535 - (11059200 / 12) / (frequ * 2);
  25   1        T1RH = (unsigned char)(reload >> 8);
  26   1        T1RL = (unsigned char)reload;
  27   1        TH1 = 0xFF;
  28   1        TL1 = 0xFE;
  29   1        ET1 = 1;
  30   1        TR1 = 1;
  31   1      
  32   1      }
  33          
  34          
  35          void StopBuzz()
  36          {
  37   1        ET1 = 0;
  38   1        TR1 = 0;
  39   1      }
  40          
  41          void Buzz_Warning()
  42          {
  43   1        OpenBuzz(1760);
  44   1        delay_02(100);
  45   1        StopBuzz(); 
  46   1        
  47   1        OpenBuzz(2093);
  48   1        delay_02(100);
  49   1        StopBuzz(); 
  50   1      
  51   1        OpenBuzz(2637);
  52   1        delay_01(10);
  53   1        StopBuzz(); 
C51 COMPILER V9.56.0.0   STC_BUZZ                                                          03/22/2022 21:31:21 PAGE 2   

  54   1      
  55   1      }
  56          
  57          
  58          
  59          
  60          


MODULE INFORMATION:   STATIC OVERLAYABLE
   CODE SIZE        =    102    ----
   CONSTANT SIZE    =     20    ----
   XDATA SIZE       =   ----    ----
   PDATA SIZE       =      2    ----
   DATA SIZE        =   ----    ----
   IDATA SIZE       =   ----    ----
   BIT SIZE         =   ----    ----
END OF MODULE INFORMATION.


C51 COMPILATION COMPLETE.  0 WARNING(S),  0 ERROR(S)
