C51 COMPILER V9.56.0.0   STC_DELAY                                                         03/22/2022 21:31:21 PAGE 1   


C51 COMPILER V9.56.0.0, COMPILATION OF MODULE STC_DELAY
OBJECT MODULE PLACED IN .\Objects\stc_delay.obj
COMPILER INVOKED BY: E:\keil5\keil5\C51\BIN\C51.EXE ..\System\stc_delay.c COMPACT ROM(COMPACT) OPTIMIZE(8,SPEED) BROWSE 
                    -INCDIR(..\Include;..\Driver;..\System) DEBUG OBJECTEXTEND PRINT(.\Listings\stc_delay.lst) TABS(2) OBJECT(.\Objects\stc_d
                    -elay.obj)

line level    source

   1          
   2          #include <stc_delay.h>
   3          
   4          
   5          void delay_01(unsigned int i)
   6          {
   7   1        unsigned int cnt = 0;
   8   1        
   9   1        while(i--)
  10   1        {
  11   2          for( ;cnt<50000;cnt++);
  12   2        }
  13   1      
  14   1      }
  15          
  16          void delay_02(unsigned int num) //ÑÓÊ±º¯Êý
  17          {
  18   1         unsigned int i;
  19   1         while(num--)
  20   1         for(i=0; i<628; i++);
  21   1          
  22   1      }
  23          
  24          
  25          
  26          
  27          
  28          
  29          
  30          
  31          


MODULE INFORMATION:   STATIC OVERLAYABLE
   CODE SIZE        =     96    ----
   CONSTANT SIZE    =   ----    ----
   XDATA SIZE       =   ----    ----
   PDATA SIZE       =   ----       4
   DATA SIZE        =   ----    ----
   IDATA SIZE       =   ----    ----
   BIT SIZE         =   ----    ----
END OF MODULE INFORMATION.


C51 COMPILATION COMPLETE.  0 WARNING(S),  0 ERROR(S)
