C51 COMPILER V9.60.0.0   INIT                                                              06/07/2023 21:56:33 PAGE 1   


C51 COMPILER V9.60.0.0, COMPILATION OF MODULE INIT
OBJECT MODULE PLACED IN .\Objects\init.obj
COMPILER INVOKED BY: E:\keil5\keil5\C51\BIN\C51.EXE Config\init.c OPTIMIZE(8,SPEED) BROWSE INCDIR(.\User;.\Driver;.\Syst
                    -em;.\Config) DEBUG OBJECTEXTEND PRINT(.\Listings\init.lst) OBJECT(.\Objects\init.obj)

line level    source

   1          #include "init.h"
   2          
   3          
   4          
   5          
   6          
   7          
   8          
   9          
  10          void Timer0Init()               //1毫秒@12.000MHz
  11          {
  12   1              AUXR |= 0x80;           //定时器时钟1T模式
  13   1              TMOD &= 0xF0;           //设置定时器模式
  14   1              TL0 = 0x20;             //设置定时初始值
  15   1              TH0 = 0xD1;             //设置定时初始值
  16   1              TF0 = 0;                //清除TF0标志
  17   1              TR0 = 1;                //定时器0开始计时
  18   1              
  19   1              ET0 = 1;
  20   1              EA = 1;
  21   1      }
  22          
  23          
  24          
  25          
  26          
  27          
  28          void LedBuzzInit()
  29          {
  30   1              P0 = 0xFF;
  31   1              HC138Set(4);
  32   1              HC138Set(0);
  33   1              P0 = 0x00;
  34   1              HC138Set(5);
  35   1              HC138Set(0);    
  36   1      }
  37          
  38          
  39          
  40          void HC138Set(unsigned char Y)
  41          {
  42   1              P2 &= 0x1F;
  43   1              P2 |= (Y & 0x07) << 5;  
  44   1      }
  45          
  46          
  47          
  48          
  49          
  50          
  51          
  52          


C51 COMPILER V9.60.0.0   INIT                                                              06/07/2023 21:56:33 PAGE 2   

MODULE INFORMATION:   STATIC OVERLAYABLE
   CODE SIZE        =     60    ----
   CONSTANT SIZE    =   ----    ----
   XDATA SIZE       =   ----    ----
   PDATA SIZE       =   ----    ----
   DATA SIZE        =   ----    ----
   IDATA SIZE       =   ----    ----
   BIT SIZE         =   ----    ----
END OF MODULE INFORMATION.


C51 COMPILATION COMPLETE.  0 WARNING(S),  0 ERROR(S)
