C51 COMPILER V9.60.0.0   KEY                                                               06/07/2023 21:56:33 PAGE 1   


C51 COMPILER V9.60.0.0, COMPILATION OF MODULE KEY
OBJECT MODULE PLACED IN .\Objects\key.obj
COMPILER INVOKED BY: E:\keil5\keil5\C51\BIN\C51.EXE Driver\key.c OPTIMIZE(8,SPEED) BROWSE INCDIR(.\User;.\Driver;.\Syste
                    -m;.\Config) DEBUG OBJECTEXTEND PRINT(.\Listings\key.lst) OBJECT(.\Objects\key.obj)

line level    source

   1          #include "key.h"
   2          
   3          
   4          
   5          
   6          unsigned char code Key_Map[4] = {'7','6','5','4'};
   7          
   8          
   9          unsigned char Key_Sta[4] = {1,1,1,1};
  10          
  11          
  12          unsigned char Distence_Cnt = 0;
  13          
  14          unsigned char Menu_Mode = 0;
  15          
  16          bit flag_DataShowMode = 0;
  17          unsigned char DataBackup_Cnt = 1;
  18          
  19          unsigned char Parm_Distence = 20;
  20          unsigned char Parm_Distence_Buf = 20;
  21          
  22          unsigned int Distence_LastIncNow = 0;
  23          
  24          
  25          
  26          void KeyAction0(unsigned char keycode)
  27          {
  28   1              if(keycode == '4')
  29   1              {
  30   2                      DistenceRead_Start();
  31   2                      flag_Led1 = 1;
  32   2                      flag_LedFlash = 0;
  33   2                      Led_FlashCnt = 0;
  34   2              }
  35   1              else if(keycode == '5')
  36   1              {
  37   2                      if(Menu_Mode == 0)
  38   2                      {
  39   3                              Menu_Mode = 1;
  40   3                              flag_DataShowMode = 0;
  41   3                      }
  42   2                      else if(Menu_Mode == 1)
  43   2                      {
  44   3                              Menu_Mode = 0;
  45   3                              DataBackup_Cnt = 1;
  46   3                      }
  47   2              }
  48   1              else if(keycode == '6')
  49   1              {
  50   2                      if(Menu_Mode != 2)
  51   2                      {
  52   3                              Menu_Mode = 2;
  53   3                              DataBackup_Cnt = 1;     
  54   3                              flag_DataShowMode = 0;  
C51 COMPILER V9.60.0.0   KEY                                                               06/07/2023 21:56:33 PAGE 2   

  55   3                              Parm_Distence_Buf = Parm_Distence;
  56   3                      }
  57   2                      else
  58   2                      {
  59   3                              Menu_Mode = 0;
  60   3                              Parm_Distence = Parm_Distence_Buf;
  61   3                              EEPROM_WriteByte(PARM_ADDR,Parm_Distence);
  62   3                      }
  63   2              }
  64   1              else if(keycode == '7')
  65   1              {
  66   2                      if(Menu_Mode == 0)
  67   2                      {
  68   3                              flag_DataShowMode = ~flag_DataShowMode;
  69   3                      }
  70   2                      else if(Menu_Mode == 1)
  71   2                      {
  72   3                              DataBackup_Cnt++;
  73   3                              if(DataBackup_Cnt > 10)
  74   3                              {
  75   4                                      DataBackup_Cnt = 1;
  76   4                              }
  77   3                      }
  78   2                      else if(Menu_Mode == 2)
  79   2                      {
  80   3                              Parm_Distence_Buf += 10;
  81   3                              if(Parm_Distence_Buf > 90)
  82   3                              {
  83   4                                      Parm_Distence_Buf = 0;
  84   4                              }
  85   3                      }
  86   2              }
  87   1      
  88   1      }
  89          
  90          void KeyAction1(unsigned char keycode)
  91          {
  92   1              if(keycode == '4')
  93   1              {
  94   2                      ClearEEPROM();
  95   2                      ReadHistoryData();
  96   2              }
  97   1      
  98   1      }
  99          
 100          
 101          void DistenceRead_Start()
 102          {       
 103   1      //      unsigned char Addr_Buf = 0;
 104   1              
 105   1              Sonic_DistenceRead();
 106   1              Sonic_HistoryData[Distence_Cnt] = Sonic_Distence;               
 107   1              
 108   1              if(Distence_Cnt != 0)
 109   1              {
 110   2                      Distence_LastIncNow = Sonic_Distence + Sonic_HistoryData[Distence_Cnt - 1];
 111   2              }
 112   1              else
 113   1              {
 114   2                      Distence_LastIncNow = Sonic_Distence + Sonic_HistoryData[9];
 115   2              }
 116   1              
C51 COMPILER V9.60.0.0   KEY                                                               06/07/2023 21:56:33 PAGE 3   

 117   1              Distence_Cnt++;
 118   1              if(Distence_Cnt >= 10)
 119   1              {
 120   2                      Distence_Cnt = 0;
 121   2              }
 122   1              EEPROM_WriteByte(DISTENCE_CNT_ADDR,Distence_Cnt);
 123   1      }
 124          
 125          
 126          void KeyDriver()
 127          {
 128   1              unsigned char i = 0;
 129   1              static unsigned char Key_Backup[4] = {1,1,1,1};
 130   1              
 131   1              for(i=0;i<4;i++)
 132   1              {
 133   2                      if(Key_Backup[i] != Key_Sta[i])
 134   2                      {
 135   3                              if(Key_Backup[i] == 1)
 136   3                              {
 137   4                                      KeyAction0(Key_Map[i]);
 138   4                              }
 139   3                              else
 140   3                              {
 141   4                                      KeyAction1(Key_Map[i]);                         
 142   4                              }
 143   3                              
 144   3                              Key_Backup[i] = Key_Sta[i];
 145   3                      }
 146   2              }
 147   1      }
 148          
 149          
 150          
 151          
 152          
 153          
 154          void KeyScan()
 155          {
 156   1              static unsigned char Key_Out = 0;
 157   1              static unsigned char Key_Buff[4] = {0xFF,0xFF,0xFF,0xFF};
 158   1              
 159   1              switch(Key_Out)
 160   1              {
 161   2                      case 0: Key_Buff[0] = (Key_Buff[0] << 1) | KEY_OUT_0; break;
 162   2                      case 1: Key_Buff[1] = (Key_Buff[1] << 1) | KEY_OUT_1; break;
 163   2                      case 2: Key_Buff[2] = (Key_Buff[2] << 1) | KEY_OUT_2; break;
 164   2                      case 3: Key_Buff[3] = (Key_Buff[3] << 1) | KEY_OUT_3; break;
 165   2                      default: break;
 166   2              }
 167   1              
 168   1              if((Key_Buff[Key_Out] & 0x0F) == 0x00)
 169   1              {
 170   2                      Key_Sta[Key_Out] = 0;
 171   2              }
 172   1              else if((Key_Buff[Key_Out] & 0x0F) == 0x0F)
 173   1              {
 174   2                      Key_Sta[Key_Out] = 1;
 175   2              }       
 176   1              
 177   1              Key_Out++;
 178   1              Key_Out &= 0x03;
C51 COMPILER V9.60.0.0   KEY                                                               06/07/2023 21:56:33 PAGE 4   

 179   1      }
 180          
 181          
 182          
 183          
 184          
 185          
 186          
 187          
 188          
 189          
 190          


MODULE INFORMATION:   STATIC OVERLAYABLE
   CODE SIZE        =    419    ----
   CONSTANT SIZE    =      4    ----
   XDATA SIZE       =   ----    ----
   PDATA SIZE       =   ----    ----
   DATA SIZE        =     20       2
   IDATA SIZE       =   ----    ----
   BIT SIZE         =      1    ----
END OF MODULE INFORMATION.


C51 COMPILATION COMPLETE.  0 WARNING(S),  0 ERROR(S)
