C51 COMPILER V9.60.0.0   MAIN                                                              06/07/2023 21:56:33 PAGE 1   


C51 COMPILER V9.60.0.0, COMPILATION OF MODULE MAIN
OBJECT MODULE PLACED IN .\Objects\main.obj
COMPILER INVOKED BY: E:\keil5\keil5\C51\BIN\C51.EXE User\main.c OPTIMIZE(8,SPEED) BROWSE INCDIR(.\User;.\Driver;.\System
                    -;.\Config) DEBUG OBJECTEXTEND PRINT(.\Listings\main.lst) OBJECT(.\Objects\main.obj)

line level    source

   1          #include <config.h>
   2          
   3          
   4          
   5          
   6          
   7          
   8          
   9          
  10          bit flag10ms = 0;
  11          
  12          bit flag50ms = 0;
  13          
  14          bit flag100ms = 0;
  15          
  16          
  17          void DataRead();
  18          
  19          void main()
  20          {
  21   1              FirstReadData();
  22   1              LedBuzzInit();
  23   1              Timer0Init();
  24   1              PCA_Init();
  25   1              
  26   1              
  27   1              while(1)
  28   1              {
  29   2                      DataRead();
  30   2              }
  31   1      
  32   1      }
  33          
  34          void Timer0Int() interrupt 1
  35          {
  36   1              static unsigned int cnt = 0;
  37   1      
  38   1              
  39   1              cnt++;
  40   1              if((cnt % 10) == 0)
  41   1              {
  42   2                      flag10ms = 1;
  43   2              }
  44   1              if((cnt % 50) == 0)
  45   1              {
  46   2                      flag50ms = 1;
  47   2              }
  48   1              if((cnt % 100) == 0)
  49   1              {
  50   2                      flag100ms = 1;
  51   2              }
  52   1              if(cnt >= 1000)
  53   1              {
  54   2                      cnt = 0;
C51 COMPILER V9.60.0.0   MAIN                                                              06/07/2023 21:56:33 PAGE 2   

  55   2              }
  56   1              
  57   1      
  58   1              
  59   1              LedDisplay();
  60   1              SmgDisplay();
  61   1              KeyScan();
  62   1      }
  63          
  64          
  65          void DataRead()
  66          {
  67   1              unsigned char DAC_Buf = 0;
  68   1              float Data_Buf = 0;
  69   1              
  70   1              if(flag10ms == 1)
  71   1              {
  72   2                      flag10ms = 0;
  73   2                      SmgMenuMain();          
  74   2              }
  75   1              if(flag50ms == 1)
  76   1              {
  77   2                      flag50ms = 0;
  78   2                      KeyDriver();            
  79   2              }
  80   1              if(flag100ms == 1)
  81   1              {
  82   2                      flag100ms = 0;
  83   2                      if(Sonic_Distence <= Parm_Distence)
  84   2                      {
  85   3                              DAC_Output(0);
  86   3                      }
  87   2                      else
  88   2                      {
  89   3                              Data_Buf = Sonic_Distence - Parm_Distence;
  90   3                              Data_Buf *= 0.02;
  91   3                              Data_Buf *= 53.125;
  92   3                              if(Data_Buf > 255)
  93   3                              {
  94   4                                      DAC_Buf = 255;
  95   4                              }
  96   3                              else
  97   3                              {
  98   4                                      DAC_Buf = Data_Buf;
  99   4                              }
 100   3                              DAC_Output(DAC_Buf);
 101   3                      }
 102   2              }
 103   1      }
 104          
 105          
 106          
 107          
 108          


MODULE INFORMATION:   STATIC OVERLAYABLE
   CODE SIZE        =    311    ----
   CONSTANT SIZE    =   ----    ----
   XDATA SIZE       =   ----    ----
   PDATA SIZE       =   ----    ----
   DATA SIZE        =      2       5
C51 COMPILER V9.60.0.0   MAIN                                                              06/07/2023 21:56:33 PAGE 3   

   IDATA SIZE       =   ----    ----
   BIT SIZE         =      3    ----
END OF MODULE INFORMATION.


C51 COMPILATION COMPLETE.  0 WARNING(S),  0 ERROR(S)
