C51 COMPILER V9.60.0.0   IIC                                                               03/30/2023 21:50:46 PAGE 1   


C51 COMPILER V9.60.0.0, COMPILATION OF MODULE IIC
OBJECT MODULE PLACED IN .\Objects\iic.obj
COMPILER INVOKED BY: E:\keil5\keil5\C51\BIN\C51.EXE ..\System\iic.c OPTIMIZE(8,SPEED) BROWSE INCDIR(..\Driver;..\Config;
                    -..\System;..\User) DEBUG OBJECTEXTEND PRINT(.\Listings\iic.lst) OBJECT(.\Objects\iic.obj)

line level    source

   1          #include "iic.h"
   2          
   3          #define DELAY_TIME 40
   4          
   5          
   6          
   7          void Init_PCF8591()
   8          {
   9   1              IIC_Start();
  10   1              IIC_SendByte(0X90);
  11   1              IIC_WaitAck();
  12   1              IIC_SendByte(0X03);
  13   1              IIC_WaitAck();
  14   1              IIC_Stop();
  15   1      }
  16          
  17          void DAC_PCF8591(unsigned char dat)
  18          {
  19   1              IIC_Start();
  20   1              IIC_SendByte(0X90);     
  21   1              IIC_WaitAck();
  22   1              IIC_SendByte(0X40);
  23   1              IIC_WaitAck();
  24   1              
  25   1              IIC_SendByte(dat);      
  26   1              IIC_WaitAck();  
  27   1              IIC_Stop();
  28   1      }
  29          
  30          
  31          
  32          //I2C总线内部延时函数
  33          void IIC_Delay(unsigned char i)
  34          {
  35   1          do{_nop_();}
  36   1          while(i--);        
  37   1      }
  38          
  39          //I2C总线启动信号
  40          void IIC_Start(void)
  41          {
  42   1          SDA = 1;
  43   1          SCL = 1;
  44   1          IIC_Delay(DELAY_TIME);
  45   1          SDA = 0;
  46   1          IIC_Delay(DELAY_TIME);
  47   1          SCL = 0;    
  48   1      }
  49          
  50          //I2C总线停止信号
  51          void IIC_Stop(void)
  52          {
  53   1          SDA = 0;
  54   1          SCL = 1;
C51 COMPILER V9.60.0.0   IIC                                                               03/30/2023 21:50:46 PAGE 2   

  55   1          IIC_Delay(DELAY_TIME);
  56   1          SDA = 1;
  57   1          IIC_Delay(DELAY_TIME);
  58   1      }
  59          
  60          ////发送应答或非应答信号
  61          //void IIC_SendAck(bit ackbit)
  62          //{
  63          //    SCL = 0;
  64          //    SDA = ackbit;                                     
  65          //    IIC_Delay(DELAY_TIME);
  66          //    SCL = 1;
  67          //    IIC_Delay(DELAY_TIME);
  68          //    SCL = 0; 
  69          //    SDA = 1;
  70          //    IIC_Delay(DELAY_TIME);
  71          //}
  72          
  73          //等待应答
  74          bit IIC_WaitAck(void)
  75          {
  76   1          bit ackbit;
  77   1              
  78   1          SCL  = 1;
  79   1          IIC_Delay(DELAY_TIME);
  80   1          ackbit = SDA;
  81   1          SCL = 0;
  82   1          IIC_Delay(DELAY_TIME);
  83   1          return ackbit;
  84   1      }
  85          
  86          //I2C总线发送一个字节数据
  87          void IIC_SendByte(unsigned char byt)
  88          {
  89   1          unsigned char i;
  90   1      
  91   1          for(i=0; i<8; i++)
  92   1          {
  93   2              SCL  = 0;
  94   2              IIC_Delay(DELAY_TIME);
  95   2              if(byt & 0x80) SDA  = 1;
  96   2              else SDA  = 0;
  97   2              IIC_Delay(DELAY_TIME);
  98   2              SCL = 1;
  99   2              byt <<= 1;
 100   2              IIC_Delay(DELAY_TIME);
 101   2          }
 102   1          SCL  = 0;  
 103   1      }
 104          
 105          ////I2C总线接收一个字节数据
 106          //unsigned char IIC_RecByte(void)
 107          //{
 108          //    unsigned char i, da;
 109          //    for(i=0; i<8; i++)
 110          //    {   
 111          //      SCL = 1;
 112          //      IIC_Delay(DELAY_TIME);
 113          //      da <<= 1;
 114          //      if(SDA) da |= 1;
 115          //      SCL = 0;
 116          //      IIC_Delay(DELAY_TIME);
C51 COMPILER V9.60.0.0   IIC                                                               03/30/2023 21:50:46 PAGE 3   

 117          //    }
 118          //    return da;    
 119          //}


MODULE INFORMATION:   STATIC OVERLAYABLE
   CODE SIZE        =    163    ----
   CONSTANT SIZE    =   ----    ----
   XDATA SIZE       =   ----    ----
   PDATA SIZE       =   ----    ----
   DATA SIZE        =   ----       1
   IDATA SIZE       =   ----    ----
   BIT SIZE         =   ----       1
END OF MODULE INFORMATION.


C51 COMPILATION COMPLETE.  0 WARNING(S),  0 ERROR(S)
