C51 COMPILER V9.60.0.0   KEY                                                               03/30/2023 21:50:46 PAGE 1   


C51 COMPILER V9.60.0.0, COMPILATION OF MODULE KEY
OBJECT MODULE PLACED IN .\Objects\key.obj
COMPILER INVOKED BY: E:\keil5\keil5\C51\BIN\C51.EXE ..\Driver\key.c OPTIMIZE(8,SPEED) BROWSE INCDIR(..\Driver;..\Config;
                    -..\System;..\User) DEBUG OBJECTEXTEND PRINT(.\Listings\key.lst) OBJECT(.\Objects\key.obj)

line level    source

   1          #include "key.h"
   2          
   3          
   4          unsigned char code Key_Map[4][4] = {
   5                  {'1','2','3','A'},
   6                  {'4','5','6','B'},
   7                  {'7','8','9','C'},
   8                  {'*','0','#','D'}
   9          };
  10          
  11          unsigned char Key_Sta[4][4] = {
  12                  {1,1,1,1},{1,1,1,1},{1,1,1,1},{1,1,1,1}
  13          };
  14          
  15          unsigned char parmbuf = 0;
  16          
  17          bit DAC_Mode = 0;
  18          
  19          
  20          
  21          void KeyAction1(unsigned char keycode)
  22          {
  23   1              if(keycode == '*')
  24   1              {
  25   2                      Show_Mode++;
  26   2                      
  27   2                      if(Show_Mode >= 3)
  28   2                      {
  29   3                              Show_Mode = 0;
  30   3                      }
  31   2                      
  32   2                      if(Show_Mode != 1)
  33   2                      {
  34   3                              parm = parmbuf;
  35   3                      }
  36   2                      else
  37   2                      {
  38   3                              parmbuf = parm;
  39   3                      }
  40   2              }
  41   1              else if(keycode == '0')
  42   1              {
  43   2                      if(Show_Mode == 1)
  44   2                      {
  45   3                              if(parmbuf > 0)
  46   3                              {
  47   4                                      parmbuf--;
  48   4                              }
  49   3                              else
  50   3                              {
  51   4                                      parmbuf = 0;
  52   4                              }
  53   3                      }
  54   2              }
C51 COMPILER V9.60.0.0   KEY                                                               03/30/2023 21:50:46 PAGE 2   

  55   1              else if(keycode == '8')
  56   1              {
  57   2                      if(Show_Mode == 1)
  58   2                      {
  59   3                              parmbuf++;
  60   3                      }
  61   2              }
  62   1              else if(keycode == '7')
  63   1              {
  64   2                      DAC_Mode = ~DAC_Mode;
  65   2              }
  66   1      }
  67                  
  68          void KeyAction2(unsigned char keycode)
  69          {
  70   1              if(keycode == '1')
  71   1              {
  72   2              
  73   2              }
  74   1              else if(keycode == '2')
  75   1              {
  76   2              
  77   2              }
  78   1      }
  79          
  80          
  81          
  82          void KeyDriver()
  83          {
  84   1              unsigned char i,j;
  85   1              static unsigned char backup[4][4] = {
  86   1                      {1,1,1,1},{1,1,1,1},{1,1,1,1},{1,1,1,1}
  87   1              }; 
  88   1              
  89   1              for(i=0;i<4;i++)
  90   1              {
  91   2                      for(j=0;j<4;j++)
  92   2                      {
  93   3                              if(Key_Sta[i][j] != backup[i][j])
  94   3                              {
  95   4                                      if(backup[i][j] == 1)
  96   4                                      {
  97   5                                              KeyAction1(Key_Map[i][j]);
  98   5                                      }
  99   4                                      else
 100   4                                      {
 101   5                                              KeyAction2(Key_Map[i][j]);
 102   5                                      }
 103   4                                      backup[i][j] = Key_Sta[i][j];
 104   4                              }
 105   3                      }
 106   2              }
 107   1      }
 108          
 109          void KeyScan()
 110          {
 111   1              unsigned char i = 0;
 112   1              static unsigned char keyout = 0;
 113   1              static unsigned char KeyBuff[4][4] = {
 114   1                      {0xFF,0xFF,0xFF,0xFF},{0xFF,0xFF,0xFF,0xFF},
 115   1                      {0xFF,0xFF,0xFF,0xFF},{0xFF,0xFF,0xFF,0xFF}
 116   1              };
C51 COMPILER V9.60.0.0   KEY                                                               03/30/2023 21:50:46 PAGE 3   

 117   1              
 118   1              KeyBuff[keyout][0] = (KeyBuff[keyout][0] << 1) | KEY_IN_0;
 119   1              KeyBuff[keyout][1] = (KeyBuff[keyout][1] << 1) | KEY_IN_1;
 120   1              KeyBuff[keyout][2] = (KeyBuff[keyout][2] << 1) | KEY_IN_2;
 121   1              KeyBuff[keyout][3] = (KeyBuff[keyout][3] << 1) | KEY_IN_3;
 122   1              
 123   1              for(i=0;i<4;i++)
 124   1              {
 125   2                      if((KeyBuff[keyout][i] & 0x0F) == 0x00)
 126   2                      {
 127   3                              Key_Sta[keyout][i] = 0;
 128   3                      }
 129   2                      else if((KeyBuff[keyout][i] & 0x0F) == 0x0F)
 130   2                      {
 131   3                              Key_Sta[keyout][i] = 1;
 132   3                      }
 133   2              }
 134   1              
 135   1              keyout++;
 136   1              if(keyout >= 4)
 137   1              {
 138   2                      keyout = 0;
 139   2              }
 140   1              
 141   1              switch(keyout)
 142   1              {
 143   2                      case 0: KEY_OUT_3 = 1; KEY_OUT_0 = 0; break;
 144   2                      case 1: KEY_OUT_0 = 1; KEY_OUT_1 = 0; break;
 145   2                      case 2: KEY_OUT_1 = 1; KEY_OUT_2 = 0; break;
 146   2                      case 3: KEY_OUT_2 = 1; KEY_OUT_3 = 0; break;
 147   2                      default: break;
 148   2              }       
 149   1      }
 150          
 151          
 152          
 153          
 154          
 155          
 156          
 157          
 158          
 159          


MODULE INFORMATION:   STATIC OVERLAYABLE
   CODE SIZE        =    467    ----
   CONSTANT SIZE    =     16    ----
   XDATA SIZE       =   ----    ----
   PDATA SIZE       =   ----    ----
   DATA SIZE        =     50       1
   IDATA SIZE       =   ----    ----
   BIT SIZE         =      1    ----
END OF MODULE INFORMATION.


C51 COMPILATION COMPLETE.  0 WARNING(S),  0 ERROR(S)
