C51 COMPILER V9.60.0.0   MAIN                                                              03/30/2023 21:50:46 PAGE 1   


C51 COMPILER V9.60.0.0, COMPILATION OF MODULE MAIN
OBJECT MODULE PLACED IN .\Objects\main.obj
COMPILER INVOKED BY: E:\keil5\keil5\C51\BIN\C51.EXE main.c OPTIMIZE(8,SPEED) BROWSE INCDIR(..\Driver;..\Config;..\System
                    -;..\User) DEBUG OBJECTEXTEND PRINT(.\Listings\main.lst) OBJECT(.\Objects\main.obj)

line level    source

   1          #include <config.h>
   2          
   3          
   4          unsigned int cnt = 0;
   5          
   6          float DAC = 0;
   7          
   8          bit flag750ms = 0;
   9          
  10          
  11          
  12          void ReadData();
  13          
  14          void main()
  15          {
  16   1              LedBuzzInit();
  17   1              Timer0Init();
  18   1              Init_PCF8591();
  19   1              InitDs18b20();
  20   1              TempRead();
  21   1              
  22   1              while(1)
  23   1              {
  24   2                      KeyDriver();
  25   2                      
  26   2                      ReadData();
  27   2                      
  28   2                      SmgShowMode();
  29   2              }
  30   1      
  31   1      }
  32          
  33          
  34          void Timer0_int() interrupt 1
  35          {
  36   1              cnt++;
  37   1              if(cnt >= 750)
  38   1              {
  39   2                      cnt = 0;
  40   2                      flag750ms = 1;
  41   2              }
  42   1              
  43   1              SmgDisplay();
  44   1              LedMode();      
  45   1              KeyScan();
  46   1      }
  47          
  48          void ReadData()
  49          {
  50   1              unsigned char DAC_Buf = 0;
  51   1              if(flag750ms == 1)
  52   1              {
  53   2                      flag750ms = 0;
  54   2                      temp = TempRead();
C51 COMPILER V9.60.0.0   MAIN                                                              03/30/2023 21:50:46 PAGE 2   

  55   2                      InitDs18b20();
  56   2              }
  57   1              
  58   1              if(DAC_Mode == 0)
  59   1              {
  60   2                      if(temp >= (parm*100))
  61   2                      {
  62   3                              DAC = 255;
  63   3                      }
  64   2                      else
  65   2                      {
  66   3                              DAC = 0;
  67   3                      }
  68   2                      DAC_PCF8591(DAC);
  69   2                      DAC = (DAC/51)*1000;
  70   2                      DAC_Number = DAC;
  71   2              }
  72   1              else
  73   1              {
  74   2                      if(temp <= 2000)
  75   2                      {
  76   3                              DAC = 53.125;
  77   3                      }
  78   2                      else if(temp >= 4000)
  79   2                      {
  80   3                              DAC = 212.5;
  81   3                      }
  82   2                      else
  83   2                      {
  84   3                              DAC = temp;
  85   3                              DAC = (((DAC/100)*0.15) - 2)*53.125;
  86   3                      }
  87   2                      DAC_PCF8591(DAC);
  88   2                      DAC = (DAC/53.125)*1000;        
  89   2                      DAC_Number = DAC;
  90   2              }
  91   1      }
  92          
  93          
  94          
  95          
  96          
  97          
  98          
  99          


MODULE INFORMATION:   STATIC OVERLAYABLE
   CODE SIZE        =    371    ----
   CONSTANT SIZE    =   ----    ----
   XDATA SIZE       =   ----    ----
   PDATA SIZE       =   ----    ----
   DATA SIZE        =      6       1
   IDATA SIZE       =   ----    ----
   BIT SIZE         =      1    ----
END OF MODULE INFORMATION.


C51 COMPILATION COMPLETE.  0 WARNING(S),  0 ERROR(S)
