C51 COMPILER V9.60.0.0   ONEWIRE                                                           03/30/2023 21:50:46 PAGE 1   


C51 COMPILER V9.60.0.0, COMPILATION OF MODULE ONEWIRE
OBJECT MODULE PLACED IN .\Objects\onewire.obj
COMPILER INVOKED BY: E:\keil5\keil5\C51\BIN\C51.EXE ..\System\onewire.c OPTIMIZE(8,SPEED) BROWSE INCDIR(..\Driver;..\Con
                    -fig;..\System;..\User) DEBUG OBJECTEXTEND PRINT(.\Listings\onewire.lst) OBJECT(.\Objects\onewire.obj)

line level    source

   1          #include "onewire.h"
   2          
   3          
   4          
   5          void InitDs18b20()
   6          {
   7   1              init_ds18b20();
   8   1              Write_DS18B20(0xCC);
   9   1              Write_DS18B20(0x44);
  10   1      }
  11          
  12          unsigned int TempRead()
  13          {
  14   1              unsigned int Temp = 0;  
  15   1              unsigned char LSB,MSB;
  16   1                      
  17   1              init_ds18b20();
  18   1              Write_DS18B20(0xCC);
  19   1              Write_DS18B20(0xBE);
  20   1                              
  21   1              LSB = Read_DS18B20();
  22   1              MSB = Read_DS18B20();
  23   1              
  24   1              Temp = MSB;
  25   1              Temp = (Temp << 8) | LSB;
  26   1              
  27   1              if((Temp & 0xF800) == 0x000)
  28   1              {
  29   2                      Temp = Temp >> 4;               
  30   2                      Temp = Temp * 100;              
  31   2                      Temp = Temp + (LSB & 0x0F)*6.25;
  32   2              }
  33   1              
  34   1              return Temp;
  35   1              
  36   1      }
  37          
  38          
  39          
  40          //单总线内部延时函数
  41          void Delay_OneWire(unsigned int t)  
  42          {
  43   1              t = t * 12;
  44   1              while (t--);
  45   1      }
  46          
  47          //单总线写操作
  48          void Write_DS18B20(unsigned char dat)
  49          {
  50   1              unsigned char i;
  51   1              for(i=0;i<8;i++)
  52   1              {
  53   2                      DQ = 0;
  54   2                      DQ = dat&0x01;
C51 COMPILER V9.60.0.0   ONEWIRE                                                           03/30/2023 21:50:46 PAGE 2   

  55   2                      Delay_OneWire(5);
  56   2                      DQ = 1;
  57   2                      dat >>= 1;
  58   2              }
  59   1              Delay_OneWire(5);
  60   1      }
  61          
  62          //单总线读操作
  63          unsigned char Read_DS18B20(void)
  64          {
  65   1              unsigned char i;
  66   1              unsigned char dat;
  67   1        
  68   1              for(i=0;i<8;i++)
  69   1              {
  70   2                      DQ = 0;
  71   2                      dat >>= 1;
  72   2                      DQ = 1;
  73   2                      if(DQ)
  74   2                      {
  75   3                              dat |= 0x80;
  76   3                      }           
  77   2                      Delay_OneWire(5);
  78   2              }
  79   1              return dat;
  80   1      }
  81          
  82          //DS18B20初始化
  83          bit init_ds18b20(void)
  84          {
  85   1              bit initflag = 0;
  86   1              
  87   1              DQ = 1;
  88   1              Delay_OneWire(12);
  89   1              DQ = 0;
  90   1              Delay_OneWire(80);
  91   1              DQ = 1;
  92   1              Delay_OneWire(10); 
  93   1          initflag = DQ;     
  94   1              Delay_OneWire(5);
  95   1        
  96   1              return initflag;
  97   1      }


MODULE INFORMATION:   STATIC OVERLAYABLE
   CODE SIZE        =    283    ----
   CONSTANT SIZE    =   ----    ----
   XDATA SIZE       =   ----    ----
   PDATA SIZE       =   ----    ----
   DATA SIZE        =   ----       3
   IDATA SIZE       =   ----    ----
   BIT SIZE         =   ----       1
END OF MODULE INFORMATION.


C51 COMPILATION COMPLETE.  0 WARNING(S),  0 ERROR(S)
