C51 COMPILER V9.56.0.0   DS1302                                                            04/15/2022 17:18:19 PAGE 1   


C51 COMPILER V9.56.0.0, COMPILATION OF MODULE DS1302
OBJECT MODULE PLACED IN .\Objects\ds1302.obj
COMPILER INVOKED BY: E:\keil5\keil5\C51\BIN\C51.EXE ..\Include\ds1302.c OPTIMIZE(8,SPEED) BROWSE INCDIR(..\Driver;..\Inc
                    -lude;..\System;..\User) DEBUG OBJECTEXTEND PRINT(.\Listings\ds1302.lst) OBJECT(.\Objects\ds1302.obj)

line level    source

   1          #include "ds1302.h"                                                                     
   2          
   3          
   4          unsigned char code Write_DS1302_ADDR[7] = {0x80,0x82,0x84,0x86,0x88,0x8A,0x8C};
   5          unsigned char code Read_DS1302_ADDR[7] = {0x81,0x83,0x85,0x87,0x89,0x8B,0x8D};
   6          
   7          unsigned char pdata Timer[7] = {0x25,0x30,0x08,0x01,0x04,0x02,0x22};
   8          
   9          //写字节
  10          void Write_Ds1302(unsigned  char temp) 
  11          {
  12   1              unsigned char i;
  13   1              for (i=0;i<8;i++)       
  14   1              { 
  15   2                      SCK = 0;
  16   2                      SDA = temp&0x01;
  17   2                      temp>>=1; 
  18   2                      SCK=1;
  19   2              }
  20   1      }   
  21          
  22          //向DS1302寄存器写入数据
  23          void Write_Ds1302_Byte( unsigned char address,unsigned char dat )     
  24          {
  25   1              RST=0;  _nop_();
  26   1              SCK=0;  _nop_();
  27   1              RST=1;  _nop_();  
  28   1              Write_Ds1302(address);  
  29   1              Write_Ds1302(dat);              
  30   1              RST=0; 
  31   1      }
  32          
  33          //从DS1302寄存器读出数据
  34          unsigned char Read_Ds1302_Byte ( unsigned char address )
  35          {
  36   1              unsigned char i,temp=0x00;
  37   1              RST=0;  _nop_();
  38   1              SCK=0;  _nop_();
  39   1              RST=1;  _nop_();
  40   1              Write_Ds1302(address);
  41   1              for (i=0;i<8;i++)       
  42   1              {               
  43   2                      SCK=0;
  44   2                      temp>>=1;       
  45   2                      if(SDA)
  46   2                      temp|=0x80;     
  47   2                      SCK=1;
  48   2              } 
  49   1              RST=0;  _nop_();
  50   1              SCK=0;  _nop_();
  51   1              SCK=1;  _nop_();
  52   1              SDA=0;  _nop_();
  53   1              SDA=1;  _nop_();
  54   1              return (temp);                  
C51 COMPILER V9.56.0.0   DS1302                                                            04/15/2022 17:18:19 PAGE 2   

  55   1      }
  56          
  57          
  58          void DS1302_Config()
  59          {
  60   1              char i;
  61   1              
  62   1              Write_Ds1302_Byte(0x8E,0x00);
  63   1              for(i=0;i<7;i++)
  64   1              {
  65   2                      Write_Ds1302_Byte(Write_DS1302_ADDR[i],Timer[i]);
  66   2              }
  67   1              Write_Ds1302_Byte(0x8E,0x00);
  68   1      
  69   1      }
  70          
  71          void DS1302_Read()
  72          {
  73   1              if(workmod == 1)
  74   1              {
  75   2                      char i;
  76   2                      for(i=0;i<7;i++)
  77   2                      {
  78   3                              Timer[i] = Read_Ds1302_Byte(Read_DS1302_ADDR[i]);
  79   3                      }
  80   2              }
  81   1      
  82   1      }
  83          
  84          
  85          
  86          
  87          


MODULE INFORMATION:   STATIC OVERLAYABLE
   CODE SIZE        =    189    ----
   CONSTANT SIZE    =     14    ----
   XDATA SIZE       =   ----    ----
   PDATA SIZE       =      7    ----
   DATA SIZE        =   ----       1
   IDATA SIZE       =   ----    ----
   BIT SIZE         =   ----    ----
END OF MODULE INFORMATION.


C51 COMPILATION COMPLETE.  0 WARNING(S),  0 ERROR(S)
