C51 COMPILER V9.56.0.0   INIT                                                              04/15/2022 17:18:29 PAGE 1   


C51 COMPILER V9.56.0.0, COMPILATION OF MODULE INIT
OBJECT MODULE PLACED IN .\Objects\init.obj
COMPILER INVOKED BY: E:\keil5\keil5\C51\BIN\C51.EXE ..\System\init.c OPTIMIZE(8,SPEED) BROWSE INCDIR(..\Driver;..\Includ
                    -e;..\System;..\User) DEBUG OBJECTEXTEND PRINT(.\Listings\init.lst) OBJECT(.\Objects\init.obj)

line level    source

   1          #include <init.h>
   2          
   3          
   4          
   5          typedef struct _TASK_COMPONENTS
   6          {
   7                  char run;                       //程序运行标志位;0不运行，1运行;
   8                  char Time;                      //计时器
   9                  char itvTime;                   //任务运行间隔
  10                  void (*TaskHook)();    //要执行的任务函数
  11                  
  12          }TASK_COMPONENTS;
  13          
  14          
  15          static TASK_COMPONENTS TaskComps[] =
  16          {
  17                  {0,50,50,Led_18B20Buff},
  18            {0,250,250,Led_DS1302Buff},
  19                  {0,30,50,DS18B20_Read},
  20                  {0,150,150,Key_Driver},
  21                  {0,200,250,DS1302_Read}
  22          };
  23          
  24          typedef enum _TASK_LIST    //任务清单
  25          {
  26            TASK_LED_DS18B20,
  27            TASK_LED_DS1302,
  28                  TASK_DS18B20,   
  29                  TASK_KEY_SCAN,
  30                  TASK_DS1302,
  31                  
  32                  TASK_MAX
  33                  
  34          }TASK_LIST;
  35          
  36          
  37          void TaskRemarks()              //中断服务函数，根据设定时间片进行任务轮询
  38          {
  39   1        static unsigned char i;
  40   1              
  41   1              for(i = 0; i < TASK_MAX ;i++)
  42   1              {
  43   2                      if(TaskComps[i].Time != 0)
  44   2                      {
  45   3                              TaskComps[i].Time--;
  46   3                              if(TaskComps[i].Time == 0)
  47   3                              {
  48   4                                      TaskComps[i].Time = TaskComps[i].itvTime;
  49   4                                      TaskComps[i].run = 1;           
  50   4                              }
  51   3                      }
  52   2              }
  53   1              
  54   1      }
C51 COMPILER V9.56.0.0   INIT                                                              04/15/2022 17:18:29 PAGE 2   

  55          
  56          void TaskProcess()
  57          {
  58   1              unsigned char i;
  59   1              
  60   1              for(i=0;i<TASK_MAX;i++)
  61   1              {
  62   2                      if(TaskComps[i].run != 0)
  63   2                      {
  64   3                              TaskComps[i].TaskHook();
  65   3                              TaskComps[i].run = 0;
  66   3                      }
  67   2              }
  68   1      }
  69          
  70          
  71          
  72          
  73          void Timer0init()
  74          {
  75   1              AUXR |= 0x80;           
  76   1              TMOD &= 0xF0;   
  77   1              TL0 = 0xCD;     
  78   1              TH0 = 0xD4;             
  79   1              TF0 = 0;        
  80   1              TR0 = 1;        
  81   1              ET0 = 1;
  82   1              EA = 1; 
  83   1      }
  84          
  85          void Timer1init()
  86          {
  87   1              AUXR |= 0x40;           
  88   1              TMOD &= 0x0F;   
  89   1              TL1 = 0xFF;     
  90   1              TH1 = 0xFE;             
  91   1              TF1 = 0;        
  92   1              TR1 = 1;        
  93   1              ET1 = 1;
  94   1              EA = 1; 
  95   1      }
  96          
  97          
  98          void HC138(unsigned char Y)
  99          {
 100   1              switch(Y)
 101   1              {
 102   2                      case 0:P2 = (P2 & 0x1f) | 0x00; break;
 103   2                      case 1:P2 = (P2 & 0x1f) | 0x20; break;
 104   2                      case 2:P2 = (P2 & 0x1f) | 0x40; break;
 105   2                      case 3:P2 = (P2 & 0x1f) | 0x60; break;
 106   2                      case 4:P2 = (P2 & 0x1f) | 0x80; break;
 107   2                      case 5:P2 = (P2 & 0x1f) | 0xA0; break;
 108   2                      case 6:P2 = (P2 & 0x1f) | 0xC0; break;
 109   2                      case 7:P2 = (P2 & 0x1f) | 0xE0; break;
 110   2                      default: break;
 111   2              }
 112   1      }
 113          
 114          void ALL_INIT()
 115          {
 116   1              HC138(4);
C51 COMPILER V9.56.0.0   INIT                                                              04/15/2022 17:18:29 PAGE 3   

 117   1              P0 = 0xFF;
 118   1              HC138(5);
 119   1              P0 = 0x00;
 120   1              HC138(0);
 121   1      
 122   1      }
 123          
 124          //void delay(unsigned int t)
 125          //{
 126          //      while(t--);
 127          
 128          //}
 129          
 130          
 131          
 132          
 133          


MODULE INFORMATION:   STATIC OVERLAYABLE
   CODE SIZE        =    288    ----
   CONSTANT SIZE    =   ----    ----
   XDATA SIZE       =   ----    ----
   PDATA SIZE       =   ----    ----
   DATA SIZE        =     31       1
   IDATA SIZE       =   ----    ----
   BIT SIZE         =   ----    ----
END OF MODULE INFORMATION.


C51 COMPILATION COMPLETE.  0 WARNING(S),  0 ERROR(S)
