C51 COMPILER V9.56.0.0   KEY                                                               04/15/2022 17:18:19 PAGE 1   


C51 COMPILER V9.56.0.0, COMPILATION OF MODULE KEY
OBJECT MODULE PLACED IN .\Objects\key.obj
COMPILER INVOKED BY: E:\keil5\keil5\C51\BIN\C51.EXE ..\Driver\key.c OPTIMIZE(8,SPEED) BROWSE INCDIR(..\Driver;..\Include
                    -;..\System;..\User) DEBUG OBJECTEXTEND PRINT(.\Listings\key.lst) OBJECT(.\Objects\key.obj)

line level    source

   1          #include <key.h>
   2          
   3          
   4          
   5          unsigned char code KeyMap[4][4] = {
   6                  {0x07,0x11,0x15,0x19},
   7                  {0x06,0x10,0x14,0x18},
   8                  {0x05,0x09,0x13,0x17},
   9                  {0x04,0x08,0x12,0x16},
  10          };
  11          
  12          unsigned char Key_Sta[4][4] = {
  13                          {1,1,1,1},{1,1,1,1},{1,1,1,1},{1,1,1,1}
  14          }; 
  15          
  16          
  17          
  18          
  19          
  20          
  21          
  22          void KeyAction(unsigned char keycode)
  23          {
  24   1              if(keycode == 0x12)
  25   1              {
  26   2                workmod++;
  27   2                      if(workmod > 1)
  28   2                      {
  29   3                              workmod = 0;
  30   3                      }
  31   2              }
  32   1              
  33   1      }
  34          
  35          
  36          
  37          
  38          void Key_Driver()
  39          {
  40   1              static unsigned char i,j;
  41   1              static unsigned char backup[4][4] = {
  42   1                      {1,1,1,1},{1,1,1,1},{1,1,1,1},{1,1,1,1}
  43   1              };
  44   1              
  45   1              for(i=0;i<4;i++)
  46   1              {
  47   2                      for(j=0;j<4;j++)
  48   2                      {
  49   3                              if(backup[i][j] != Key_Sta[i][j])
  50   3                              {
  51   4                                      if(backup[i][j] != 0)
  52   4                                      {
  53   5                                        KeyAction(KeyMap[i][j]);
  54   5                                      }
C51 COMPILER V9.56.0.0   KEY                                                               04/15/2022 17:18:19 PAGE 2   

  55   4                                      backup[i][j] = Key_Sta[i][j];
  56   4                              }
  57   3                      }
  58   2              }       
  59   1      }
  60          
  61          void Key_Scan()
  62          {
  63   1        static unsigned char i;
  64   1              static unsigned char keyout;
  65   1              static unsigned char KeyBuf[4][4] = {
  66   1                              {0xFF,0xFF,0xFF,0xFF},{0xFF,0xFF,0xFF,0xFF},
  67   1                              {0xFF,0xFF,0xFF,0xFF},{0xFF,0xFF,0xFF,0xFF}
  68   1              };
  69   1      
  70   1              KeyBuf[keyout][0] = (KeyBuf[keyout][0] << 1) | KEY_IN_1;
  71   1              KeyBuf[keyout][1] = (KeyBuf[keyout][1] << 1) | KEY_IN_2;
  72   1              KeyBuf[keyout][2] = (KeyBuf[keyout][2] << 1) | KEY_IN_3;
  73   1              KeyBuf[keyout][3] = (KeyBuf[keyout][3] << 1) | KEY_IN_4;
  74   1      
  75   1              for(i=0;i<4;i++)
  76   1              {
  77   2                              if((KeyBuf[keyout][i] & 0x0F) == 0x00)
  78   2                              {
  79   3                                Key_Sta[keyout][i] = 0;
  80   3                              }
  81   2                              else if((KeyBuf[keyout][i] & 0x0F) == 0x0F)
  82   2                              {
  83   3                                Key_Sta[keyout][i] = 1;
  84   3                              }
  85   2              }
  86   1              
  87   1              keyout++;
  88   1              keyout = keyout & 0x03;
  89   1              
  90   1              switch(keyout)
  91   1              {
  92   2                      case 0:KEY_OUT_4 = 1;KEY_OUT_1 = 0; break;
  93   2                      case 1:KEY_OUT_1 = 1;KEY_OUT_2 = 0; break;
  94   2                      case 2:KEY_OUT_2 = 1;KEY_OUT_3 = 0; break;
  95   2                      case 3:KEY_OUT_3 = 1;KEY_OUT_4 = 0; break;
  96   2                      default: break;
  97   2              }
  98   1              
  99   1      }
 100          
 101          
 102          


MODULE INFORMATION:   STATIC OVERLAYABLE
   CODE SIZE        =    349    ----
   CONSTANT SIZE    =     16    ----
   XDATA SIZE       =   ----    ----
   PDATA SIZE       =   ----    ----
   DATA SIZE        =     52    ----
   IDATA SIZE       =   ----    ----
   BIT SIZE         =   ----    ----
END OF MODULE INFORMATION.


C51 COMPILATION COMPLETE.  0 WARNING(S),  0 ERROR(S)
