C51 COMPILER V9.56.0.0   MAIN                                                              04/15/2022 17:18:19 PAGE 1   


C51 COMPILER V9.56.0.0, COMPILATION OF MODULE MAIN
OBJECT MODULE PLACED IN .\Objects\main.obj
COMPILER INVOKED BY: E:\keil5\keil5\C51\BIN\C51.EXE main.c OPTIMIZE(8,SPEED) BROWSE INCDIR(..\Driver;..\Include;..\Syste
                    -m;..\User) DEBUG OBJECTEXTEND PRINT(.\Listings\main.lst) OBJECT(.\Objects\main.obj)

line level    source

   1          #include <config.h>
   2          
   3          #include <init.h>
   4          #include <ds1302.h>
   5          
   6          
   7          unsigned char workmod = 0;
   8          
   9          
  10          
  11          
  12          void main()
  13          {
  14   1        Timer0init();
  15   1              Timer1init();
  16   1              ALL_INIT();
  17   1              DS1302_Config();
  18   1      
  19   1              while(1)
  20   1              {
  21   2                TaskProcess();
  22   2              }
  23   1      
  24   1      }
  25          
  26          
  27          
  28          void Timer0() interrupt 1
  29          {
  30   1              TL0 = 0xCD;     
  31   1              TH0 = 0xD4;     
  32   1              
  33   1              Led_interrupt();        
  34   1      }
  35          
  36          void Timer1() interrupt 3
  37          {
  38   1              TL1 = 0xCD;     
  39   1              TH1 = 0xD4;     
  40   1              
  41   1      
  42   1              TaskRemarks();
  43   1              Key_Scan();     
  44   1      }
  45          
  46          
  47          


MODULE INFORMATION:   STATIC OVERLAYABLE
   CODE SIZE        =    150    ----
   CONSTANT SIZE    =   ----    ----
   XDATA SIZE       =   ----    ----
   PDATA SIZE       =   ----    ----
C51 COMPILER V9.56.0.0   MAIN                                                              04/15/2022 17:18:19 PAGE 2   

   DATA SIZE        =      1    ----
   IDATA SIZE       =   ----    ----
   BIT SIZE         =   ----    ----
END OF MODULE INFORMATION.


C51 COMPILATION COMPLETE.  0 WARNING(S),  0 ERROR(S)
