C51 COMPILER V9.56.0.0   ONEWIRE                                                           04/15/2022 17:23:16 PAGE 1   


C51 COMPILER V9.56.0.0, COMPILATION OF MODULE ONEWIRE
OBJECT MODULE PLACED IN .\Objects\onewire.obj
COMPILER INVOKED BY: E:\keil5\keil5\C51\BIN\C51.EXE ..\Include\onewire.c OPTIMIZE(8,SPEED) BROWSE INCDIR(..\Driver;..\In
                    -clude;..\System;..\User) DEBUG OBJECTEXTEND PRINT(.\Listings\onewire.lst) OBJECT(.\Objects\onewire.obj)

line level    source

   1          #include "onewire.h"
   2          
   3          //单总线内部延时函数
   4          void Delay_OneWire(unsigned int t)  
   5          {
   6   1              unsigned char i;
   7   1              while (t--)
   8   1                      for (i = 0; i < 12; i++);
   9   1      }
  10          
  11          //单总线写操作
  12          void Write_DS18B20(unsigned char dat)
  13          {
  14   1              unsigned char i;
  15   1              for(i=0;i<8;i++)
  16   1              {
  17   2                      DQ = 0;
  18   2                      DQ = dat&0x01;
  19   2                      Delay_OneWire(5);
  20   2                      DQ = 1;
  21   2                      dat >>= 1;
  22   2              }
  23   1              Delay_OneWire(5);
  24   1      }
  25          
  26          //单总线读操作
  27          unsigned char Read_DS18B20(void)
  28          {
  29   1              unsigned char i;
  30   1              unsigned char dat;
  31   1        
  32   1              for(i=0;i<8;i++)
  33   1              {
  34   2                      DQ = 0;
  35   2                      dat >>= 1;
  36   2                      DQ = 1;
  37   2                      if(DQ)
  38   2                      {
  39   3                              dat |= 0x80;
  40   3                      }           
  41   2                      Delay_OneWire(5);
  42   2              }
  43   1              return dat;
  44   1      }
  45          
  46          ////DS18B20初始化
  47          //bit init_ds18b20(void)
  48          //{
  49          //      bit initflag = 0;
  50          //      
  51          //      DQ = 1;
  52          //      Delay_OneWire(12);
  53          //      DQ = 0;
  54          //      Delay_OneWire(80);
C51 COMPILER V9.56.0.0   ONEWIRE                                                           04/15/2022 17:23:16 PAGE 2   

  55          //      DQ = 1;
  56          //      Delay_OneWire(10); 
  57          //    initflag = DQ;     
  58          //      Delay_OneWire(5);
  59          //  
  60          //      return initflag;
  61          //}


MODULE INFORMATION:   STATIC OVERLAYABLE
   CODE SIZE        =     86    ----
   CONSTANT SIZE    =   ----    ----
   XDATA SIZE       =   ----    ----
   PDATA SIZE       =   ----    ----
   DATA SIZE        =   ----    ----
   IDATA SIZE       =   ----    ----
   BIT SIZE         =   ----    ----
END OF MODULE INFORMATION.


C51 COMPILATION COMPLETE.  0 WARNING(S),  0 ERROR(S)
