C51 COMPILER V9.60.0.0   DS1302                                                            05/11/2023 22:29:08 PAGE 1   


C51 COMPILER V9.60.0.0, COMPILATION OF MODULE DS1302
OBJECT MODULE PLACED IN .\Objects\ds1302.obj
COMPILER INVOKED BY: E:\keil5\keil5\C51\BIN\C51.EXE System\ds1302.c OPTIMIZE(8,SPEED) BROWSE INCDIR(.\User;.\Config;.\Dr
                    -iver;.\System) DEBUG OBJECTEXTEND PRINT(.\Listings\ds1302.lst) OBJECT(.\Objects\ds1302.obj)

line level    source

   1          /*      #       DS1302ä»£ç ç‰‡æ®µè¯´æ˜
   2                  1.      æœ¬æ–‡ä»¶å¤¹ä¸­æä¾›çš„é©±åŠ¨ä»£ç ä¾›å‚èµ›é€‰æ‰‹å®Œæˆç¨‹åºè®¾è®¡å‚è€ƒã€‚
   3                  2.      å‚èµ›é€‰æ‰‹å¯ä»¥è‡ªè¡Œç¼–å†™ç›¸å…³ä»£ç æˆ–ä»¥è¯¥ä»£ç ä¸ºåŸºç¡€ï¼Œæ ¹æ®æ‰€é€‰å•ç‰‡æœºç±»å‹ã€è¿
             -è¡Œé€Ÿåº¦å’Œè¯•é¢˜
   4                          ä¸­å¯¹å•ç‰‡æœºæ—¶é’Ÿé¢‘ç‡çš„è¦æ±‚ï¼Œè¿›è¡Œä»£ç è°ƒè¯•å’Œä¿®æ”¹ã€‚
   5          */                                                              
   6          
   7          //
   8          
   9          #include "ds1302.h"
  10          
  11          sbit SCK = P1^7;
  12          sbit SDA = P2^3;
  13          sbit RST = P1^3;
  14          
  15          unsigned char code DS1302_Write_ADDR[3] = {0x80,0x82,0x84};
  16          unsigned char code DS1302_Read_ADDR[3] = {0X81,0x83,0x85};
  17          
  18          unsigned char Ds1302_Timer[3] = {0x05,0x03,0x13};
  19          
  20          
  21          void Ds1302ConfigTime()
  22          {
  23   1              unsigned char i = 0;
  24   1              
  25   1              Write_Ds1302_Byte(0x8E,0x00);
  26   1              for(i=0;i<3;i++)
  27   1              {
  28   2                      Write_Ds1302_Byte(DS1302_Write_ADDR[i],Ds1302_Timer[i]);
  29   2              }
  30   1              Write_Ds1302_Byte(0x8E,0x80);
  31   1      }
  32          
  33          
  34          void Ds1302ReadTimer()
  35          {
  36   1              unsigned char i = 0;
  37   1              
  38   1              for(i=0;i<3;i++)
  39   1              {
  40   2                      Ds1302_Timer[i] = Read_Ds1302_Byte(DS1302_Read_ADDR[i]);
  41   2              }       
  42   1      }
  43          
  44          
  45          
  46          
  47          void Write_Ds1302(unsigned  char temp) 
  48          {
  49   1              unsigned char i;
  50   1              for (i=0;i<8;i++)       
  51   1              { 
  52   2                      SCK = 0;
  53   2                      SDA = temp&0x01;
C51 COMPILER V9.60.0.0   DS1302                                                            05/11/2023 22:29:08 PAGE 2   

  54   2                      temp>>=1; 
  55   2                      SCK=1;
  56   2              }
  57   1      }   
  58          
  59          //
  60          void Write_Ds1302_Byte( unsigned char address,unsigned char dat )     
  61          {
  62   1              RST=0;  _nop_();
  63   1              SCK=0;  _nop_();
  64   1              RST=1;  _nop_();  
  65   1              Write_Ds1302(address);  
  66   1              Write_Ds1302(dat);              
  67   1              RST=0; 
  68   1      }
  69          
  70          //
  71          unsigned char Read_Ds1302_Byte ( unsigned char address )
  72          {
  73   1              unsigned char i,temp=0x00;
  74   1              RST=0;  _nop_();
  75   1              SCK=0;  _nop_();
  76   1              RST=1;  _nop_();
  77   1              Write_Ds1302(address);
  78   1              for (i=0;i<8;i++)       
  79   1              {               
  80   2                      SCK=0;
  81   2                      temp>>=1;       
  82   2                      if(SDA)
  83   2                      temp|=0x80;     
  84   2                      SCK=1;
  85   2              } 
  86   1              RST=0;  _nop_();
  87   1              SCK=0;  _nop_();
  88   1              SCK=1;  _nop_();
  89   1              SDA=0;  _nop_();
  90   1              SDA=1;  _nop_();
  91   1              return (temp);                  
  92   1      }


MODULE INFORMATION:   STATIC OVERLAYABLE
   CODE SIZE        =    198    ----
   CONSTANT SIZE    =      6    ----
   XDATA SIZE       =   ----    ----
   PDATA SIZE       =   ----    ----
   DATA SIZE        =      3       2
   IDATA SIZE       =   ----    ----
   BIT SIZE         =   ----    ----
END OF MODULE INFORMATION.


C51 COMPILATION COMPLETE.  0 WARNING(S),  0 ERROR(S)
