C51 COMPILER V9.60.0.0   IIC                                                               05/11/2023 22:29:08 PAGE 1   


C51 COMPILER V9.60.0.0, COMPILATION OF MODULE IIC
OBJECT MODULE PLACED IN .\Objects\iic.obj
COMPILER INVOKED BY: E:\keil5\keil5\C51\BIN\C51.EXE System\iic.c OPTIMIZE(8,SPEED) BROWSE INCDIR(.\User;.\Config;.\Drive
                    -r;.\System) DEBUG OBJECTEXTEND PRINT(.\Listings\iic.lst) OBJECT(.\Objects\iic.obj)

line level    source

   1          /*      #   I2Cä»£ç ç‰‡æ®µè¯´æ˜
   2                  1.      æœ¬æ–‡ä»¶å¤¹ä¸­æä¾›çš„é©±åŠ¨ä»£ç ä¾›å‚èµ›é€‰æ‰‹å®Œæˆç¨‹åºè®¾è®¡å‚è€ƒã€‚
   3                  2.      å‚èµ›é€‰æ‰‹å¯ä»¥è‡ªè¡Œç¼–å†™ç›¸å…³ä»£ç æˆ–ä»¥è¯¥ä»£ç ä¸ºåŸºç¡€ï¼Œæ ¹æ®æ‰€é€‰å•ç‰‡æœºç±»å‹ã€è¿
             -è¡Œé€Ÿåº¦å’Œè¯•é¢˜
   4                          ä¸­å¯¹å•ç‰‡æœºæ—¶é’Ÿé¢‘ç‡çš„è¦æ±‚ï¼Œè¿›è¡Œä»£ç è°ƒè¯•å’Œä¿®æ”¹ã€‚
   5          */
   6          
   7          #define DELAY_TIME      5
   8          
   9          #include "iic.h"
  10          
  11          sbit scl = P2^0;
  12          sbit sda = P2^1;
  13          
  14          
  15          
  16          //
  17          static void I2C_Delay(unsigned char n)
  18          {
  19   1          do
  20   1          {
  21   2              _nop_();_nop_();_nop_();_nop_();_nop_();
  22   2              _nop_();_nop_();_nop_();_nop_();_nop_();
  23   2              _nop_();_nop_();                
  24   2          }
  25   1          while(n--);         
  26   1      }
  27          
  28          //
  29          void I2CStart(void)
  30          {
  31   1          sda = 1;
  32   1          scl = 1;
  33   1              I2C_Delay(DELAY_TIME);
  34   1          sda = 0;
  35   1              I2C_Delay(DELAY_TIME);
  36   1          scl = 0;    
  37   1      }
  38          
  39          //
  40          void I2CStop(void)
  41          {
  42   1          sda = 0;
  43   1          scl = 1;
  44   1              I2C_Delay(DELAY_TIME);
  45   1          sda = 1;
  46   1              I2C_Delay(DELAY_TIME);
  47   1      }
  48          
  49          //
  50          void I2CSendByte(unsigned char byt)
  51          {
  52   1          unsigned char i;
  53   1              
C51 COMPILER V9.60.0.0   IIC                                                               05/11/2023 22:29:08 PAGE 2   

  54   1          for(i=0; i<8; i++){
  55   2              scl = 0;
  56   2                      I2C_Delay(DELAY_TIME);
  57   2              if(byt & 0x80){
  58   3                  sda = 1;
  59   3              }
  60   2              else{
  61   3                  sda = 0;
  62   3              }
  63   2                      I2C_Delay(DELAY_TIME);
  64   2              scl = 1;
  65   2              byt <<= 1;
  66   2                      I2C_Delay(DELAY_TIME);
  67   2          }
  68   1              
  69   1          scl = 0;  
  70   1      }
  71          
  72          //
  73          unsigned char I2CReceiveByte(void)
  74          {
  75   1              unsigned char da;
  76   1              unsigned char i;
  77   1              for(i=0;i<8;i++){   
  78   2                      scl = 1;
  79   2                      I2C_Delay(DELAY_TIME);
  80   2                      da <<= 1;
  81   2                      if(sda) 
  82   2                              da |= 0x01;
  83   2                      scl = 0;
  84   2                      I2C_Delay(DELAY_TIME);
  85   2              }
  86   1              return da;    
  87   1      }
  88          
  89          //
  90          unsigned char I2CWaitAck(void)
  91          {
  92   1              unsigned char ackbit;
  93   1              
  94   1          scl = 1;
  95   1              I2C_Delay(DELAY_TIME);
  96   1          ackbit = sda; 
  97   1          scl = 0;
  98   1              I2C_Delay(DELAY_TIME);
  99   1              
 100   1              return ackbit;
 101   1      }
 102          
 103          //
 104          void I2CSendAck(unsigned char ackbit)
 105          {
 106   1          scl = 0;
 107   1          sda = ackbit; 
 108   1              I2C_Delay(DELAY_TIME);
 109   1          scl = 1;
 110   1              I2C_Delay(DELAY_TIME);
 111   1          scl = 0; 
 112   1              sda = 1;
 113   1              I2C_Delay(DELAY_TIME);
 114   1      }
 115          
C51 COMPILER V9.60.0.0   IIC                                                               05/11/2023 22:29:08 PAGE 3   



MODULE INFORMATION:   STATIC OVERLAYABLE
   CODE SIZE        =    183    ----
   CONSTANT SIZE    =   ----    ----
   XDATA SIZE       =   ----    ----
   PDATA SIZE       =   ----    ----
   DATA SIZE        =   ----    ----
   IDATA SIZE       =   ----    ----
   BIT SIZE         =   ----    ----
END OF MODULE INFORMATION.


C51 COMPILATION COMPLETE.  0 WARNING(S),  0 ERROR(S)
