C51 COMPILER V9.60.0.0   MAIN                                                              05/11/2023 22:29:08 PAGE 1   


C51 COMPILER V9.60.0.0, COMPILATION OF MODULE MAIN
OBJECT MODULE PLACED IN .\Objects\main.obj
COMPILER INVOKED BY: E:\keil5\keil5\C51\BIN\C51.EXE User\main.c OPTIMIZE(8,SPEED) BROWSE INCDIR(.\User;.\Config;.\Driver
                    -;.\System) DEBUG OBJECTEXTEND PRINT(.\Listings\main.lst) OBJECT(.\Objects\main.obj)

line level    source

   1          
   2          #include <config.h>
   3          
   4          
   5          
   6          unsigned int Freq_Data = 0;     //é¢‘ç‡æ•°æ®
   7          unsigned int Temp_Data_Trip,Hum_Data_Trip;      //å½“å‰è§¦å‘çš„æ¸©åº¦å’Œæ¹¿åº¦æ•°æ®
   8          unsigned int Temp_Data_Trip_Last,Hum_Data_Trip_Last;    //ä¸Šä¸€æ¬¡è§¦å‘çš„æ¸©åº¦å’Œæ¹¿åº¦æ•°æ®
   9          
  10          bit flag100ms = 0;      //100msæ ‡å¿—ä½
  11          bit flag750ms = 0;      //750msæ ‡å¿—ä½
  12          bit flag_ReadFreq = 0;  //è¯»å–é¢‘ç‡æ ‡å¿—ä½
  13          
  14          bit flag_First_Tirp = 0;        //ç¬¬ä¸€æ¬¡è§¦å‘æ ‡å¿—ä½
  15          bit flag_First_Hum_Right = 0;   //ç¬¬ä¸€æ¬¡æ¹¿åº¦æ•°æ®æ­£ç¡®æ ‡å¿—ä½
  16          bit flag_HumData_Error = 0;     //æ¹¿åº¦æ•°æ®é”™è¯¯æ ‡å¿—ä½
  17          bit flag_Clear_Data = 0;        //æ¸…é™¤æ•°æ®æ ‡å¿—ä½
  18          bit flag_TempCmpParm = 0;       //æ¸©åº¦æ¯”è¾ƒå‚æ•°æ ‡å¿—ä½
  19          bit flag_LED4_flash = 0;        //LED4é—ªçƒæ ‡å¿—ä½
  20          
  21          bit flag_LED6_ON = 0;   //LED6äº®æ ‡å¿—ä½
  22          
  23          
  24          void ReadData();                //è¯»å–æ•°æ®
  25          void LightOrDarkCmp(unsigned char dat); //å…‰ç…§æ¯”è¾ƒ
  26          void DataMath();        //æ•°æ®å¤„ç†
  27          unsigned int HumDataMath();     //æ¹¿åº¦æ•°æ®å¤„ç†
  28          
  29          void main()
  30          {
  31   1              Timer1Init();   //å®šæ—¶å™¨1åˆå§‹åŒ–,ç”¨äºå®šæ—¶ä¸­æ–­
  32   1              Timer0Init();   //å®šæ—¶å™¨0åˆå§‹åŒ–,ç”¨äºNE555é¢‘ç‡æµ‹é‡
  33   1              LedBuzzInit();  //LEDå’Œèœ‚é¸£å™¨åˆå§‹åŒ–
  34   1              Ds1302ConfigTime();     //DS1302æ—¶é’Ÿåˆå§‹åŒ–
  35   1              
  36   1              while(1)
  37   1              {
  38   2                      ReadData();     //è¯»å–æ•°æ®
  39   2                      SmgMenuMain();  //æ˜¾ç¤ºèœå•
  40   2                      if(flag_Menu_Interrupt == 0) //èœå•æœªè¢«æ‰“æ–­
  41   2                      {
  42   3                              KeyDriver();    //æŒ‰é”®é©±åŠ¨
  43   3                      }
  44   2              }
  45   1      }
  46          
  47          void Timer1Int() interrupt 3
  48          {
  49   1              static unsigned int cnt = 0;    //å®šæ—¶å™¨ä¸­æ–­è®¡æ•°
  50   1              static unsigned char cnt_freq = 0;      //é¢‘ç‡æµ‹é‡é—´éš”æ—¶é—´è®¡æ•°
  51   1              static unsigned char cnt_menu = 0;      //èœå•ä¸­æ–­æ—¶é—´è®¡æ•°
  52   1              static unsigned char cnt_ClearData = 0; //æ¸…é™¤æ•°æ®é•¿æŒ‰æ—¶é—´è®¡æ•°
  53   1              
  54   1              cnt++;
C51 COMPILER V9.60.0.0   MAIN                                                              05/11/2023 22:29:08 PAGE 2   

  55   1              
  56   1              if((cnt%100) == 0)      //æ¯100msè¿›å…¥ä¸€æ¬¡
  57   1              {
  58   2                      flag100ms = 1;  //100msæ ‡å¿—ä½,åœ¨mainå‡½æ•°ä¸­å¤„ç†
  59   2                      cnt_freq++;     //é¢‘ç‡æµ‹é‡é—´éš”æ—¶é—´è®¡æ•°
  60   2                      if(cnt_freq >= 5)       //æ¯500msè¿›å…¥ä¸€æ¬¡
  61   2                      {
  62   3                              flag_ReadFreq = 1;      //è¯»å–é¢‘ç‡æ ‡å¿—ä½,åœ¨mainå‡½æ•°ä¸­å¤„ç†
  63   3                              cnt_freq = 0;   //é¢‘ç‡æµ‹é‡é—´éš”æ—¶é—´è®¡æ•°æ¸…é›¶
  64   3                      }
  65   2      
  66   2                      if(flag_Menu_Interrupt == 1)            //å…‰æ•ç”µé˜»ç”±äº®å˜æš—,è¿›è¡Œèœå•ä¸­æ–­,å¹¶è®°å½•èœå•ä¸­æ–­æ—¶é—´
  67   2                      {
  68   3                              cnt_menu++;     //èœå•ä¸­æ–­æ—¶é—´è®¡æ•°
  69   3                              if(cnt_menu >= 30)              //èœå•ä¸­æ–­æ—¶é—´è¶…è¿‡3s,åˆ™é€€å‡ºèœå•ä¸­æ–­
  70   3                              {
  71   4                                      cnt_menu = 0;   //èœå•ä¸­æ–­æ—¶é—´è®¡æ•°æ¸…é›¶
  72   4                                      flag_Menu_Interrupt = 0;        //èœå•ä¸­æ–­æ ‡å¿—ä½æ¸…é›¶
  73   4                              }
  74   3                      }
  75   2                      
  76   2                      if(flag_Long_Set_KeyS9 == 1)    //é•¿æŒ‰è®¾ç½®æŒ‰é”®S9,æ¸…é™¤æ•°æ®
  77   2                      {
  78   3                              if(cnt_ClearData < 20)          //é•¿æŒ‰è®¾ç½®æŒ‰é”®S9å°äº2s,åˆ™ç»§ç»­è®¡æ•°
  79   3                              {
  80   4                                      cnt_ClearData++;        //æ¸…é™¤æ•°æ®é•¿æŒ‰æ—¶é—´è®¡æ•°
  81   4                              }
  82   3                              else    //é•¿æŒ‰è®¾ç½®æŒ‰é”®S9è¶…è¿‡2s,åˆ™æ¸…é™¤æ•°æ®
  83   3                              {
  84   4                                      flag_Clear_Data = 1;    //æ¸…é™¤æ•°æ®æ ‡å¿—ä½,åœ¨æŒ‰é”®é©±åŠ¨ä¸­å¤„ç†
  85   4                              }
  86   3                      }
  87   2                      else    //å¦‚æœæŒ‰é”®S9æ²¡æœ‰è¢«æŒ‰ä¸‹,åˆ™æ¸…é™¤æ•°æ®é•¿æŒ‰æ—¶é—´è®¡æ•°æ¸…é›¶
  88   2                      {
  89   3                              cnt_ClearData = 0;      //æ¸…é™¤æ•°æ®é•¿æŒ‰æ—¶é—´è®¡æ•°æ¸…é›¶
  90   3                      }
  91   2                      
  92   2                      if(flag_TempCmpParm == 1)       //å¦‚æœæœ¬æ¬¡è§¦å‘çš„æ¸©åº¦æ¯”æ¸©åº¦å‚æ•°æ›´é«˜,åˆ™LED4é—ªçƒ
  93   2                      {
  94   3                              flag_LED4_flash = ~flag_LED4_flash;     //LED4é—ªçƒæ ‡å¿—ä½
  95   3                      }
  96   2              }
  97   1              if((cnt%750) == 0)      //æ¯750msè¿›å…¥ä¸€æ¬¡
  98   1              {
  99   2                      flag750ms = 1;  //750msæ ‡å¿—ä½,åœ¨mainå‡½æ•°ä¸­å¤„ç†,ç”¨äºè¯»å–æ¸©åº¦æ•°æ®
 100   2              }
 101   1              if(cnt >= 800) //æ¯800msä¸€æ¬¡å¾ªç¯ä¸­æ–­
 102   1              {
 103   2                      cnt = 0;        //å®šæ—¶å™¨ä¸­æ–­è®¡æ•°æ¸…é›¶
 104   2              }
 105   1              
 106   1      
 107   1              
 108   1              LedDisplay();   //LEDæ˜¾ç¤º
 109   1              SmgDisplay();   //æ•°ç ç®¡æ˜¾ç¤º
 110   1              KeyScan();              //æŒ‰é”®æ‰«æ
 111   1              
 112   1      }
 113          
 114          void ReadData() //è¯»å–æ•°æ®
 115          {
 116   1              if(flag750ms == 1)      //æ¯750msè¯»å–ä¸€æ¬¡æ¸©åº¦æ•°æ®
C51 COMPILER V9.60.0.0   MAIN                                                              05/11/2023 22:29:08 PAGE 3   

 117   1              {
 118   2                      flag750ms = 0;  //750msæ ‡å¿—ä½æ¸…é›¶
 119   2                      Ds18b20TempRead();      //è¯»å–æ¸©åº¦æ•°æ®
 120   2                      Ds18b20TempConfig();    //é…ç½®ä¸‹ä¸€æ¬¡è¯»å–æ¸©åº¦æ•°æ®
 121   2              }
 122   1              if(flag100ms == 1)      //æ¯100msè¯»å–ä¸€æ¬¡å…‰æ•ç”µé˜»æ•°æ®
 123   1              {       
 124   2                      flag100ms = 0;  //100msæ ‡å¿—ä½æ¸…é›¶
 125   2                      Ds1302ReadTimer();      //è¯»å–DS1302æ—¶é—´æ•°æ®
 126   2                      LightOrDarkCmp(PCF8951AIN1ReadData());  //è¯»å–å…‰æ•ç”µé˜»æ•°æ®,å¹¶è¿›è¡Œæ¯”è¾ƒ
 127   2              }
 128   1              if(flag_ReadFreq == 1)  //æ¯500msè¯»å–ä¸€æ¬¡NE555é¢‘ç‡æ•°æ®
 129   1              {
 130   2                      flag_ReadFreq = 0;      //è¯»å–é¢‘ç‡æ ‡å¿—ä½æ¸…é›¶
 131   2                      ReadFreqNe555(&Freq_Data);      //è¯»å–NE555é¢‘ç‡æ•°æ®,ä¿å­˜åœ¨Freq_Dataä¸­
 132   2              }
 133   1              
 134   1      }
 135          
 136          void LightOrDarkCmp(unsigned char dat)  //å…‰æ•ç”µé˜»ç”±äº®å˜æš—,è¿›è¡Œèœå•ä¸­æ–­,å¹¶è®°å½•èœå•ä¸­æ–­
             -æ—¶é—´
 137          {
 138   1              static unsigned char dat_Backup = 0;    //å‰ä¸€æ¬¡å…‰æ•ç”µé˜»æ•°æ®,ç”¨äºåˆ¤æ–­å…‰æ•ç”µé˜»æ˜¯å¦ç”±äº®å
             -˜æš—
 139   1              
 140   1              if(flag_Menu_Interrupt == 0)    //å¦‚æœæ²¡æœ‰è§¦å‘èœå•ä¸­æ–­,åˆ™è¿›è¡Œèœå•ä¸­æ–­åˆ¤æ–­
 141   1              {
 142   2                      if(dat_Backup > 51)             //å¦‚æœå‰ä¸€æ¬¡å…‰æ•ç”µé˜»æ•°æ®å¤§äº51,å³å…‰æ•ç”µé˜»ä¹‹å‰ä¸ºäº®æ—¶ï¼Œåˆ¤æ–­
             -ç°åœ¨çš„å…‰æ•ç”µé˜»æ•°æ®æ˜¯å¦å°äºç­‰äº51
 143   2                      {
 144   3                              if(dat <= 51)           //å¦‚æœç°åœ¨çš„å…‰æ•ç”µé˜»æ•°æ®å°äºç­‰äº51,å°±æ˜¯å…‰æ•ç”µé˜»ç”±äº®å˜æš—,è¿›è¡Œè
             -œå•ä¸­æ–­
 145   3                              {
 146   4                                      flag_Menu_Interrupt = 1;        //èœå•ä¸­æ–­æ ‡å¿—ä½ç½®1
 147   4                                      DataMath();     //æ•°æ®å¤„ç†,é‡‡é›†ä¸€æ¬¡æ¸©åº¦ä¸é¢‘ç‡æ•°æ®,å¹¶å°†æ•°æ®è¿›è¡Œå¤„ç†
 148   4                              }
 149   3                      }       
 150   2              }
 151   1              dat_Backup = dat;       //ä¿å­˜æœ¬æ¬¡å…‰æ•ç”µé˜»æ•°æ®,ç”¨äºä¸‹ä¸€æ¬¡åˆ¤æ–­
 152   1      }
 153          
 154          void DataMath()         //æ•°æ®å¤„ç†
 155          {       
 156   1              Hum_Data_Trip = HumDataMath();  //é‡‡é›†ä¸€æ¬¡æ¹¿åº¦æ•°æ®
 157   1              Temp_Data_Trip = Ds18b20_Temp_Data;     //é‡‡é›†ä¸€æ¬¡æ¸©åº¦æ•°æ®
 158   1              
 159   1              if(flag_HumData_Error == 0)     //å¦‚æœæ¹¿åº¦æ•°æ®æ²¡æœ‰é”™è¯¯,åˆ™è¿›è¡Œæ•°æ®å¤„ç†
 160   1              {
 161   2                      if(flag_First_Hum_Right == 0)   //å¦‚æœç¬¬ä¸€æ¬¡æ¹¿åº¦æ•°æ®æ­£ç¡®,åˆ™å°†æ¹¿åº¦æ•°æ®èµ‹å€¼ç»™æ¹¿åº¦å¹³å
             -‡å€¼
 162   2                      {
 163   3                              flag_First_Hum_Right = 1;       //ç¬¬ä¸€æ¬¡æ¹¿åº¦æ•°æ®æ­£ç¡®æ ‡å¿—ä½ç½®1,é¿å…æ¹¿åº¦å¹³å‡å€¼è¢«é‡å¤èµ‹å
             -€¼
 164   3                              Hum_Data_Avg = Hum_Data_Trip;   //æ¹¿åº¦å¹³å‡å€¼èµ‹å€¼
 165   3                      }               
 166   2                      Hum_Data_Avg += Hum_Data_Trip;  //è¿™ä¸¤å¥ç”¨äºè®¡ç®—æ¹¿åº¦å¹³å‡å€¼
 167   2                      Hum_Data_Avg /= 2;                              //å°†ä¹‹å‰çš„æ¹¿åº¦å¹³å‡å€¼ä¸æœ¬æ¬¡æ¹¿åº¦æ•°æ®ç›¸åŠ ,å†é™¤ä»¥2,å¾—åˆ°æ–°çš„æ¹
             -¿åº¦å¹³å‡å€¼
 168   2                      if(Hum_Data_Trip > Hum_Data_Max)        //å¦‚æœæœ¬æ¬¡æ¹¿åº¦æ•°æ®å¤§äºæ¹¿åº¦æœ€å¤§å€¼,åˆ™å°†æœ¬æ¬¡æ¹¿åº¦æ•°æ
             -®èµ‹å€¼ç»™æ¹¿åº¦æœ€å¤§å€¼
 169   2                      {
 170   3                              Hum_Data_Max = Hum_Data_Trip;   //æ¹¿åº¦æœ€å¤§å€¼èµ‹å€¼
C51 COMPILER V9.60.0.0   MAIN                                                              05/11/2023 22:29:08 PAGE 4   

 171   3                      }
 172   2                      
 173   2                      Ds1302_Last_Trip_Time[0] = Ds1302_Timer[0];     //è®°å½•æœ¬æ¬¡è§¦å‘æ—¶é—´
 174   2                      Ds1302_Last_Trip_Time[1] = Ds1302_Timer[1];     //è®°å½•æœ¬æ¬¡è§¦å‘æ—¶é—´
 175   2                      Ds1302_Last_Trip_Time[2] = Ds1302_Timer[2];     //è®°å½•æœ¬æ¬¡è§¦å‘æ—¶é—´
 176   2                      Trip_Cnt++;     //è§¦å‘æ¬¡æ•°è®¡æ•°
 177   2                      
 178   2                      if(flag_First_Tirp == 0)        //å¦‚æœç¬¬ä¸€æ¬¡è§¦å‘,åˆ™å°†æ¸©åº¦æ•°æ®èµ‹å€¼ç»™æ¸©åº¦å¹³å‡å€¼ä¸æ¸©åº¦æœ€å
             -¤§å€¼
 179   2                      {
 180   3                              flag_First_Tirp = 1;    //ç¬¬ä¸€æ¬¡è§¦å‘æ ‡å¿—ä½ç½®1,é¿å…æ¸©åº¦å¹³å‡å€¼ä¸æ¸©åº¦æœ€å¤§å€¼è¢«é‡å¤èµ‹
             -å€¼
 181   3                              Temp_Data_Avg = Temp_Data_Trip; //æ¸©åº¦å¹³å‡å€¼èµ‹å€¼
 182   3                              Temp_Data_Max = Temp_Data_Trip; //æ¸©åº¦æœ€å¤§å€¼èµ‹å€¼
 183   3                      }                       
 184   2                      Temp_Data_Avg += Temp_Data_Trip;        //è¿™ä¸¤å¥ç”¨äºè®¡ç®—æ¸©åº¦å¹³å‡å€¼
 185   2                      Temp_Data_Avg /= 2;                                     //å°†ä¹‹å‰çš„æ¸©åº¦å¹³å‡å€¼ä¸æœ¬æ¬¡æ¸©åº¦æ•°æ®ç›¸åŠ ,å†é™¤ä»¥2,å¾—åˆ°æ–°çš„
             -æ¸©åº¦å¹³å‡å€¼
 186   2                      if(Temp_Data_Trip > Temp_Data_Max)      //å¦‚æœæœ¬æ¬¡æ¸©åº¦æ•°æ®å¤§äºæ¸©åº¦æœ€å¤§å€¼,åˆ™å°†æœ¬æ¬¡æ¸©åº¦æ•°
             -æ®èµ‹å€¼ç»™æ¸©åº¦æœ€å¤§å€¼
 187   2                      {
 188   3                              Temp_Data_Max = Temp_Data_Trip; //æ¸©åº¦æœ€å¤§å€¼èµ‹å€¼
 189   3                      }
 190   2                      
 191   2                      if(Temp_Data_Trip > Parm_Temp)  //å¦‚æœæ¸©åº¦å¤§äºæ¸©åº¦å‚æ•°,åˆ™ç½®1,å¦åˆ™ç½®0
 192   2                      {
 193   3                              flag_TempCmpParm = 1;   //æ¸©åº¦æ¯”è¾ƒå‚æ•°,å¦‚æœæ¸©åº¦å¤§äºæ¸©åº¦å‚æ•°,åˆ™ç½®1
 194   3                      }
 195   2                      else
 196   2                      {
 197   3                              flag_TempCmpParm = 0;   //æ¸©åº¦æ¯”è¾ƒå‚æ•°,å¦‚æœæ¸©åº¦å°äºç­‰äºæ¸©åº¦å‚æ•°,åˆ™ç½®0
 198   3                      }
 199   2                      
 200   2                      if(Trip_Cnt >= 2)               //å¦‚æœè§¦å‘æ¬¡æ•°å¤§äºç­‰äº2,åˆ™è¿›è¡Œæ¸©åº¦æ¹¿åº¦ä¸ä¸Šä¸€æ¬¡æ•°æ®çš„æ¯”è¾ƒ
 201   2                      {
 202   3                              if((Temp_Data_Trip > Temp_Data_Trip_Last) && (Hum_Data_Trip > Hum_Data_Trip_Last))      //å¦‚æœæ¸©åº¦ä¸æ¹¿
             -åº¦éƒ½ä¸Šå‡,åˆ™ç½®1,LED6äº®,å¦åˆ™ç½®0,LED6ç­
 203   3                              {
 204   4                                      flag_LED6_ON = 1;       //å¦‚æœæ¸©åº¦ä¸æ¹¿åº¦éƒ½ä¸Šå‡,åˆ™ç½®1,LED6äº®
 205   4                              }
 206   3                              else 
 207   3                              {
 208   4                                      flag_LED6_ON = 0;       //å¦‚æœæ¸©åº¦ä¸æ¹¿åº¦ä»»æ„ä¸€ä¸ªæ²¡æœ‰ä¸Šå‡,åˆ™ç½®0,LED6ç­
 209   4                              }
 210   3                      }
 211   2                      
 212   2                      Temp_Data_Trip_Last = Temp_Data_Trip;   //ä¿å­˜æœ¬æ¬¡æ¸©åº¦æ•°æ®,ç”¨äºä¸‹ä¸€æ¬¡åˆ¤æ–­
 213   2                      Hum_Data_Trip_Last = Hum_Data_Trip;     //ä¿å­˜æœ¬æ¬¡æ¹¿åº¦æ•°æ®,ç”¨äºä¸‹ä¸€æ¬¡åˆ¤æ–­
 214   2              }       
 215   1      }
 216          
 217          unsigned int HumDataMath()      //æ¹¿åº¦æ•°æ®å¤„ç†
 218          {
 219   1              float Hum_Data_Buff;    //æ¹¿åº¦æ•°æ®ç¼“å­˜
 220   1              unsigned int Hum_Data_True;     //æ¹¿åº¦æ•°æ®çœŸå®å€¼
 221   1              
 222   1              if((Freq_Data >= 200) && (Freq_Data <= 2000))   //å¦‚æœé¢‘ç‡æ•°æ®åœ¨200~2000ä¹‹é—´,åˆ™è¿›è¡Œæ•°æ®å¤„ç†
 223   1              {
 224   2                      Hum_Data_Buff = Freq_Data;      //å°†é¢‘ç‡æ•°æ®èµ‹å€¼ç»™æ¹¿åº¦æ•°æ®ç¼“å­˜
 225   2                      Hum_Data_Buff *= 0.444444;      //æ¥ä¸‹æ¥è®¡ç®—æ¹¿åº¦æ•°æ®ä¸é¢‘ç‡æ•°æ®ä¹‹é—´çš„å…³ç³»ï¼Œä»¥ç¬¦åˆé¢˜ç›®
             -è¦æ±‚çš„ä¸€æ¬¡å‡½æ•°å…³ç³»
 226   2                      Hum_Data_Buff += 11.111111;     
C51 COMPILER V9.60.0.0   MAIN                                                              05/11/2023 22:29:08 PAGE 5   

 227   2                      Hum_Data_True = Hum_Data_Buff;  //å°†æ¹¿åº¦æ•°æ®ç¼“å­˜èµ‹å€¼ç»™æ¹¿åº¦æ•°æ®çœŸå®å€¼
 228   2                      flag_HumData_Error = 0; //ç”±äºå¾—åˆ°æ­£ç¡®çš„æ¹¿åº¦æ•°æ®,æ‰€ä»¥æ¹¿åº¦æ•°æ®é”™è¯¯æ ‡å¿—ä½ç½®0
 229   2                      return Hum_Data_True;   //è¿”å›æ¹¿åº¦æ•°æ®çœŸå®å€¼,ç»“æŸå‡½æ•°
 230   2              }
 231   1              else    //å¦‚æœé¢‘ç‡æ•°æ®ä¸åœ¨200~2000ä¹‹é—´,åˆ™æ¹¿åº¦æ•°æ®é”™è¯¯,æ ‡å¿—ä½ç½®1
 232   1              {
 233   2                      flag_HumData_Error = 1; //æ¹¿åº¦æ•°æ®é”™è¯¯æ ‡å¿—ä½ç½®1
 234   2              }
 235   1              
 236   1              return 0;       //å¦‚æœæ¹¿åº¦æ•°æ®é”™è¯¯,åˆ™è¿”å›0
 237   1      }
 238          
 239          
 240          
 241          
 242          
 243          
 244          
 245          
 246          
 247          
 248          
 249          
 250          


MODULE INFORMATION:   STATIC OVERLAYABLE
   CODE SIZE        =    584    ----
   CONSTANT SIZE    =   ----    ----
   XDATA SIZE       =   ----    ----
   PDATA SIZE       =   ----    ----
   DATA SIZE        =     16       5
   IDATA SIZE       =   ----    ----
   BIT SIZE         =     10    ----
END OF MODULE INFORMATION.


C51 COMPILATION COMPLETE.  0 WARNING(S),  0 ERROR(S)
