C51 COMPILER V9.60.0.0   ONEWIRE                                                           05/11/2023 22:29:08 PAGE 1   


C51 COMPILER V9.60.0.0, COMPILATION OF MODULE ONEWIRE
OBJECT MODULE PLACED IN .\Objects\onewire.obj
COMPILER INVOKED BY: E:\keil5\keil5\C51\BIN\C51.EXE System\onewire.c OPTIMIZE(8,SPEED) BROWSE INCDIR(.\User;.\Config;.\D
                    -river;.\System) DEBUG OBJECTEXTEND PRINT(.\Listings\onewire.lst) OBJECT(.\Objects\onewire.obj)

line level    source

   1          /*      #       å•æ€»çº¿ä»£ç ç‰‡æ®µè¯´æ˜
   2                  1.      æœ¬æ–‡ä»¶å¤¹ä¸­æä¾›çš„é©±åŠ¨ä»£ç ä¾›å‚èµ›é€‰æ‰‹å®Œæˆç¨‹åºè®¾è®¡å‚è€ƒã€‚
   3                  2.      å‚èµ›é€‰æ‰‹å¯ä»¥è‡ªè¡Œç¼–å†™ç›¸å…³ä»£ç æˆ–ä»¥è¯¥ä»£ç ä¸ºåŸºç¡€ï¼Œæ ¹æ®æ‰€é€‰å•ç‰‡æœºç±»å‹ã€è¿
             -è¡Œé€Ÿåº¦å’Œè¯•é¢˜
   4                          ä¸­å¯¹å•ç‰‡æœºæ—¶é’Ÿé¢‘ç‡çš„è¦æ±‚ï¼Œè¿›è¡Œä»£ç è°ƒè¯•å’Œä¿®æ”¹ã€‚
   5          */
   6          
   7          //
   8          
   9          #include "onewire.h"
  10          
  11          sbit DQ = P1^4;
  12          
  13          unsigned int Ds18b20_Temp_Data = 0;
  14          
  15            
  16          
  17          void Ds18b20TempConfig()
  18          {
  19   1              init_ds18b20();
  20   1              Write_DS18B20(0xCC);
  21   1              Write_DS18B20(0x44);
  22   1      }
  23          
  24          void Ds18b20TempRead()
  25          {
  26   1              unsigned char LSB,MSB;
  27   1              init_ds18b20();
  28   1              Write_DS18B20(0xCC);
  29   1              Write_DS18B20(0xBE);    
  30   1              
  31   1              LSB = Read_DS18B20();
  32   1              MSB = Read_DS18B20();
  33   1              
  34   1              Ds18b20_Temp_Data = MSB;
  35   1              Ds18b20_Temp_Data <<= 8;
  36   1              Ds18b20_Temp_Data |= LSB;
  37   1              
  38   1              if((Ds18b20_Temp_Data & 0xF800) == 0x0000)
  39   1              {
  40   2                      Ds18b20_Temp_Data >>= 4;
  41   2                      Ds18b20_Temp_Data *= 10;
  42   2                      Ds18b20_Temp_Data = Ds18b20_Temp_Data + (LSB & 0x0F)*0.625;
  43   2              }
  44   1      }
  45          
  46          
  47          
  48          
  49          void Delay_OneWire(unsigned int t)  
  50          {
  51   1              unsigned char i;
  52   1              while(t--){
  53   2                      for(i=0;i<12;i++);
C51 COMPILER V9.60.0.0   ONEWIRE                                                           05/11/2023 22:29:08 PAGE 2   

  54   2              }
  55   1      }
  56          
  57          //
  58          void Write_DS18B20(unsigned char dat)
  59          {
  60   1              unsigned char i;
  61   1              for(i=0;i<8;i++)
  62   1              {
  63   2                      DQ = 0;
  64   2                      DQ = dat&0x01;
  65   2                      Delay_OneWire(5);
  66   2                      DQ = 1;
  67   2                      dat >>= 1;
  68   2              }
  69   1              Delay_OneWire(5);
  70   1      }
  71          
  72          //
  73          unsigned char Read_DS18B20(void)
  74          {
  75   1              unsigned char i;
  76   1              unsigned char dat;
  77   1        
  78   1              for(i=0;i<8;i++)
  79   1              {
  80   2                      DQ = 0;
  81   2                      dat >>= 1;
  82   2                      DQ = 1;
  83   2                      if(DQ)
  84   2                      {
  85   3                              dat |= 0x80;
  86   3                      }           
  87   2                      Delay_OneWire(5);
  88   2              }
  89   1              return dat;
  90   1      }
  91          
  92          //
  93          bit init_ds18b20(void)
  94          {
  95   1              bit initflag = 0;
  96   1              
  97   1              DQ = 1;
  98   1              Delay_OneWire(12);
  99   1              DQ = 0;
 100   1              Delay_OneWire(80);
 101   1              DQ = 1;
 102   1              Delay_OneWire(10); 
 103   1          initflag = DQ;     
 104   1              Delay_OneWire(5);
 105   1        
 106   1              return initflag;
 107   1      }


MODULE INFORMATION:   STATIC OVERLAYABLE
   CODE SIZE        =    285    ----
   CONSTANT SIZE    =   ----    ----
   XDATA SIZE       =   ----    ----
   PDATA SIZE       =   ----    ----
   DATA SIZE        =      2       1
C51 COMPILER V9.60.0.0   ONEWIRE                                                           05/11/2023 22:29:08 PAGE 3   

   IDATA SIZE       =   ----    ----
   BIT SIZE         =   ----       1
END OF MODULE INFORMATION.


C51 COMPILATION COMPLETE.  0 WARNING(S),  0 ERROR(S)
