C51 COMPILER V9.60.0.0   PCF8591                                                           05/11/2023 22:29:08 PAGE 1   


C51 COMPILER V9.60.0.0, COMPILATION OF MODULE PCF8591
OBJECT MODULE PLACED IN .\Objects\PCF8591.obj
COMPILER INVOKED BY: E:\keil5\keil5\C51\BIN\C51.EXE Driver\PCF8591.c OPTIMIZE(8,SPEED) BROWSE INCDIR(.\User;.\Config;.\D
                    -river;.\System) DEBUG OBJECTEXTEND PRINT(.\Listings\PCF8591.lst) OBJECT(.\Objects\PCF8591.obj)

line level    source

   1          
   2          #include "PCF8591.h"
   3          
   4          
   5          
   6          
   7          unsigned char PCF8951AIN1ReadData()
   8          {
   9   1              unsigned char DataBuf = 0;
  10   1              
  11   1              I2CStart();
  12   1              I2CSendByte(0x90);
  13   1              I2CWaitAck();
  14   1              I2CSendByte(0x01);
  15   1              I2CWaitAck();   
  16   1              
  17   1              I2CStart();
  18   1              I2CSendByte(0x91);
  19   1              I2CWaitAck();   
  20   1              
  21   1              DataBuf = I2CReceiveByte();
  22   1              I2CSendAck(1);
  23   1              I2CStop();
  24   1              
  25   1              return DataBuf; 
  26   1      }
  27          
  28          
  29          
  30          
  31          
  32          
  33          
  34          
  35          
  36          
  37          
  38          
  39          
  40          
  41          
  42          
  43          
  44          
  45          
  46          
  47          
  48          
  49          
  50          
  51          


MODULE INFORMATION:   STATIC OVERLAYABLE
C51 COMPILER V9.60.0.0   PCF8591                                                           05/11/2023 22:29:08 PAGE 2   

   CODE SIZE        =     49    ----
   CONSTANT SIZE    =   ----    ----
   XDATA SIZE       =   ----    ----
   PDATA SIZE       =   ----    ----
   DATA SIZE        =   ----       1
   IDATA SIZE       =   ----    ----
   BIT SIZE         =   ----    ----
END OF MODULE INFORMATION.


C51 COMPILATION COMPLETE.  0 WARNING(S),  0 ERROR(S)
