C51 COMPILER V9.60.0.0   DS1302                                                            03/28/2023 17:40:55 PAGE 1   


C51 COMPILER V9.60.0.0, COMPILATION OF MODULE DS1302
OBJECT MODULE PLACED IN .\Objects\ds1302.obj
COMPILER INVOKED BY: E:\keil5\keil5\C51\BIN\C51.EXE ..\System\ds1302.c OPTIMIZE(8,SPEED) BROWSE INCDIR(..\User;..\System
                    -;..\Driver;..\Config) DEBUG OBJECTEXTEND PRINT(.\Listings\ds1302.lst) OBJECT(.\Objects\ds1302.obj)

line level    source

   1          /*      #       DS1302ä»£ç ç‰‡æ®µè¯´æ˜
   2                  1.      æœ¬æ–‡ä»¶å¤¹ä¸­æä¾›çš„é©±åŠ¨ä»£ç ä¾›å‚èµ›é€‰æ‰‹å®Œæˆç¨‹åºè®¾è®¡å‚è€ƒã€‚
   3                  2.      å‚èµ›é€‰æ‰‹å¯ä»¥è‡ªè¡Œç¼–å†™ç›¸å…³ä»£ç æˆ–ä»¥è¯¥ä»£ç ä¸ºåŸºç¡€ï¼Œæ ¹æ®æ‰€é€‰å•ç‰‡æœºç±»å‹ã€è¿
             -è¡Œé€Ÿåº¦å’Œè¯•é¢˜
   4                          ä¸­å¯¹å•ç‰‡æœºæ—¶é’Ÿé¢‘ç‡çš„è¦æ±‚ï¼Œè¿›è¡Œä»£ç è°ƒè¯•å’Œä¿®æ”¹ã€‚
   5          */                                                              
   6          
   7          //
   8          
   9          #include "ds1302.h"
  10          
  11          
  12          sbit SCK = P1^7;
  13          sbit SDA = P2^3;
  14          sbit RST = P1^3;
  15          
  16          unsigned char code DS1302_Write_Addr[7] = {0x80,0x82,0x84,0x86,0x88,0x8A,0x8C};
  17          unsigned char code DS1302_Read_Addr[7] = {0x81,0x83,0x85,0x87,0x89,0x8B,0x8D};
  18          
  19          unsigned char TimerData[3] = {0x50,0x59,0x23};
  20          
  21          
  22          void Ds1302Init()
  23          {
  24   1              unsigned char i = 0;
  25   1              
  26   1              Write_Ds1302_Byte(0x8E,0x00);
  27   1              for(i=0;i<3;i++)
  28   1              {
  29   2                      Write_Ds1302_Byte(DS1302_Write_Addr[i],TimerData[i]);
  30   2              }
  31   1      }
  32          
  33          void Ds1302TimerRead()
  34          {
  35   1              unsigned char i = 0;
  36   1              
  37   1              for(i=0;i<3;i++)
  38   1              {
  39   2                      TimerData[i] = Read_Ds1302_Byte(DS1302_Read_Addr[i]);
  40   2              }
  41   1      }
  42          
  43          
  44          
  45          
  46          void Write_Ds1302(unsigned  char temp) 
  47          {
  48   1              unsigned char i;
  49   1              for (i=0;i<8;i++)       
  50   1              { 
  51   2                      SCK = 0;
  52   2                      SDA = temp&0x01;
  53   2                      temp>>=1; 
C51 COMPILER V9.60.0.0   DS1302                                                            03/28/2023 17:40:55 PAGE 2   

  54   2                      SCK=1;
  55   2              }
  56   1      }   
  57          
  58          void DS1302Stop()
  59          {
  60   1              Write_Ds1302_Byte(0x80,TimerData[0]|0x80);
  61   1      }
  62          void DS1302Start()
  63          {
  64   1              Write_Ds1302_Byte(0x80,TimerData[0]&0x7F);
  65   1      }
  66          
  67          
  68          //
  69          void Write_Ds1302_Byte( unsigned char address,unsigned char dat )     
  70          {
  71   1              RST=0;  _nop_();
  72   1              SCK=0;  _nop_();
  73   1              RST=1;  _nop_();  
  74   1              Write_Ds1302(address);  
  75   1              Write_Ds1302(dat);              
  76   1              RST=0; 
  77   1      }
  78          
  79          //
  80          unsigned char Read_Ds1302_Byte ( unsigned char address )
  81          {
  82   1              unsigned char i,temp=0x00;
  83   1              RST=0;  _nop_();
  84   1              SCK=0;  _nop_();
  85   1              RST=1;  _nop_();
  86   1              Write_Ds1302(address);
  87   1              for (i=0;i<8;i++)       
  88   1              {               
  89   2                      SCK=0;
  90   2                      temp>>=1;       
  91   2                      if(SDA)
  92   2                      temp|=0x80;     
  93   2                      SCK=1;
  94   2              } 
  95   1              RST=0;  _nop_();
  96   1              SCK=0;  _nop_();
  97   1              SCK=1;  _nop_();
  98   1              SDA=0;  _nop_();
  99   1              SDA=1;  _nop_();
 100   1              return (temp);                  
 101   1      }


MODULE INFORMATION:   STATIC OVERLAYABLE
   CODE SIZE        =    212    ----
   CONSTANT SIZE    =     14    ----
   XDATA SIZE       =   ----    ----
   PDATA SIZE       =   ----    ----
   DATA SIZE        =      3       2
   IDATA SIZE       =   ----    ----
   BIT SIZE         =   ----    ----
END OF MODULE INFORMATION.


C51 COMPILATION COMPLETE.  0 WARNING(S),  0 ERROR(S)
