C51 COMPILER V9.60.0.0   INIT                                                              03/28/2023 17:40:56 PAGE 1   


C51 COMPILER V9.60.0.0, COMPILATION OF MODULE INIT
OBJECT MODULE PLACED IN .\Objects\init.obj
COMPILER INVOKED BY: E:\keil5\keil5\C51\BIN\C51.EXE ..\Config\init.c OPTIMIZE(8,SPEED) BROWSE INCDIR(..\User;..\System;.
                    -.\Driver;..\Config) DEBUG OBJECTEXTEND PRINT(.\Listings\init.lst) OBJECT(.\Objects\init.obj)

line level    source

   1          
   2          #include "init.h"
   3          
   4          
   5          
   6          
   7          
   8          
   9          
  10          
  11          
  12          
  13          void LedBUZZInit()
  14          {
  15   1              BUZZ = 0;
  16   1              RELAY = 0;
  17   1              HC138Set(5);
  18   1              HC138Set(0);
  19   1      }
  20          
  21          
  22          
  23          void Timer0Init()               //1毫秒@12.000MHz
  24          {
  25   1              AUXR |= 0x80;           //定时器时钟1T模式
  26   1              TMOD &= 0xF0;           //设置定时器模式
  27   1              TL0 = 0x20;             //设置定时初始值
  28   1              TH0 = 0xD1;             //设置定时初始值
  29   1              TF0 = 0;                //清除TF0标志
  30   1              TR0 = 1;                //定时器0开始计时
  31   1              
  32   1              ET0 = 1;
  33   1              EA = 1;
  34   1      }
  35          
  36          
  37          
  38          
  39          void HC138Set(unsigned char Y)
  40          {
  41   1              P2 &= 0x1F;
  42   1              P2 |= (Y & 0x07) << 5;
  43   1      }
  44          
  45          
  46          
  47          
  48          
  49          
  50          
  51          
  52          
  53          
  54          
C51 COMPILER V9.60.0.0   INIT                                                              03/28/2023 17:40:56 PAGE 2   

  55          
  56          
  57          
  58          
  59          
  60          
  61          
  62          
  63          
  64          
  65          
  66          
  67          
  68          
  69          


MODULE INFORMATION:   STATIC OVERLAYABLE
   CODE SIZE        =     48    ----
   CONSTANT SIZE    =   ----    ----
   XDATA SIZE       =   ----    ----
   PDATA SIZE       =   ----    ----
   DATA SIZE        =   ----    ----
   IDATA SIZE       =   ----    ----
   BIT SIZE         =   ----    ----
END OF MODULE INFORMATION.


C51 COMPILATION COMPLETE.  0 WARNING(S),  0 ERROR(S)
