C51 COMPILER V9.60.0.0   MAIN                                                              03/28/2023 18:47:26 PAGE 1   


C51 COMPILER V9.60.0.0, COMPILATION OF MODULE MAIN
OBJECT MODULE PLACED IN .\Objects\main.obj
COMPILER INVOKED BY: E:\keil5\keil5\C51\BIN\C51.EXE main.c OPTIMIZE(8,SPEED) BROWSE INCDIR(..\User;..\System;..\Driver;.
                    -.\Config) DEBUG OBJECTEXTEND PRINT(.\Listings\main.lst) OBJECT(.\Objects\main.obj)

line level    source

   1          #include <config.h>
   2          
   3          
   4          
   5          
   6          
   7          
   8          
   9          
  10          
  11          unsigned int cnt = 0;
  12          
  13          bit flag_100ms = 0;
  14          bit flag_750ms = 0;
  15          
  16          bit Flag_Warring_Clock = 0;
  17          
  18          void TimerWarring();
  19          void ReadData();
  20          
  21          void main()
  22          {
  23   1      
  24   1              Timer0Init();
  25   1              LedBUZZInit();
  26   1              Ds1302Init();
  27   1              Ds18B20ReadInit();
  28   1              Ds18B20ReadTempData();
  29   1              
  30   1              while(1)
  31   1              {
  32   2                      SmgShow();
  33   2                      ReadData();
  34   2                      KeyDriver();
  35   2              }
  36   1      }
  37          
  38          
  39          void Timer0Int() interrupt 1
  40          {
  41   1              static unsigned char Cnt_Time =0;
  42   1              cnt++;
  43   1              
  44   1              if((cnt%100) == 0)
  45   1              {
  46   2                      flag_100ms = 1;
  47   2                      Cnt_Time++;
  48   2                      if(Flag_Warring_Clock == 1)
  49   2                      {       
  50   3                              flag_5s++;
  51   3                              if((Cnt_Time%2)==0)
  52   3                              {
  53   4                                      if(flag_200ms == 1)
  54   4                                      {
C51 COMPILER V9.60.0.0   MAIN                                                              03/28/2023 18:47:26 PAGE 2   

  55   5                                              flag_200ms = 0;
  56   5                                      }
  57   4                                      else
  58   4                                      {
  59   5                                              flag_200ms = 1;
  60   5                                      }
  61   4                              }
  62   3                      }
  63   2                      if(Cnt_Time >= 10)
  64   2                      {
  65   3                              Cnt_Time = 0;
  66   3                              if(flag_1s == 1)
  67   3                              {
  68   4                                      flag_1s = 0;
  69   4                              }
  70   3                              else
  71   3                              {
  72   4                                      flag_1s = 1;
  73   4                              }       
  74   3                      }       
  75   2              }
  76   1              if(cnt >= 750)
  77   1              {
  78   2                      flag_750ms = 1;
  79   2                      cnt = 0;
  80   2              }
  81   1      
  82   1              
  83   1      
  84   1              SmgDisplay();
  85   1              LedShow();
  86   1              KeyScan();
  87   1      }
  88          
  89          
  90          void ReadData()
  91          {
  92   1              if(flag_100ms == 1)
  93   1              {
  94   2                      flag_100ms = 0;
  95   2                      if(Clock_Data_Set == 0)
  96   2                      {
  97   3                              Ds1302TimerRead();
  98   3                              TimerWarring();
  99   3                      }
 100   2              }
 101   1              if(flag_750ms == 1)
 102   1              {
 103   2                      flag_750ms = 0;
 104   2                      Ds18B20ReadTempData();
 105   2                      Ds18B20ReadInit();
 106   2              }
 107   1      }
 108          
 109          
 110          
 111          //ÊØîËæÉTimerDataÂíåTimer_WarringÁöÑÂáΩÊï∞
 112          void TimerWarring()
 113          {
 114   1              //ÂÆö‰πâ‰∏Ä‰∏™ÁºìÂ≠òÊï∞ÁªÑÔºåÁî®‰∫éÂ≠òÊîæTimerDataÁöÑÊï∞ÊçÆ
 115   1              unsigned char Timer_Data_Buff[3];
 116   1              //Â∞ÜTimerDataÁöÑÊï∞ÊçÆÁî±bcdÁ†ÅËΩ¨‰∏∫10ËøõÂà∂Êï∞ÂêéÂÜçËΩ¨Â≠òÂà∞Timer_Data_BuffÊï∞ÁªÑ‰∏≠
C51 COMPILER V9.60.0.0   MAIN                                                              03/28/2023 18:47:26 PAGE 3   

 117   1              Timer_Data_Buff[2] = (TimerData[2]>>4)*10+(TimerData[2]&0x0F);
 118   1              Timer_Data_Buff[1] = (TimerData[1]>>4)*10+(TimerData[1]&0x0F);
 119   1              Timer_Data_Buff[0] = (TimerData[0]>>4)*10+(TimerData[0]&0x0F);
 120   1      
 121   1              //ÊØîËæÉÁºìÂ≠òÊï∞ÁªÑÂíåTimer_WarringÊï∞ÁªÑÁöÑÊï∞ÊçÆÔºåÂ¶ÇÊûúÁõ∏Á≠âÂàôÂ∞ÜTimer_Warring_Time_SetÁΩÆ1ÔºåÁî®‰
             -∫éÊòæÁ§∫ÈóπÈíüÊó∂Èó¥
 122   1              if(Timer_Data_Buff[2] == Timer_Warring[2] && Timer_Data_Buff[1] == Timer_Warring[1] && Timer_Data_Buff[0]
             - == Timer_Warring[0])
 123   1              {
 124   2                      Flag_Warring_Clock = 1;
 125   2              }
 126   1      }
 127          
 128          
 129          
 130          
 131          


MODULE INFORMATION:   STATIC OVERLAYABLE
   CODE SIZE        =    275    ----
   CONSTANT SIZE    =   ----    ----
   XDATA SIZE       =   ----    ----
   PDATA SIZE       =   ----    ----
   DATA SIZE        =      3       3
   IDATA SIZE       =   ----    ----
   BIT SIZE         =      3    ----
END OF MODULE INFORMATION.


C51 COMPILATION COMPLETE.  0 WARNING(S),  0 ERROR(S)
