C51 COMPILER V9.60.0.0   INIT                                                              03/22/2023 21:46:58 PAGE 1   


C51 COMPILER V9.60.0.0, COMPILATION OF MODULE INIT
OBJECT MODULE PLACED IN .\Objects\init.obj
COMPILER INVOKED BY: E:\keil5\keil5\C51\BIN\C51.EXE ..\Config\init.c OPTIMIZE(8,SPEED) BROWSE INCDIR(..\User;..\System;.
                    -.\Driver;..\Config) DEBUG OBJECTEXTEND PRINT(.\Listings\init.lst) OBJECT(.\Objects\init.obj)

line level    source

   1          #include "init.h"
   2          
   3          
   4          
   5          
   6          
   7          
   8          
   9          void Timer1Init()               //1毫秒@12.000MHz
  10          {
  11   1              AUXR |= 0x40;           //定时器时钟1T模式
  12   1              TMOD &= 0x0F;           //设置定时器模式
  13   1              TL1 = 0x20;             //设置定时初始值
  14   1              TH1 = 0xD1;             //设置定时初始值
  15   1              TF1 = 0;                //清除TF1标志
  16   1              TR1 = 1;                //定时器1开始计时
  17   1              
  18   1              ET1 = 1;
  19   1              EA = 1;
  20   1      }
  21          
  22          
  23          
  24          void HC138(unsigned char Y)
  25          {
  26   1              P2 &= 0X1F;
  27   1              P2 |= (Y & 0X07) << 5;
  28   1      }
  29          
  30          void LedBUZZInit()
  31          {
  32   1              HC138(5);
  33   1              BUZZ = 0;
  34   1              RELAY = 0;
  35   1              HC138(0);
  36   1              
  37   1              P0 = 0xFF;
  38   1              HC138(4);
  39   1              HC138(0);
  40   1      }
  41          
  42          
  43          
  44          
  45          
  46          
  47          
  48          
  49          
  50          
  51          
  52          
  53          
  54          
C51 COMPILER V9.60.0.0   INIT                                                              03/22/2023 21:46:58 PAGE 2   

  55          
  56          
  57          
  58          
  59          
  60          


MODULE INFORMATION:   STATIC OVERLAYABLE
   CODE SIZE        =     61    ----
   CONSTANT SIZE    =   ----    ----
   XDATA SIZE       =   ----    ----
   PDATA SIZE       =   ----    ----
   DATA SIZE        =   ----    ----
   IDATA SIZE       =   ----    ----
   BIT SIZE         =   ----    ----
END OF MODULE INFORMATION.


C51 COMPILATION COMPLETE.  0 WARNING(S),  0 ERROR(S)
