C51 COMPILER V9.60.0.0   MAIN                                                              03/20/2023 21:10:14 PAGE 1   


C51 COMPILER V9.60.0.0, COMPILATION OF MODULE MAIN
OBJECT MODULE PLACED IN .\Objects\main.obj
COMPILER INVOKED BY: E:\keil5\keil5\C51\BIN\C51.EXE main.c OPTIMIZE(8,SPEED) BROWSE INCDIR(..\User;..\System;..\Driver;.
                    -.\Config) DEBUG OBJECTEXTEND PRINT(.\Listings\main.lst) OBJECT(.\Objects\main.obj)

line level    source

   1          #include <config.h>
   2          
   3          
   4          
   5          unsigned int cnt = 0;
   6          
   7          float AD_Data = 0;
   8          unsigned int AD_Show_Number = 0;
   9          
  10          bit flag_500ms = 0;
  11          bit flag_100ms = 0;
  12          
  13          
  14          
  15          
  16          
  17          
  18          
  19          
  20          void ReadData();
  21          
  22          
  23          void main()
  24          {
  25   1              LedBUZZInit();
  26   1              Timer1Init();
  27   1              NE555Timer0Init();
  28   1              
  29   1              
  30   1              while(1)
  31   1              {
  32   2                      KeyDriver();
  33   2                      SmgMode();
  34   2                      
  35   2                      if(flag_100ms == 1)
  36   2                      {
  37   3                              flag_100ms = 0;
  38   3                              ReadData();
  39   3                      }
  40   2                      
  41   2              }
  42   1      }
  43          
  44          
  45          void Timer1Int() interrupt 3
  46          {
  47   1              cnt++;
  48   1              
  49   1              if((cnt%260) == 0)
  50   1              {
  51   2                      flag_100ms = 1;
  52   2              }
  53   1              
  54   1              if(cnt>=550)
C51 COMPILER V9.60.0.0   MAIN                                                              03/20/2023 21:10:14 PAGE 2   

  55   1              {
  56   2                      NE555_Freq = NE555_Timer_Cnt;
  57   2                      NE555_Timer_Cnt = 0;
  58   2                      cnt = 0;
  59   2                      flag_500ms = 1;
  60   2              }
  61   1              
  62   1              KeyScan();
  63   1              SmgDisplay();
  64   1              if(Led_Open == 1)
  65   1              {
  66   2                      LedMode();
  67   2              }
  68   1              else
  69   1              {
  70   2                      P0 = 0xFF;
  71   2                      HC138(4);
  72   2                      HC138(0);
  73   2              }
  74   1              
  75   1      }
  76          
  77          
  78          void ReadData()
  79          {
  80   1              AD_Data = PCF8591_ADC();
  81   1              if(DAC_Mode == 0)
  82   1              {
  83   2                      PCF8591DAC(106);
  84   2              }
  85   1              else
  86   1              {
  87   2                      PCF8591DAC(AD_Data);
  88   2              }       
  89   1              AD_Data = AD_Data/53.125;
  90   1              AD_Data *= 100;
  91   1              AD_Show_Number = AD_Data;       
  92   1      
  93   1      }
  94          
  95          
  96          
  97          
  98          


MODULE INFORMATION:   STATIC OVERLAYABLE
   CODE SIZE        =    254    ----
   CONSTANT SIZE    =   ----    ----
   XDATA SIZE       =   ----    ----
   PDATA SIZE       =   ----    ----
   DATA SIZE        =      8    ----
   IDATA SIZE       =   ----    ----
   BIT SIZE         =      2    ----
END OF MODULE INFORMATION.


C51 COMPILATION COMPLETE.  0 WARNING(S),  0 ERROR(S)
