C51 COMPILER V9.56.0.0   DS1302                                                            04/06/2022 00:21:30 PAGE 1   


C51 COMPILER V9.56.0.0, COMPILATION OF MODULE DS1302
OBJECT MODULE PLACED IN .\Objects\ds1302.obj
COMPILER INVOKED BY: E:\keil5\keil5\C51\BIN\C51.EXE ..\Driver\ds1302.c OPTIMIZE(8,SPEED) BROWSE INCDIR(..\User;..\system
                    -;..\Driver;..\Include) DEBUG OBJECTEXTEND PRINT(.\Listings\ds1302.lst) TABS(2) OBJECT(.\Objects\ds1302.obj)

line level    source

   1          #ifndef __DS1302_H
   2          #define __DS1302_H
   3          
   4          #include <STC15F2K60S2.H>
   5          #include <intrins.h>
   6          
   7          
   8          void Write_Ds1302_Byte(unsigned  char temp);
   9          void Write_Ds1302( unsigned char address,unsigned char dat );
  10          unsigned char Read_Ds1302 ( unsigned char address );
  11          unsigned char shijian[7];
  12          unsigned char init[7]={0x59,0x50,0x11,0x14,0x05,0x01,0x18};
  13          
  14          sbit SCK=P1^7;    
  15          sbit SDA=P2^3;    
  16          sbit RST = P1^3;   // DS1302¸´Î»                        
  17          
  18          void Write_Ds1302_Byte(unsigned  char temp) 
  19          {
  20   1        unsigned char i;
  21   1        for (i=0;i<8;i++)       
  22   1        { 
  23   2          SCK=0;
  24   2          SDA=temp&0x01;
  25   2          temp>>=1; 
  26   2          SCK=1;
  27   2        }
  28   1      }   
  29          
  30          void Write_Ds1302( unsigned char address,unsigned char dat )     
  31          {
  32   1        RST=0;
  33   1        _nop_();
  34   1        SCK=0;
  35   1        _nop_();
  36   1        RST=1;  
  37   1          _nop_();  
  38   1        Write_Ds1302_Byte(address); 
  39   1        Write_Ds1302_Byte(dat);   
  40   1        RST=0; 
  41   1      }
  42          
  43          unsigned char Read_Ds1302 ( unsigned char address )
  44          {
  45   1        unsigned char i,temp=0x00;
  46   1        RST=0;
  47   1        _nop_();
  48   1        SCK=0;
  49   1        _nop_();
  50   1        RST=1;
  51   1        _nop_();
  52   1        Write_Ds1302_Byte(address);
  53   1        for (i=0;i<8;i++)   
  54   1        {   
C51 COMPILER V9.56.0.0   DS1302                                                            04/06/2022 00:21:30 PAGE 2   

  55   2          SCK=0;
  56   2          temp>>=1; 
  57   2          if(SDA)
  58   2          temp|=0x80; 
  59   2          SCK=1;
  60   2        } 
  61   1        RST=0;
  62   1        _nop_();
  63   1        RST=0;
  64   1        SCK=0;
  65   1        _nop_();
  66   1        SCK=1;
  67   1        _nop_();
  68   1        SDA=0;
  69   1        _nop_();
  70   1        SDA=1;
  71   1        _nop_();
  72   1        return (temp);      
  73   1      }
  74          
  75          
  76          #endif


MODULE INFORMATION:   STATIC OVERLAYABLE
   CODE SIZE        =     93    ----
   CONSTANT SIZE    =   ----    ----
   XDATA SIZE       =   ----    ----
   PDATA SIZE       =   ----    ----
   DATA SIZE        =     14    ----
   IDATA SIZE       =   ----    ----
   BIT SIZE         =   ----    ----
END OF MODULE INFORMATION.


C51 COMPILATION COMPLETE.  0 WARNING(S),  0 ERROR(S)
