C51 COMPILER V9.56.0.0   EEPROM                                                            04/07/2022 20:19:18 PAGE 1   


C51 COMPILER V9.56.0.0, COMPILATION OF MODULE EEPROM
OBJECT MODULE PLACED IN .\Objects\EEPROM.obj
COMPILER INVOKED BY: E:\keil5\keil5\C51\BIN\C51.EXE ..\Driver\EEPROM.c OPTIMIZE(8,SPEED) BROWSE INCDIR(..\User;..\system
                    -;..\Driver;..\Include) DEBUG OBJECTEXTEND PRINT(.\Listings\EEPROM.lst) TABS(2) OBJECT(.\Objects\EEPROM.obj)

line level    source

   1          
   2          #include <EEPROM.h>
   3          
   4          
   5          
   6          
   7          
   8          
   9          unsigned char Read_EEPROM(unsigned char addr)
  10          {
  11   1        unsigned char temp;
  12   1        IIC_Start();
  13   1        IIC_SendByte(0xA0);
  14   1        IIC_WaitAck();
  15   1        IIC_SendByte(addr);
  16   1        IIC_WaitAck();  
  17   1        
  18   1        IIC_Start();
  19   1        IIC_SendByte(0xA1);
  20   1        IIC_WaitAck();  
  21   1        temp = IIC_RecByte();
  22   1        IIC_Stop(); 
  23   1        
  24   1        return temp;
  25   1      }
  26          
  27          
  28          
  29          void Write_EEPROM(unsigned char addr,unsigned char dat)
  30          {
  31   1        IIC_Start();
  32   1        IIC_SendByte(0xA0);
  33   1        IIC_WaitAck(); 
  34   1        IIC_SendByte(addr);
  35   1        IIC_WaitAck();  
  36   1        IIC_SendByte(dat);
  37   1        IIC_WaitAck();
  38   1        IIC_Stop();
  39   1        
  40   1        
  41   1      }
  42          
  43          
  44          
  45          
  46          
  47          
  48          
  49          
  50          
  51          
  52          
  53          
  54          
C51 COMPILER V9.56.0.0   EEPROM                                                            04/07/2022 20:19:18 PAGE 2   

  55          
  56          
  57          
  58          
  59          
  60          


MODULE INFORMATION:   STATIC OVERLAYABLE
   CODE SIZE        =     77    ----
   CONSTANT SIZE    =   ----    ----
   XDATA SIZE       =   ----    ----
   PDATA SIZE       =   ----    ----
   DATA SIZE        =   ----       4
   IDATA SIZE       =   ----    ----
   BIT SIZE         =   ----    ----
END OF MODULE INFORMATION.


C51 COMPILATION COMPLETE.  0 WARNING(S),  0 ERROR(S)
