C51 COMPILER V9.56.0.0   INIT                                                              04/07/2022 20:19:18 PAGE 1   


C51 COMPILER V9.56.0.0, COMPILATION OF MODULE INIT
OBJECT MODULE PLACED IN .\Objects\init.obj
COMPILER INVOKED BY: E:\keil5\keil5\C51\BIN\C51.EXE ..\system\init.c OPTIMIZE(8,SPEED) BROWSE INCDIR(..\User;..\system;.
                    -.\Driver;..\Include) DEBUG OBJECTEXTEND PRINT(.\Listings\init.lst) TABS(2) OBJECT(.\Objects\init.obj)

line level    source

   1          
   2          #include <init.h>
   3          
   4          
   5          unsigned int T1RH,T1RL,T0RH,T0RL;
   6          
   7          
   8          
   9          
  10          void ALL_init()
  11          {
  12   1        HC138Y(5);
  13   1        P0 = 0x00;
  14   1        HC138Y(4);
  15   1        P0 = 0xFF;  
  16   1      }
  17          
  18          
  19          void Timer1_init()
  20          {   
  21   1        AUXR |= 0x40;   
  22   1        TMOD &= 0x0F;   
  23   1        TL1 = 0xCD; 
  24   1        TH1 = 0xD4;   
  25   1        TR1 = 1;
  26   1        ET1 = 1;
  27   1        EA = 1;
  28   1      
  29   1      }
  30          
  31          void Time0_init()
  32          {
  33   1        AUXR |= 0x80; 
  34   1        TMOD &= 0xF0;   
  35   1        TL0 = 0xCD;   
  36   1        TH0 = 0xD4;
  37   1        EA = 1;
  38   1        ET0 = 1;
  39   1        TR0 = 1;
  40   1      
  41   1      }
  42          
  43          
  44          
  45          
  46          
  47          
  48          void HC138Y(unsigned char Y)
  49          {
  50   1        switch(Y)
  51   1        {
  52   2          case 0: P2 = (P2&0x1F) | 0x00;
  53   2          break;
  54   2          case 1: P2 = (P2&0x1F) | 0x20;
C51 COMPILER V9.56.0.0   INIT                                                              04/07/2022 20:19:18 PAGE 2   

  55   2          break;
  56   2          case 2: P2 = (P2&0x1F) | 0x40;
  57   2          break;
  58   2          case 3: P2 = (P2&0x1F) | 0x60;
  59   2          break;
  60   2          case 4: P2 = (P2&0x1F) | 0x80;
  61   2          break;
  62   2          case 5: P2 = (P2&0x1F) | 0xA0;
  63   2          break;
  64   2          case 6: P2 = (P2&0x1F) | 0xC0;
  65   2          break;
  66   2          case 7: P2 = (P2&0x1F) | 0xE0;
  67   2          break;    
  68   2        }
  69   1      
  70   1      
  71   1      }
  72          
  73          
  74          
  75          void delay_smg(unsigned int t)
  76          {
  77   1        while(t--);
  78   1      }
  79          
  80          
  81          //void delay_01(unsigned int ms)
  82          //{
  83          //  unsigned int i = 0;
  84          //  
  85          //  while(ms--)
  86          //  {
  87          //    for(i=0;i<628;i++);
  88          //  }
  89          //}
  90          
  91          
  92          
  93          
  94          
  95          
  96          
  97          
  98          
  99          
 100          
 101          
 102          


MODULE INFORMATION:   STATIC OVERLAYABLE
   CODE SIZE        =    170    ----
   CONSTANT SIZE    =   ----    ----
   XDATA SIZE       =   ----    ----
   PDATA SIZE       =   ----    ----
   DATA SIZE        =      8    ----
   IDATA SIZE       =   ----    ----
   BIT SIZE         =   ----    ----
END OF MODULE INFORMATION.


C51 COMPILATION COMPLETE.  0 WARNING(S),  0 ERROR(S)
