C51 COMPILER V9.56.0.0   LED                                                               04/08/2022 16:39:48 PAGE 1   


C51 COMPILER V9.56.0.0, COMPILATION OF MODULE LED
OBJECT MODULE PLACED IN .\Objects\Led.obj
COMPILER INVOKED BY: E:\keil5\keil5\C51\BIN\C51.EXE ..\Driver\Led.c OPTIMIZE(8,SPEED) BROWSE INCDIR(..\User;..\system;..
                    -\Driver;..\Include) DEBUG OBJECTEXTEND PRINT(.\Listings\Led.lst) TABS(2) OBJECT(.\Objects\Led.obj)

line level    source

   1          #include <Led.h>
   2          
   3          extern bit flag5S;
   4          extern unsigned char key_mod;
   5          extern unsigned char Vcnt;
   6          extern int VP;
   7          extern unsigned char key_error_cnt;
   8            unsigned int VAIN3;
   9            
  10            
  11            unsigned char i;
  12            
  13          unsigned char code Led_SMG[] = {
  14            ~0x3F,~0x06,~0x5B,~0x4F,~0x66,~0x6D,~0x7D,~0x07,~0x7F,~0x6F,~0x77,~0x7C,~0x39,~0x5E,~0x79,~0x71,0xFF
  15          };
  16          
  17          
  18          void Led_Signal()
  19          {
  20   1        P0 = 0xFF;
  21   1        if(i == 0)
  22   1        {
  23   2          if(flag5S == 1)
  24   2          {
  25   3            HC138Y(4);
  26   3            P0 = 0xFE;
  27   3            HC138Y(0);
  28   3            flag5S = 0;
  29   3          }
  30   2        }
  31   1        else
  32   1        {
  33   2          HC138Y(4);
  34   2          P0 = 0xFF;
  35   2          HC138Y(0);
  36   2          flag5S = 0; 
  37   2        }
  38   1        
  39   1        if(Vcnt % 2 == 0)
  40   1        {
  41   2          HC138Y(4);
  42   2          P0 = 0xFF;
  43   2          HC138Y(0);    
  44   2        }
  45   1        else
  46   1        {
  47   2          HC138Y(4);
  48   2          P0 = 0xFD;
  49   2          HC138Y(0);    
  50   2        }
  51   1      
  52   1        if(key_error_cnt >= 3)
  53   1        {
  54   2          HC138Y(4);
C51 COMPILER V9.56.0.0   LED                                                               04/08/2022 16:39:48 PAGE 2   

  55   2          P0 = 0xFB;
  56   2          HC138Y(0);    
  57   2        }
  58   1      }
  59          
  60          void number_Vcnt()
  61          {
  62   1        VAIN3 = AD_Get();
  63   1        VAIN3 = VAIN3*100/51;
  64   1        
  65   1        if(VAIN3 > VP+5)
  66   1        {
  67   2          i = 1;
  68   2        }
  69   1        else if(VAIN3 < VP-5)
  70   1        {
  71   2          i = 0;
  72   2        }
  73   1        if((VAIN3 < VP+5)&&(VAIN3 > VP-5))
  74   1        {
  75   2          if(i == 1)
  76   2          {
  77   3            Vcnt++;
  78   3            i = 0;
  79   3          }
  80   2        }
  81   1      }
  82          
  83          
  84          
  85          void Led_Display(unsigned char pos,unsigned char dat)
  86          {
  87   1        P0 = 0xFF;
  88   1        HC138Y(6);
  89   1        P0 = 0x01 << pos;
  90   1        HC138Y(7);
  91   1        P0 = dat;
  92   1        delay_smg(500);
  93   1      } 
  94          
  95          void Led_Show()
  96          {
  97   1        if(key_mod == 0)
  98   1        {
  99   2          Led_shuju();
 100   2        }
 101   1        else if(key_mod == 1)
 102   1        {
 103   2          Led_canshu();
 104   2        }
 105   1        else if(key_mod == 2)
 106   1        {
 107   2          Led_jishu();
 108   2        }
 109   1        
 110   1      }
 111          
 112          void Led_shuju()
 113          { 
 114   1        Led_Display(0,~0x3E);
 115   1          
 116   1        Led_Display(5,Led_SMG[VAIN3/100%10] & 0x7F);
C51 COMPILER V9.56.0.0   LED                                                               04/08/2022 16:39:48 PAGE 3   

 117   1        Led_Display(6,Led_SMG[VAIN3/10%10]);
 118   1        Led_Display(7,Led_SMG[VAIN3%10]);
 119   1      }
 120          
 121          void Led_canshu()
 122          {
 123   1        Led_Display(0,~0x73);
 124   1        
 125   1        Led_Display(5,Led_SMG[VP/100%10] & 0x7F);
 126   1        Led_Display(6,Led_SMG[VP/10%10]);
 127   1        Led_Display(7,Led_SMG[VP%10]);
 128   1      }
 129          
 130          void Led_jishu()
 131          {
 132   1        Led_Display(0,~0x37);
 133   1      
 134   1        Led_Display(5,Led_SMG[Vcnt/100%10]);
 135   1        Led_Display(6,Led_SMG[Vcnt/10%10]);
 136   1        Led_Display(7,Led_SMG[Vcnt%10]);  
 137   1      }
 138          
 139          
 140          
 141          
 142          
 143          
 144          
 145          
 146          
 147          
 148          
 149          
 150          
 151          
 152          
 153          
 154          
 155          


MODULE INFORMATION:   STATIC OVERLAYABLE
   CODE SIZE        =    530    ----
   CONSTANT SIZE    =     17    ----
   XDATA SIZE       =   ----    ----
   PDATA SIZE       =   ----    ----
   DATA SIZE        =      3       2
   IDATA SIZE       =   ----    ----
   BIT SIZE         =   ----    ----
END OF MODULE INFORMATION.


C51 COMPILATION COMPLETE.  0 WARNING(S),  0 ERROR(S)
