C51 COMPILER V9.56.0.0   ONEWIRE                                                           04/05/2022 18:06:07 PAGE 1   


C51 COMPILER V9.56.0.0, COMPILATION OF MODULE ONEWIRE
OBJECT MODULE PLACED IN .\Objects\onewire.obj
COMPILER INVOKED BY: E:\keil5\keil5\C51\BIN\C51.EXE ..\Driver\onewire.c OPTIMIZE(8,SPEED) BROWSE INCDIR(..\User;..\syste
                    -m;..\Driver;..\Include) DEBUG OBJECTEXTEND PRINT(.\Listings\onewire.lst) TABS(2) OBJECT(.\Objects\onewire.obj)

line level    source

   1          /*
   2            程序说明: 单总线驱动程序
   3            软件环境: Keil uVision 4.10 
   4            硬件环境: CT107单片机综合实训平台(外部晶振12MHz) STC89C52RC单片机
   5            日    期: 2011-8-9
   6          */
   7          #include <STC15F2K60S2.H>
   8          
   9          
  10          sbit DQ = P1^4;  //单总线接口
  11          
  12          //单总线延时函数
  13          void Delay_OneWire(unsigned int t)  //STC89C52RC
  14          {
  15   1        unsigned char i;
  16   1        while(t--)
  17   1          for(i=0;i<8;i++);
  18   1      }
  19          
  20          //通过单总线向DS18B20写一个字节
  21          void Write_DS18B20(unsigned char dat)
  22          {
  23   1        unsigned char i;
  24   1        for(i=0;i<8;i++)
  25   1        {
  26   2          DQ = 0;
  27   2          DQ = dat&0x01;
  28   2          Delay_OneWire(5);
  29   2          DQ = 1;
  30   2          dat >>= 1;
  31   2        }
  32   1        Delay_OneWire(5);
  33   1      }
  34          
  35          //从DS18B20读取一个字节
  36          unsigned char Read_DS18B20(void)
  37          {
  38   1        unsigned char i;
  39   1        unsigned char dat;
  40   1        
  41   1        for(i=0;i<8;i++)
  42   1        {
  43   2          DQ = 0;
  44   2          dat >>= 1;
  45   2          DQ = 1;
  46   2          if(DQ)
  47   2          {
  48   3            dat |= 0x80;
  49   3          }     
  50   2          Delay_OneWire(5);
  51   2        }
  52   1        return dat;
  53   1      }
  54          
C51 COMPILER V9.56.0.0   ONEWIRE                                                           04/05/2022 18:06:07 PAGE 2   

  55          //DS18B20设备初始化
  56          bit init_ds18b20(void)
  57          {
  58   1          bit initflag = 0;
  59   1          
  60   1          DQ = 1;
  61   1          Delay_OneWire(12);
  62   1          DQ = 0;
  63   1          Delay_OneWire(80);
  64   1          DQ = 1;
  65   1          Delay_OneWire(10); 
  66   1          initflag = DQ;     
  67   1          Delay_OneWire(5);
  68   1        
  69   1          return initflag;
  70   1      }
  71          
  72          
  73          
  74          
  75          
  76          


MODULE INFORMATION:   STATIC OVERLAYABLE
   CODE SIZE        =    121    ----
   CONSTANT SIZE    =   ----    ----
   XDATA SIZE       =   ----    ----
   PDATA SIZE       =   ----    ----
   DATA SIZE        =   ----    ----
   IDATA SIZE       =   ----    ----
   BIT SIZE         =   ----       1
END OF MODULE INFORMATION.


C51 COMPILATION COMPLETE.  0 WARNING(S),  0 ERROR(S)
