C51 COMPILER V9.60.0.0   LED                                                               06/07/2023 19:19:33 PAGE 1   


C51 COMPILER V9.60.0.0, COMPILATION OF MODULE LED
OBJECT MODULE PLACED IN .\Objects\led.obj
COMPILER INVOKED BY: E:\keil5\keil5\C51\BIN\C51.EXE Driver\led.c OPTIMIZE(8,SPEED) BROWSE INCDIR(.\User;.\Driver;.\Syste
                    -m;.\Config) DEBUG OBJECTEXTEND PRINT(.\Listings\led.lst) OBJECT(.\Objects\led.obj)

line level    source

   1          #include "led.h"
   2          
   3          
   4          code unsigned char Led_Number[] =
   5          {
   6                  0xc0, //0
   7                  0xf9, //1
   8                  0xa4, //2
   9                  0xb0, //3
  10                  0x99, //4
  11                  0x92, //5
  12                  0x82, //6
  13                  0xf8, //7
  14                  0x80, //8
  15                  0x90, //9
  16                  0xFF
  17          };
  18          
  19          unsigned char Led_Buff[8] = {0xFF,0xFF,0xFF,0xFF,0xFF,0xFF,0xFF,0xFF};
  20          
  21          
  22          
  23          
  24          
  25          
  26          
  27          
  28          
  29          void SmgMenuMain()
  30          {
  31   1              if(Menu_Mode == 0)
  32   1              {
  33   2                      if(Menu_Data == 0)
  34   2                      {
  35   3                              SmgMenuDataTemp();
  36   3                      }
  37   2                      else if(Menu_Data == 1)
  38   2                      {
  39   3                              SmgMenuDataDistence();
  40   3                      }
  41   2                      else
  42   2                      {
  43   3                              SmgMenuDataParmCnt();
  44   3                      }
  45   2              }
  46   1              else
  47   1              {
  48   2                      SmgMenuParm();
  49   2              }
  50   1      }
  51          
  52          void LedDisplay()
  53          {
  54   1              P0 = 0xFF;
C51 COMPILER V9.60.0.0   LED                                                               06/07/2023 19:19:33 PAGE 2   

  55   1              HC138Set(4);
  56   1              
  57   1              if(Temp_Data > ParmData_Temp)
  58   1              {
  59   2                      LED1 = 0;
  60   2              }
  61   1              
  62   1              if(Sonic_Distence < ParmData_Distence)
  63   1              {
  64   2                      LED2 = 0;
  65   2              }
  66   1              
  67   1              if(DAC_Mode == 0)
  68   1              {
  69   2                      LED3 = 0;
  70   2              }
  71   1              
  72   1              HC138Set(0);
  73   1      }
  74          
  75          void SmgMenuParm()
  76          {
  77   1              Led_Buff[0] = 0x92;             
  78   1              Led_Buff[1] = Led_Number[10];
  79   1              Led_Buff[2] = Led_Number[10];   
  80   1              Led_Buff[4] = Led_Number[10];
  81   1              Led_Buff[5] = Led_Number[10];           
  82   1              if(Menu_Parm == 0)
  83   1              {
  84   2                      Led_Buff[3] = Led_Number[4];    
  85   2                      if(ParmData_Temp_Buf >= 1000)
  86   2                      {
  87   3                              Led_Buff[6] = Led_Number[(ParmData_Temp_Buf/1000)%10];                  
  88   3                      }
  89   2                      else
  90   2                      {
  91   3                              Led_Buff[6] = Led_Number[10];                   
  92   3                      }
  93   2                      Led_Buff[7] = Led_Number[(ParmData_Temp_Buf/100)%10];
  94   2              }
  95   1              else
  96   1              {
  97   2                      Led_Buff[3] = Led_Number[5];    
  98   2                      if(ParmData_Distence_Buf >= 10)
  99   2                      {
 100   3                              Led_Buff[6] = Led_Number[(ParmData_Distence_Buf/10)%10];
 101   3                      }
 102   2                      else
 103   2                      {
 104   3                              Led_Buff[6] = Led_Number[10];
 105   3                      }
 106   2                      Led_Buff[7] = Led_Number[(ParmData_Distence_Buf)%10];
 107   2              }
 108   1      }
 109          
 110          
 111          void SmgMenuDataParmCnt()
 112          {
 113   1              Led_Buff[0] = 0x98;     
 114   1              Led_Buff[1] = Led_Number[10];
 115   1              Led_Buff[2] = Led_Number[10];   
 116   1              
C51 COMPILER V9.60.0.0   LED                                                               06/07/2023 19:19:33 PAGE 3   

 117   1              if(Parm_ChangCnt >= 10000)
 118   1              {
 119   2                      Led_Buff[3] = Led_Number[(Parm_ChangCnt/10000)%10];             
 120   2              }
 121   1              else
 122   1              {
 123   2                      Led_Buff[3] = Led_Number[10];           
 124   2              }
 125   1              if(Parm_ChangCnt >= 1000)
 126   1              {
 127   2                      Led_Buff[4] = Led_Number[(Parm_ChangCnt/1000)%10];              
 128   2              }            
 129   1              else         
 130   1              {            
 131   2                      Led_Buff[4] = Led_Number[10];           
 132   2              }       
 133   1              if(Parm_ChangCnt >= 100)
 134   1              {
 135   2                      Led_Buff[5] = Led_Number[(Parm_ChangCnt/100)%10];               
 136   2              }
 137   1              else
 138   1              {
 139   2                      Led_Buff[5] = Led_Number[10];           
 140   2              }       
 141   1              if(Parm_ChangCnt >= 10)
 142   1              {
 143   2                      Led_Buff[6] = Led_Number[(Parm_ChangCnt/10)%10];                
 144   2              }
 145   1              else
 146   1              {
 147   2                      Led_Buff[6] = Led_Number[10];           
 148   2              }       
 149   1              Led_Buff[7] = Led_Number[(Parm_ChangCnt)%10];
 150   1      }
 151          
 152          void SmgMenuDataDistence()
 153          {
 154   1              Led_Buff[0] = 0xC7;     
 155   1              Led_Buff[1] = Led_Number[10];
 156   1              Led_Buff[2] = Led_Number[10];
 157   1              Led_Buff[3] = Led_Number[10];
 158   1              Led_Buff[4] = Led_Number[10];
 159   1              Led_Buff[5] = Led_Number[10];
 160   1              
 161   1              if(Sonic_Distence >= 10)
 162   1              {
 163   2                      Led_Buff[6] = Led_Number[(Sonic_Distence/10)%10];               
 164   2              }
 165   1              else
 166   1              {
 167   2                      Led_Buff[6] = Led_Number[10];           
 168   2              }
 169   1              Led_Buff[7] = Led_Number[(Sonic_Distence)%10];  
 170   1      }
 171          
 172          
 173          void SmgMenuDataTemp()
 174          {
 175   1              Led_Buff[0] = 0x8e;     
 176   1              Led_Buff[1] = Led_Number[10];
 177   1              Led_Buff[2] = Led_Number[10];
 178   1              
C51 COMPILER V9.60.0.0   LED                                                               06/07/2023 19:19:33 PAGE 4   

 179   1              if(flag_TempMinus == 1)
 180   1              {
 181   2                      Led_Buff[3] = 0xBF;             
 182   2              }
 183   1              else
 184   1              {
 185   2                      Led_Buff[3] = Led_Number[10];           
 186   2              }
 187   1              
 188   1              if(Temp_Data >= 1000)
 189   1              {       
 190   2                      Led_Buff[4] = Led_Number[(Temp_Data/1000)%10];                  
 191   2              }
 192   1              else
 193   1              {
 194   2                      Led_Buff[4] = Led_Number[10];
 195   2              }
 196   1              Led_Buff[5] = Led_Number[(Temp_Data/100)%10] & 0x7F;
 197   1              Led_Buff[6] = Led_Number[(Temp_Data/10)%10];
 198   1              Led_Buff[7] = Led_Number[(Temp_Data)%10];               
 199   1              
 200   1      }
 201          
 202          
 203          
 204          void SmgDisplay()
 205          {
 206   1              static unsigned char i = 0;
 207   1              
 208   1              HC138Set(7);
 209   1              P0 = 0xFF;
 210   1              HC138Set(6);
 211   1              P0 = 0x01 << i;
 212   1              HC138Set(7);
 213   1              P0 = 0xFF;
 214   1              P0 = Led_Buff[i];       
 215   1              HC138Set(0);
 216   1              
 217   1              i++;
 218   1              i &= 0x07;
 219   1      }
 220          
 221          
 222          
 223          
 224          
 225          
 226          


MODULE INFORMATION:   STATIC OVERLAYABLE
   CODE SIZE        =    772    ----
   CONSTANT SIZE    =     11    ----
   XDATA SIZE       =   ----    ----
   PDATA SIZE       =   ----    ----
   DATA SIZE        =      9    ----
   IDATA SIZE       =   ----    ----
   BIT SIZE         =   ----    ----
END OF MODULE INFORMATION.


C51 COMPILATION COMPLETE.  0 WARNING(S),  0 ERROR(S)
