C51 COMPILER V9.60.0.0   MAIN                                                              06/07/2023 19:19:33 PAGE 1   


C51 COMPILER V9.60.0.0, COMPILATION OF MODULE MAIN
OBJECT MODULE PLACED IN .\Objects\main.obj
COMPILER INVOKED BY: E:\keil5\keil5\C51\BIN\C51.EXE User\main.c OPTIMIZE(8,SPEED) BROWSE INCDIR(.\User;.\Driver;.\System
                    -;.\Config) DEBUG OBJECTEXTEND PRINT(.\Listings\main.lst) OBJECT(.\Objects\main.obj)

line level    source

   1          
   2          #include <config.h>
   3          
   4          
   5          
   6          
   7          unsigned int Key_SetTime = 0;
   8          
   9          unsigned int Temp_Data = 0;
  10          
  11          
  12          
  13          bit flag10ms = 0;
  14          bit flag50ms = 0;
  15          bit flag100ms = 0;
  16          bit flag200ms = 0;
  17          
  18          bit DAC_Mode = 0;
  19          
  20          
  21          void DataRead();
  22          void DAC_Driver();
  23          
  24          void main()
  25          {
  26   1              LedBuzzInit();
  27   1              Timer0Init();
  28   1              PCA_Init();
  29   1              Ds18b20ReadConfig();
  30   1              FirstRead_EEPROM();     
  31   1              UartInit();
  32   1              
  33   1              while(1)
  34   1              {
  35   2                      if(flag10ms == 1)
  36   2                      {
  37   3                              flag10ms = 0;
  38   3                              SmgMenuMain();  
  39   3                              UartDriver();                   
  40   3                      }
  41   2      
  42   2                      DataRead();
  43   2              }
  44   1      
  45   1      }
  46          
  47          void Timer0Int() interrupt 1
  48          {
  49   1              static unsigned int cnt = 0;
  50   1      
  51   1              
  52   1              cnt++;
  53   1              if((cnt % 13) == 0)
  54   1              {
C51 COMPILER V9.60.0.0   MAIN                                                              06/07/2023 19:19:33 PAGE 2   

  55   2                      flag10ms = 1;
  56   2              }       
  57   1              if((cnt % 42) == 0)
  58   1              {
  59   2                      flag50ms = 1;
  60   2              }
  61   1              if((cnt % 101) == 1)
  62   1              {
  63   2                      flag100ms = 1;
  64   2              }
  65   1              if((cnt % 188) == 0)
  66   1              {
  67   2                      flag200ms = 1;
  68   2              }
  69   1              if(cnt >= 1000)
  70   1              {
  71   2                      cnt = 0;
  72   2              }
  73   1              
  74   1              if(flag_Key_Set == 1)
  75   1              {
  76   2                      if(Key_SetTime < 1000)
  77   2                      {
  78   3                              Key_SetTime++;
  79   3                      }
  80   2              }
  81   1              
  82   1              
  83   1              LedDisplay();
  84   1              SmgDisplay();
  85   1              KeyScan();
  86   1              UartReadTimerMonitor(1);
  87   1      }
  88          
  89          void DataRead()
  90          {
  91   1              if(flag50ms == 1)
  92   1              {
  93   2                      flag50ms = 0;
  94   2                      KeyDriver();            
  95   2              }
  96   1              if(flag100ms == 1)
  97   1              {
  98   2                      flag100ms = 0;
  99   2                      Sonic_DataRead();
 100   2                      DAC_Driver();
 101   2              }
 102   1              if(flag200ms == 1)
 103   1              {
 104   2                      flag200ms = 0;
 105   2                      Temp_Data = Ds18b20_ReadData();
 106   2                      Ds18b20ReadConfig();
 107   2              }
 108   1      }
 109          
 110          void DAC_Driver()
 111          {
 112   1              if(DAC_Mode == 0)
 113   1              {
 114   2                      if(Sonic_Distence <= ParmData_Distence)
 115   2                      {
 116   3                              DAC_Output(104);
C51 COMPILER V9.60.0.0   MAIN                                                              06/07/2023 19:19:33 PAGE 3   

 117   3                      }
 118   2                      else
 119   2                      {
 120   3                              DAC_Output(208);
 121   3                      }
 122   2              }
 123   1              else
 124   1              {
 125   2                      DAC_Output(22);
 126   2              }
 127   1      }
 128          
 129          
 130          
 131          
 132          


MODULE INFORMATION:   STATIC OVERLAYABLE
   CODE SIZE        =    283    ----
   CONSTANT SIZE    =   ----    ----
   XDATA SIZE       =   ----    ----
   PDATA SIZE       =   ----    ----
   DATA SIZE        =      6    ----
   IDATA SIZE       =   ----    ----
   BIT SIZE         =      5    ----
END OF MODULE INFORMATION.


C51 COMPILATION COMPLETE.  0 WARNING(S),  0 ERROR(S)
