C51 COMPILER V9.60.0.0   ONEWIRE                                                           06/03/2023 18:34:59 PAGE 1   


C51 COMPILER V9.60.0.0, COMPILATION OF MODULE ONEWIRE
OBJECT MODULE PLACED IN .\Objects\onewire.obj
COMPILER INVOKED BY: E:\keil5\keil5\C51\BIN\C51.EXE System\onewire.c OPTIMIZE(8,SPEED) BROWSE INCDIR(.\User;.\Driver;.\S
                    -ystem;.\Config) DEBUG OBJECTEXTEND PRINT(.\Listings\onewire.lst) OBJECT(.\Objects\onewire.obj)

line level    source

   1          /*      #       å•æ€»çº¿ä»£ç ç‰‡æ®µè¯´æ˜
   2                  1.      æœ¬æ–‡ä»¶å¤¹ä¸­æä¾›çš„é©±åŠ¨ä»£ç ä¾›å‚èµ›é€‰æ‰‹å®Œæˆç¨‹åºè®¾è®¡å‚è€ƒã€‚
   3                  2.      å‚èµ›é€‰æ‰‹å¯ä»¥è‡ªè¡Œç¼–å†™ç›¸å…³ä»£ç æˆ–ä»¥è¯¥ä»£ç ä¸ºåŸºç¡€ï¼Œæ ¹æ®æ‰€é€‰å•ç‰‡æœºç±»å‹ã€è¿
             -è¡Œé€Ÿåº¦å’Œè¯•é¢˜
   4                          ä¸­å¯¹å•ç‰‡æœºæ—¶é’Ÿé¢‘ç‡çš„è¦æ±‚ï¼Œè¿›è¡Œä»£ç è°ƒè¯•å’Œä¿®æ”¹ã€‚
   5          */
   6          
   7          //
   8          
   9          #include "onewire.h"
  10          
  11          sbit DQ = P1^4;
  12          
  13          bit flag_TempMinus = 0;
  14          
  15          
  16          void Ds18b20ReadConfig()
  17          {
  18   1              init_ds18b20();
  19   1              Write_DS18B20(0xCC);
  20   1              Write_DS18B20(0x44);
  21   1      }
  22          
  23          unsigned int Ds18b20_ReadData()
  24          {
  25   1              unsigned char LSB,MSB;
  26   1              unsigned int Data_Buf;
  27   1              
  28   1              init_ds18b20();
  29   1              Write_DS18B20(0xCC);
  30   1              Write_DS18B20(0xBE);
  31   1              
  32   1              LSB = Read_DS18B20();
  33   1              MSB = Read_DS18B20();
  34   1              
  35   1              Data_Buf = MSB;
  36   1              Data_Buf = (Data_Buf << 8) | LSB;
  37   1              
  38   1              if((Data_Buf & 0xF800) != 0x0000)
  39   1              {
  40   2                      Data_Buf = ~Data_Buf + 1;
  41   2                      flag_TempMinus = 1;
  42   2              }
  43   1              else
  44   1              {
  45   2                      flag_TempMinus = 0;
  46   2              }
  47   1              Data_Buf >>= 4;
  48   1              Data_Buf *= 100;
  49   1              Data_Buf = Data_Buf + (LSB & 0x0F)*6.25;
  50   1              
  51   1              return Data_Buf;
  52   1      }
  53          
C51 COMPILER V9.60.0.0   ONEWIRE                                                           06/03/2023 18:34:59 PAGE 2   

  54          
  55          
  56          void Delay_OneWire(unsigned int t)  
  57          {
  58   1              unsigned char i;
  59   1              while(t--){
  60   2                      for(i=0;i<12;i++);
  61   2              }
  62   1      }
  63          
  64          //
  65          void Write_DS18B20(unsigned char dat)
  66          {
  67   1              unsigned char i;
  68   1              for(i=0;i<8;i++)
  69   1              {
  70   2                      DQ = 0;
  71   2                      DQ = dat&0x01;
  72   2                      Delay_OneWire(5);
  73   2                      DQ = 1;
  74   2                      dat >>= 1;
  75   2              }
  76   1              Delay_OneWire(5);
  77   1      }
  78          
  79          //
  80          unsigned char Read_DS18B20(void)
  81          {
  82   1              unsigned char i;
  83   1              unsigned char dat;
  84   1        
  85   1              for(i=0;i<8;i++)
  86   1              {
  87   2                      DQ = 0;
  88   2                      dat >>= 1;
  89   2                      DQ = 1;
  90   2                      if(DQ)
  91   2                      {
  92   3                              dat |= 0x80;
  93   3                      }           
  94   2                      Delay_OneWire(5);
  95   2              }
  96   1              return dat;
  97   1      }
  98          
  99          //
 100          bit init_ds18b20(void)
 101          {
 102   1              bit initflag = 0;
 103   1              
 104   1              DQ = 1;
 105   1              Delay_OneWire(12);
 106   1              DQ = 0;
 107   1              Delay_OneWire(80);
 108   1              DQ = 1;
 109   1              Delay_OneWire(10); 
 110   1          initflag = DQ;     
 111   1              Delay_OneWire(5);
 112   1        
 113   1              return initflag;
 114   1      }

C51 COMPILER V9.60.0.0   ONEWIRE                                                           06/03/2023 18:34:59 PAGE 3   


MODULE INFORMATION:   STATIC OVERLAYABLE
   CODE SIZE        =    305    ----
   CONSTANT SIZE    =   ----    ----
   XDATA SIZE       =   ----    ----
   PDATA SIZE       =   ----    ----
   DATA SIZE        =   ----       3
   IDATA SIZE       =   ----    ----
   BIT SIZE         =      1       1
END OF MODULE INFORMATION.


C51 COMPILATION COMPLETE.  0 WARNING(S),  0 ERROR(S)
