C51 COMPILER V9.60.0.0   PCF8951                                                           06/01/2023 22:28:24 PAGE 1   


C51 COMPILER V9.60.0.0, COMPILATION OF MODULE PCF8951
OBJECT MODULE PLACED IN .\Objects\pcf8951.obj
COMPILER INVOKED BY: E:\keil5\keil5\C51\BIN\C51.EXE Driver\pcf8951.c OPTIMIZE(8,SPEED) BROWSE INCDIR(.\User;.\Driver;.\S
                    -ystem;.\Config) DEBUG OBJECTEXTEND PRINT(.\Listings\pcf8951.lst) OBJECT(.\Objects\pcf8951.obj)

line level    source

   1          #include "pcf8951.h"
   2          
   3          
   4          
   5          
   6          
   7          
   8          
   9          
  10          void DAC_Output(unsigned char dat)
  11          {
  12   1              I2CStart();
  13   1              I2CSendByte(0x90);
  14   1              I2CWaitAck();
  15   1              I2CSendByte(0x40);
  16   1              I2CWaitAck();   
  17   1              I2CSendByte(dat);
  18   1              I2CWaitAck();
  19   1              I2CStop();
  20   1      }
  21          
  22          
  23          
  24          
  25          
  26          
  27          
  28          
  29          
  30          
  31          
  32          
  33          
  34          
  35          


MODULE INFORMATION:   STATIC OVERLAYABLE
   CODE SIZE        =     32    ----
   CONSTANT SIZE    =   ----    ----
   XDATA SIZE       =   ----    ----
   PDATA SIZE       =   ----    ----
   DATA SIZE        =   ----       1
   IDATA SIZE       =   ----    ----
   BIT SIZE         =   ----    ----
END OF MODULE INFORMATION.


C51 COMPILATION COMPLETE.  0 WARNING(S),  0 ERROR(S)
