C51 COMPILER V9.60.0.0   IIC                                                               04/02/2023 19:05:05 PAGE 1   


C51 COMPILER V9.60.0.0, COMPILATION OF MODULE IIC
OBJECT MODULE PLACED IN .\Objects\iic.obj
COMPILER INVOKED BY: E:\keil5\keil5\C51\BIN\C51.EXE ..\System\iic.c OPTIMIZE(8,SPEED) BROWSE INCDIR(..\User;..\System;..
                    -\Driver;..\Config) DEBUG OBJECTEXTEND PRINT(.\Listings\iic.lst) OBJECT(.\Objects\iic.obj)

line level    source

   1          /*      #   I2Cä»£ç ç‰‡æ®µè¯´æ˜
   2                  1.      æœ¬æ–‡ä»¶å¤¹ä¸­æä¾›çš„é©±åŠ¨ä»£ç ä¾›å‚èµ›é€‰æ‰‹å®Œæˆç¨‹åºè®¾è®¡å‚è€ƒã€‚
   3                  2.      å‚èµ›é€‰æ‰‹å¯ä»¥è‡ªè¡Œç¼–å†™ç›¸å…³ä»£ç æˆ–ä»¥è¯¥ä»£ç ä¸ºåŸºç¡€ï¼Œæ ¹æ®æ‰€é€‰å•ç‰‡æœºç±»å‹ã€è¿
             -è¡Œé€Ÿåº¦å’Œè¯•é¢˜
   4                          ä¸­å¯¹å•ç‰‡æœºæ—¶é’Ÿé¢‘ç‡çš„è¦æ±‚ï¼Œè¿›è¡Œä»£ç è°ƒè¯•å’Œä¿®æ”¹ã€‚
   5          */
   6          
   7          
   8          #include "iic.h"
   9          
  10          #define DELAY_TIME      5
  11          
  12          sbit scl = P2^0;
  13          sbit sda = P2^1;
  14          
  15          
  16          
  17          unsigned char ADC_ReadAIN3()
  18          {
  19   1          unsigned char Data_Buf = 0;
  20   1      
  21   1          I2CStart();
  22   1          I2CSendByte(0x90);
  23   1          I2CWaitAck();
  24   1          I2CSendByte(0x03);
  25   1          I2CWaitAck();   
  26   1      
  27   1          I2CStart();  
  28   1          I2CSendByte(0x91);
  29   1          I2CWaitAck();   
  30   1          Data_Buf = I2CReceiveByte();
  31   1          I2CStop();    
  32   1      
  33   1          return Data_Buf;
  34   1      }
  35          
  36          
  37          void OutputDAC(unsigned char dat)
  38          {
  39   1          I2CStart();
  40   1          I2CSendByte(0x90);
  41   1          I2CWaitAck();
  42   1          I2CSendByte(0x40);
  43   1          I2CWaitAck();
  44   1          I2CSendByte(dat);
  45   1          I2CWaitAck();
  46   1          I2CStop();
  47   1      }
  48          
  49          
  50          
  51          //
  52          static void I2C_Delay(unsigned char n)
  53          {
C51 COMPILER V9.60.0.0   IIC                                                               04/02/2023 19:05:05 PAGE 2   

  54   1          do
  55   1          {
  56   2              _nop_();_nop_();_nop_();_nop_();_nop_();
  57   2              _nop_();_nop_();_nop_();_nop_();_nop_();
  58   2              _nop_();_nop_();                
  59   2          }
  60   1          while(n--);         
  61   1      }
  62          
  63          //
  64          void I2CStart(void)
  65          {
  66   1          sda = 1;
  67   1          scl = 1;
  68   1              I2C_Delay(DELAY_TIME);
  69   1          sda = 0;
  70   1              I2C_Delay(DELAY_TIME);
  71   1          scl = 0;    
  72   1      }
  73          
  74          //
  75          void I2CStop(void)
  76          {
  77   1          sda = 0;
  78   1          scl = 1;
  79   1              I2C_Delay(DELAY_TIME);
  80   1          sda = 1;
  81   1              I2C_Delay(DELAY_TIME);
  82   1      }
  83          
  84          //
  85          void I2CSendByte(unsigned char byt)
  86          {
  87   1          unsigned char i;
  88   1              
  89   1          for(i=0; i<8; i++){
  90   2              scl = 0;
  91   2                      I2C_Delay(DELAY_TIME);
  92   2              if(byt & 0x80){
  93   3                  sda = 1;
  94   3              }
  95   2              else{
  96   3                  sda = 0;
  97   3              }
  98   2                      I2C_Delay(DELAY_TIME);
  99   2              scl = 1;
 100   2              byt <<= 1;
 101   2                      I2C_Delay(DELAY_TIME);
 102   2          }
 103   1              
 104   1          scl = 0;  
 105   1      }
 106          
 107          //
 108          unsigned char I2CReceiveByte(void)
 109          {
 110   1              unsigned char da;
 111   1              unsigned char i;
 112   1              for(i=0;i<8;i++){   
 113   2                      scl = 1;
 114   2                      I2C_Delay(DELAY_TIME);
 115   2                      da <<= 1;
C51 COMPILER V9.60.0.0   IIC                                                               04/02/2023 19:05:05 PAGE 3   

 116   2                      if(sda) 
 117   2                              da |= 0x01;
 118   2                      scl = 0;
 119   2                      I2C_Delay(DELAY_TIME);
 120   2              }
 121   1              return da;    
 122   1      }
 123          
 124          //
 125          unsigned char I2CWaitAck(void)
 126          {
 127   1              unsigned char ackbit;
 128   1              
 129   1          scl = 1;
 130   1              I2C_Delay(DELAY_TIME);
 131   1          ackbit = sda; 
 132   1          scl = 0;
 133   1              I2C_Delay(DELAY_TIME);
 134   1              
 135   1              return ackbit;
 136   1      }
 137          
 138          //
 139          // void I2CSendAck(unsigned char ackbit)
 140          // {
 141          //     scl = 0;
 142          //     sda = ackbit; 
 143          //      I2C_Delay(DELAY_TIME);
 144          //     scl = 1;
 145          //      I2C_Delay(DELAY_TIME);
 146          //     scl = 0; 
 147          //      sda = 1;
 148          //      I2C_Delay(DELAY_TIME);
 149          // }
 150          


MODULE INFORMATION:   STATIC OVERLAYABLE
   CODE SIZE        =    235    ----
   CONSTANT SIZE    =   ----    ----
   XDATA SIZE       =   ----    ----
   PDATA SIZE       =   ----    ----
   DATA SIZE        =   ----       2
   IDATA SIZE       =   ----    ----
   BIT SIZE         =   ----    ----
END OF MODULE INFORMATION.


C51 COMPILATION COMPLETE.  0 WARNING(S),  0 ERROR(S)
