C51 COMPILER V9.60.0.0   INIT                                                              04/02/2023 19:05:05 PAGE 1   


C51 COMPILER V9.60.0.0, COMPILATION OF MODULE INIT
OBJECT MODULE PLACED IN .\Objects\init.obj
COMPILER INVOKED BY: E:\keil5\keil5\C51\BIN\C51.EXE ..\Config\init.c OPTIMIZE(8,SPEED) BROWSE INCDIR(..\User;..\System;.
                    -.\Driver;..\Config) DEBUG OBJECTEXTEND PRINT(.\Listings\init.lst) OBJECT(.\Objects\init.obj)

line level    source

   1          #include "init.h"
   2          
   3          
   4          
   5          
   6          
   7          
   8          
   9          
  10          
  11          
  12          void Timer0Init()               //1毫秒@12.000MHz
  13          {
  14   1              AUXR |= 0x80;           //定时器时钟1T模式
  15   1              TMOD &= 0xF0;           //设置定时器模式
  16   1              TL0 = 0x20;             //设置定时初始值
  17   1              TH0 = 0xD1;             //设置定时初始值
  18   1              TF0 = 0;                //清除TF0标志
  19   1              TR0 = 1;                //定时器0开始计时
  20   1      
  21   1          ET0 = 1;
  22   1          EA = 1;
  23   1      }
  24          
  25          
  26          void HC138Set(unsigned char Y)
  27          {
  28   1          P2 &= 0x1F;
  29   1          P2 |= (Y & 0x07) << 5;
  30   1      }
  31          
  32          void LedBuzzInit()
  33          {
  34   1          P0 = 0xFF;
  35   1          HC138Set(4);
  36   1          HC138Set(0);
  37   1      
  38   1          P0 = 0x00;
  39   1          HC138Set(5);
  40   1          HC138Set(0);
  41   1      }
  42          
  43          
  44          
  45          
  46          
  47          
  48          
  49          
  50          
  51          
  52          
  53          
  54          
C51 COMPILER V9.60.0.0   INIT                                                              04/02/2023 19:05:05 PAGE 2   

  55          
  56          
  57          


MODULE INFORMATION:   STATIC OVERLAYABLE
   CODE SIZE        =     60    ----
   CONSTANT SIZE    =   ----    ----
   XDATA SIZE       =   ----    ----
   PDATA SIZE       =   ----    ----
   DATA SIZE        =   ----    ----
   IDATA SIZE       =   ----    ----
   BIT SIZE         =   ----    ----
END OF MODULE INFORMATION.


C51 COMPILATION COMPLETE.  0 WARNING(S),  0 ERROR(S)
