C51 COMPILER V9.60.0.0   MAIN                                                              04/02/2023 19:05:05 PAGE 1   


C51 COMPILER V9.60.0.0, COMPILATION OF MODULE MAIN
OBJECT MODULE PLACED IN .\Objects\main.obj
COMPILER INVOKED BY: E:\keil5\keil5\C51\BIN\C51.EXE main.c OPTIMIZE(8,SPEED) BROWSE INCDIR(..\User;..\System;..\Driver;.
                    -.\Config) DEBUG OBJECTEXTEND PRINT(.\Listings\main.lst) OBJECT(.\Objects\main.obj)

line level    source

   1          #include <config.h>
   2          
   3          
   4          
   5          unsigned int ADC_Data = 0;
   6          
   7          
   8          bit flag_100ms = 0;
   9          bit flag_300ms = 0;
  10          bit flag_01s = 0;
  11          
  12          
  13          bit flag_Sonic_Reda_Start = 0;
  14          
  15          
  16          
  17          void OutputSonicDAC();
  18          void ReadData();
  19          
  20          void main()
  21          {
  22   1      
  23   1          LedBuzzInit();
  24   1          Timer0Init();
  25   1          
  26   1      
  27   1          
  28   1          while(1)
  29   1          {
  30   2              SmgShowMode();
  31   2              KeyDriver();
  32   2              ReadData();
  33   2          }
  34   1      
  35   1      }
  36          
  37          
  38          void Timer0Int() interrupt 1
  39          {
  40   1          static unsigned int cnt = 0;
  41   1      
  42   1          cnt++;
  43   1          if((cnt % 100) == 0)
  44   1          {
  45   2              flag_100ms = 1;
  46   2              flag_01s = ~flag_01s;
  47   2          }
  48   1          if(cnt >= 300)
  49   1          {
  50   2              cnt = 0;
  51   2              flag_300ms = 1;
  52   2          }
  53   1      
  54   1      
C51 COMPILER V9.60.0.0   MAIN                                                              04/02/2023 19:05:05 PAGE 2   

  55   1      
  56   1      
  57   1          LedDisplay();
  58   1          SmgDisplay();
  59   1          KeyScan();
  60   1      
  61   1      }
  62          
  63          
  64          void ReadData()
  65          {
  66   1          float ADC_Buf = 0;
  67   1      
  68   1          if(flag_100ms == 1)
  69   1          {
  70   2              flag_100ms = 0;
  71   2              ADC_Buf = ADC_ReadAIN3();
  72   2              ADC_Buf = ADC_Buf/51;
  73   2              ADC_Buf = ADC_Buf*100;
  74   2              ADC_Data = ADC_Buf;
  75   2          }
  76   1          if(flag_300ms == 1)
  77   1          {
  78   2              flag_300ms = 0;
  79   2              if((ADC_Data < Parm_ADC_MAX) && (ADC_Data > Parm_ADC_MIN_Buf))
  80   2              {
  81   3                  flag_Sonic_Reda_Start = 1;
  82   3              }
  83   2              else
  84   2              {
  85   3                  flag_Sonic_Reda_Start = 0;
  86   3              }
  87   2              if(flag_Sonic_Reda_Start == 1)
  88   2              {
  89   3                  SonicReadDistence();
  90   3              }
  91   2              OutputSonicDAC();
  92   2          }
  93   1          
  94   1      }
  95          
  96          void OutputSonicDAC()
  97          {
  98   1          float DAC_Dist_Buf = 0;
  99   1      
 100   1          if(flag_Sonic_Reda_Start == 1)
 101   1          {
 102   2              if(Sonic_Dist < 20)
 103   2              {
 104   3                  OutputDAC(53);
 105   3              }
 106   2              else if(Sonic_Dist > 80)
 107   2              {
 108   3                  OutputDAC(255);
 109   3              }
 110   2              else
 111   2              {
 112   3                  DAC_Dist_Buf = Sonic_Dist;
 113   3                  DAC_Dist_Buf = ((DAC_Dist_Buf/15)-0.333333);
 114   3                  DAC_Dist_Buf = DAC_Dist_Buf*53.125;
 115   3                  OutputDAC(DAC_Dist_Buf);
 116   3              }
C51 COMPILER V9.60.0.0   MAIN                                                              04/02/2023 19:05:05 PAGE 3   

 117   2          }
 118   1          else
 119   1          {
 120   2              OutputDAC(0);
 121   2          }
 122   1      }
 123          
 124          


MODULE INFORMATION:   STATIC OVERLAYABLE
   CODE SIZE        =    360    ----
   CONSTANT SIZE    =   ----    ----
   XDATA SIZE       =   ----    ----
   PDATA SIZE       =   ----    ----
   DATA SIZE        =      4       8
   IDATA SIZE       =   ----    ----
   BIT SIZE         =      4    ----
END OF MODULE INFORMATION.


C51 COMPILATION COMPLETE.  0 WARNING(S),  0 ERROR(S)
