C51 COMPILER V9.60.0.0   SONIC                                                             04/02/2023 19:05:05 PAGE 1   


C51 COMPILER V9.60.0.0, COMPILATION OF MODULE SONIC
OBJECT MODULE PLACED IN .\Objects\Sonic.obj
COMPILER INVOKED BY: E:\keil5\keil5\C51\BIN\C51.EXE ..\Driver\Sonic.c OPTIMIZE(8,SPEED) BROWSE INCDIR(..\User;..\System;
                    -..\Driver;..\Config) DEBUG OBJECTEXTEND PRINT(.\Listings\Sonic.lst) OBJECT(.\Objects\Sonic.obj)

line level    source

   1          #include "Sonic.h"
   2          
   3          
   4          sbit TX = P1^0;
   5          sbit RX = P1^1;
   6          
   7          unsigned int Sonic_Dist = 0;
   8          
   9          bit Sonic_Dist_Far = 0;
  10          
  11          void Delay13us()                //@12.000MHz
  12          {
  13   1              unsigned char i;
  14   1      
  15   1              _nop_();
  16   1              _nop_();
  17   1              i = 36;
  18   1              while (--i);
  19   1      }
  20          
  21          
  22          
  23          
  24          
  25          void SendWave()
  26          {
  27   1          unsigned char i = 0;
  28   1          for(i=0;i<8;i++)
  29   1          {
  30   2              TX = 1;
  31   2              Delay13us();
  32   2              TX = 0;
  33   2              Delay13us();
  34   2          }
  35   1      }
  36          
  37          
  38          void SonicReadDistence()
  39          {
  40   1          unsigned int Sonic_Time = 0;
  41   1          float Sonic_Dist_Buf = 0;
  42   1      
  43   1          TH1 = 0x00;
  44   1          TL1 = 0x00;
  45   1      
  46   1          SendWave();
  47   1      
  48   1          TR1 = 1;
  49   1          while((TF1 == 0) && (RX == 1));
  50   1          TR1 = 0;
  51   1      
  52   1          if(TF1 == 1)
  53   1          {
  54   2              TF1 = 0;
C51 COMPILER V9.60.0.0   SONIC                                                             04/02/2023 19:05:05 PAGE 2   

  55   2              Sonic_Dist_Far = 1;
  56   2          }
  57   1          else
  58   1          {
  59   2              Sonic_Dist_Far = 0;
  60   2              Sonic_Time = TH1;
  61   2              Sonic_Time = Sonic_Time << 8;
  62   2              Sonic_Time = Sonic_Time | TL1;
  63   2              Sonic_Dist_Buf = Sonic_Time;
  64   2              Sonic_Dist_Buf = Sonic_Dist_Buf * 0.017;
  65   2              Sonic_Dist = Sonic_Dist_Buf;
  66   2          }
  67   1      
  68   1      
  69   1      }
  70          
  71          
  72          
  73          
  74          
  75          
  76          
  77          
  78          
  79          
  80          
  81          
  82          
  83          
  84          
  85          
  86          
  87          


MODULE INFORMATION:   STATIC OVERLAYABLE
   CODE SIZE        =    125    ----
   CONSTANT SIZE    =   ----    ----
   XDATA SIZE       =   ----    ----
   PDATA SIZE       =   ----    ----
   DATA SIZE        =      2       4
   IDATA SIZE       =   ----    ----
   BIT SIZE         =      1    ----
END OF MODULE INFORMATION.


C51 COMPILATION COMPLETE.  0 WARNING(S),  0 ERROR(S)
