C51 COMPILER V9.60.0.0   DS1302                                                            03/22/2023 21:14:48 PAGE 1   


C51 COMPILER V9.60.0.0, COMPILATION OF MODULE DS1302
OBJECT MODULE PLACED IN .\Objects\ds1302.obj
COMPILER INVOKED BY: E:\keil5\keil5\C51\BIN\C51.EXE ..\System\ds1302.c OPTIMIZE(8,SPEED) BROWSE INCDIR(..\User;..\System
                    -;..\Driver;..\Config) DEBUG OBJECTEXTEND PRINT(.\Listings\ds1302.lst) OBJECT(.\Objects\ds1302.obj)

line level    source

   1          /*      #       DS1302ä»£ç ç‰‡æ®µè¯´æ˜
   2                  1.      æœ¬æ–‡ä»¶å¤¹ä¸­æä¾›çš„é©±åŠ¨ä»£ç ä¾›å‚èµ›é€‰æ‰‹å®Œæˆç¨‹åºè®¾è®¡å‚è€ƒã€‚
   3                  2.      å‚èµ›é€‰æ‰‹å¯ä»¥è‡ªè¡Œç¼–å†™ç›¸å…³ä»£ç æˆ–ä»¥è¯¥ä»£ç ä¸ºåŸºç¡€ï¼Œæ ¹æ®æ‰€é€‰å•ç‰‡æœºç±»å‹ã€è¿
             -è¡Œé€Ÿåº¦å’Œè¯•é¢˜
   4                          ä¸­å¯¹å•ç‰‡æœºæ—¶é’Ÿé¢‘ç‡çš„è¦æ±‚ï¼Œè¿›è¡Œä»£ç è°ƒè¯•å’Œä¿®æ”¹ã€‚
   5          */                                                              
   6          
   7          //
   8          
   9          #include "ds1302.h"
  10          
  11          unsigned char code Ds1302_Write_ADDR[7] = {0x80,0x82,0x84,0x86,0x88,0x8A,0x8C};         //å†™å…¥æ•°æ®å¯„å
             -­˜å™¨åœ°å€
  12          unsigned char code Ds1302_Read_ADDR[7] = {0x81,0x83,0x85,0x87,0x89,0x8B,0x8D};           //è¯»å–æ•°æ®å¯„
             -å­˜å™¨åœ°å€
  13          unsigned char Ds1302_Time[] = {0x50,0x59,0x23,0x01,0x02,0x05,0x23};                     //å½“å‰æ—¶é—´å­˜æ
             -”¾æ•°ç»„
  14          
  15          void Ds1302_Config()              //åˆå§‹åŒ–ï¼Œå°†Ds1302_Timeä¸­çš„æ•°æ®å†™å…¥åˆ°DS1302ä¸­ï¼Œå¹¶å¼€å§‹è‡
             -ªåŠ¨è®¡æ•°
  16          {
  17   1              char i = 0;
  18   1              Write_Ds1302_Byte(0x8E,0x00);
  19   1              for(i=0;i<7;i++)
  20   1              {
  21   2                      Write_Ds1302_Byte(Ds1302_Write_ADDR[i],Ds1302_Time[i]);
  22   2              }
  23   1              Write_Ds1302_Byte(0x8E,0x80);
  24   1      }
  25          
  26          void Ds1302_Read()           //è¯»å–å‡½æ•°ï¼Œè°ƒç”¨æ—¶å°†DS1302ä¸­çš„æ•°æ®å­˜æ”¾åˆ°Ds1302_Time[]ä¸­ï¼›
  27          {
  28   1              char i=0;
  29   1              for(i=0;i<7;i++)
  30   1              {
  31   2                      Ds1302_Time[i] = Read_Ds1302_Byte(Ds1302_Read_ADDR[i]);
  32   2              }
  33   1      
  34   1      }
  35          
  36          
  37          
  38          void Write_Ds1302(unsigned  char temp) 
  39          {
  40   1              unsigned char i;
  41   1              for (i=0;i<8;i++)       
  42   1              { 
  43   2                      SCK = 0;
  44   2                      SDA = temp&0x01;
  45   2                      temp>>=1; 
  46   2                      SCK=1;
  47   2              }
  48   1      }   
  49          
C51 COMPILER V9.60.0.0   DS1302                                                            03/22/2023 21:14:48 PAGE 2   

  50          //
  51          void Write_Ds1302_Byte( unsigned char address,unsigned char dat )     
  52          {
  53   1              RST=0;  _nop_();
  54   1              SCK=0;  _nop_();
  55   1              RST=1;  _nop_();  
  56   1              Write_Ds1302(address);  
  57   1              Write_Ds1302(dat);              
  58   1              RST=0; 
  59   1      }
  60          
  61          //
  62          unsigned char Read_Ds1302_Byte ( unsigned char address )
  63          {
  64   1              unsigned char i,temp=0x00;
  65   1              RST=0;  _nop_();
  66   1              SCK=0;  _nop_();
  67   1              RST=1;  _nop_();
  68   1              Write_Ds1302(address);
  69   1              for (i=0;i<8;i++)       
  70   1              {               
  71   2                      SCK=0;
  72   2                      temp>>=1;       
  73   2                      if(SDA)
  74   2                      temp|=0x80;     
  75   2                      SCK=1;
  76   2              } 
  77   1              RST=0;  _nop_();
  78   1              SCK=0;  _nop_();
  79   1              SCK=1;  _nop_();
  80   1              SDA=0;  _nop_();
  81   1              SDA=1;  _nop_();
  82   1              return (temp);                  
  83   1      }


MODULE INFORMATION:   STATIC OVERLAYABLE
   CODE SIZE        =    234    ----
   CONSTANT SIZE    =     14    ----
   XDATA SIZE       =   ----    ----
   PDATA SIZE       =   ----    ----
   DATA SIZE        =      7       2
   IDATA SIZE       =   ----    ----
   BIT SIZE         =   ----    ----
END OF MODULE INFORMATION.


C51 COMPILATION COMPLETE.  0 WARNING(S),  0 ERROR(S)
