C51 COMPILER V9.60.0.0   INIT                                                              03/22/2023 21:14:48 PAGE 1   


C51 COMPILER V9.60.0.0, COMPILATION OF MODULE INIT
OBJECT MODULE PLACED IN .\Objects\init.obj
COMPILER INVOKED BY: E:\keil5\keil5\C51\BIN\C51.EXE ..\Config\init.c OPTIMIZE(8,SPEED) BROWSE INCDIR(..\User;..\System;.
                    -.\Driver;..\Config) DEBUG OBJECTEXTEND PRINT(.\Listings\init.lst) OBJECT(.\Objects\init.obj)

line level    source

   1          #include "init.h"
   2          
   3          
   4          
   5          
   6          
   7          
   8          // 定时器初始化函数
   9          void timer0_init()
  10          {
  11   1              AUXR |= 0x80;   
  12   1              TMOD &= 0xF0;           
  13   1              TL0 = 0x20;             
  14   1              TH0 = 0xD1;
  15   1              EA = 1;
  16   1              ET0 = 1;
  17   1              TR0 = 1;
  18   1      }
  19          
  20          
  21          void selectOutput(int outputNumber)     //138译码器控制函数
  22          {
  23   1        P2 &= 0x1f;  // 清空 P2.5、P2.6 和 P2.7
  24   1        P2 |= ((outputNumber & 0x7) << 5);  // 设置 P2.5、P2.6 和 P2.7
  25   1      }
  26          
  27          void LedBuzzInit()       //关LED灯和蜂鸣器
  28          {
  29   1              selectOutput(4);
  30   1              P0 = ~0x00;     
  31   1              selectOutput(5);
  32   1              P0 = 0x00;
  33   1              selectOutput(0);
  34   1      }
  35          
  36          void delay_us(unsigned int us)
  37          {
  38   1          while(us--);
  39   1      }
  40          
  41          
  42          
  43          
  44          
  45          
  46          
  47          
  48          
  49          
  50          
  51          
  52          
  53          
  54          
C51 COMPILER V9.60.0.0   INIT                                                              03/22/2023 21:14:48 PAGE 2   



MODULE INFORMATION:   STATIC OVERLAYABLE
   CODE SIZE        =     74    ----
   CONSTANT SIZE    =   ----    ----
   XDATA SIZE       =   ----    ----
   PDATA SIZE       =   ----    ----
   DATA SIZE        =   ----    ----
   IDATA SIZE       =   ----    ----
   BIT SIZE         =   ----    ----
END OF MODULE INFORMATION.


C51 COMPILATION COMPLETE.  0 WARNING(S),  0 ERROR(S)
