C51 COMPILER V9.60.0.0   LED                                                               03/22/2023 21:14:48 PAGE 1   


C51 COMPILER V9.60.0.0, COMPILATION OF MODULE LED
OBJECT MODULE PLACED IN .\Objects\led.obj
COMPILER INVOKED BY: E:\keil5\keil5\C51\BIN\C51.EXE ..\Driver\led.c OPTIMIZE(8,SPEED) BROWSE INCDIR(..\User;..\System;..
                    -\Driver;..\Config) DEBUG OBJECTEXTEND PRINT(.\Listings\led.lst) OBJECT(.\Objects\led.obj)

line level    source

   1          #include "led.h"
   2          
   3          
   4          unsigned char code LedNumber[] = {                          //真值表
   5                  0xC0,0xF9,0xA4,0xB0,0x99,0x92,0x82,0xF8,0x80,0x90
   6          };
   7          
   8          unsigned char LedBuff[] = {                   //数码管缓存区
   9                  0xFF,0xFF,0xFF,0xFF,0xFF,0xFF,0xFF,0xFF
  10          };
  11          
  12          unsigned char Tparm = 23;     //温度参数
  13          bit TimeMod = 0;              //时间控制模式，为0时显示小时与分钟，为1时显示分和秒
  14          
  15          
  16          void Led_Ind()                //led指示灯操作函数
  17          {
  18   1              static unsigned char Timeflag = 0;
  19   1              
  20   1              P0 = 0xFF;
  21   1              selectOutput(4);
  22   1              if((Ds1302_Time[1] == 0) && (Ds1302_Time[0] == 0))
  23   1              {
  24   2                      LED1 = 0;
  25   2                      if(Timeflag == 0)
  26   2                      {
  27   3                              Timeflag = 1;
  28   3                      }
  29   2              }
  30   1              if(Timeflag == 1)
  31   1              {
  32   2                      if(Ds1302_Time[0] == 0x05)
  33   2                      {
  34   3                              LED1 = 1;
  35   3                              Timeflag = 0;
  36   3                      }
  37   2                      else
  38   2                      {
  39   3                              LED1 = 0;
  40   3                      }
  41   2              }
  42   1              
  43   1              if(workmode == 0)
  44   1              {
  45   2                      LED2 = 0;
  46   2              }
  47   1              else
  48   1              {
  49   2                      LED2 = 1;
  50   2              }
  51   1              
  52   1              if(Relayflag == 1)
  53   1              {
  54   2                      LED3 = ~LED3flag;
C51 COMPILER V9.60.0.0   LED                                                               03/22/2023 21:14:48 PAGE 2   

  55   2                      LED3flag = LED3;
  56   2              }
  57   1              else
  58   1              {
  59   2                      LED3 = 1;
  60   2                      LED3flag = LED3;
  61   2              }
  62   1              
  63   1              selectOutput(0);
  64   1      }
  65          
  66          
  67          // 显示指定编号的数码管
  68          void displayDigit()
  69          {
  70   1              static unsigned char i=0;
  71   1                      
  72   1              selectOutput(6);
  73   1              P0 = 0X00;      
  74   1              selectOutput(0);        
  75   1              
  76   1          // 显示该数码管
  77   1              P0 = 0xFF;
  78   1          selectOutput(7);
  79   1          P0 = LedBuff[i];
  80   1              selectOutput(0);
  81   1              
  82   1              selectOutput(6);
  83   1              P0 = 0X01 << i; 
  84   1              selectOutput(0);
  85   1      
  86   1              i++;
  87   1              if(i > 7)
  88   1              {
  89   2                      i=0;
  90   2              }
  91   1              
  92   1      }
  93          
  94          
  95          void Led_Temp()         //温度界面，U1
  96          {
  97   1              LedBuff[0] = 0xC1;
  98   1              LedBuff[1] = LedNumber[1];
  99   1              
 100   1              LedBuff[2] = 0xFF;
 101   1              LedBuff[3] = 0xFF;
 102   1              LedBuff[4] = 0xFF;
 103   1              
 104   1              LedBuff[5] = LedNumber[(temp/100)%10];
 105   1              LedBuff[6] = LedNumber[(temp/10)%10]&0x7F;
 106   1              LedBuff[7] = LedNumber[temp%10];        
 107   1      }
 108          
 109          void Led_Time()                    //时间界面，U2
 110          {
 111   1              LedBuff[0] = 0xC1;
 112   1              LedBuff[1] = LedNumber[2];
 113   1              
 114   1              LedBuff[2] = 0xFF;
 115   1              if(TimeMod == 0)
 116   1              {
C51 COMPILER V9.60.0.0   LED                                                               03/22/2023 21:14:48 PAGE 3   

 117   2                      LedBuff[3] = LedNumber[Ds1302_Time[2]>>4];
 118   2                      LedBuff[4] = LedNumber[Ds1302_Time[2]&0x0F];
 119   2                      
 120   2                      LedBuff[5] = 0xBF;
 121   2                      LedBuff[6] = LedNumber[Ds1302_Time[1]>>4];
 122   2                      LedBuff[7] = LedNumber[Ds1302_Time[1]&0x0F];
 123   2              }
 124   1              else
 125   1              {
 126   2                      LedBuff[3] = LedNumber[Ds1302_Time[1]>>4];
 127   2                      LedBuff[4] = LedNumber[Ds1302_Time[1]&0x0F];
 128   2                      
 129   2                      LedBuff[5] = 0xBF;
 130   2                      LedBuff[6] = LedNumber[Ds1302_Time[0]>>4];
 131   2                      LedBuff[7] = LedNumber[Ds1302_Time[0]&0x0F];            
 132   2              }
 133   1      }
 134          
 135          void Led_Parm()                    //参数设置界面，U3
 136          {
 137   1              LedBuff[0] = 0xC1;
 138   1              LedBuff[1] = LedNumber[3];
 139   1              
 140   1              LedBuff[2] = 0xFF;
 141   1              LedBuff[3] = 0xFF;
 142   1              LedBuff[4] = 0xFF;
 143   1              LedBuff[5] = 0xFF;
 144   1              
 145   1              LedBuff[6] = LedNumber[(Tparm/10)%10];
 146   1              LedBuff[7] = LedNumber[Tparm%10];
 147   1      }
 148          
 149          
 150          
 151          
 152          
 153          


MODULE INFORMATION:   STATIC OVERLAYABLE
   CODE SIZE        =    411    ----
   CONSTANT SIZE    =     10    ----
   XDATA SIZE       =   ----    ----
   PDATA SIZE       =   ----    ----
   DATA SIZE        =     11    ----
   IDATA SIZE       =   ----    ----
   BIT SIZE         =      1    ----
END OF MODULE INFORMATION.


C51 COMPILATION COMPLETE.  0 WARNING(S),  0 ERROR(S)
