C51 COMPILER V9.60.0.0   ONEWIRE                                                           03/22/2023 21:14:48 PAGE 1   


C51 COMPILER V9.60.0.0, COMPILATION OF MODULE ONEWIRE
OBJECT MODULE PLACED IN .\Objects\onewire.obj
COMPILER INVOKED BY: E:\keil5\keil5\C51\BIN\C51.EXE ..\System\onewire.c OPTIMIZE(8,SPEED) BROWSE INCDIR(..\User;..\Syste
                    -m;..\Driver;..\Config) DEBUG OBJECTEXTEND PRINT(.\Listings\onewire.lst) OBJECT(.\Objects\onewire.obj)

line level    source

   1          /*      #       å•æ€»çº¿ä»£ç ç‰‡æ®µè¯´æ˜
   2                  1.      æœ¬æ–‡ä»¶å¤¹ä¸­æä¾›çš„é©±åŠ¨ä»£ç ä¾›å‚èµ›é€‰æ‰‹å®Œæˆç¨‹åºè®¾è®¡å‚è€ƒã€‚
   3                  2.      å‚èµ›é€‰æ‰‹å¯ä»¥è‡ªè¡Œç¼–å†™ç›¸å…³ä»£ç æˆ–ä»¥è¯¥ä»£ç ä¸ºåŸºç¡€ï¼Œæ ¹æ®æ‰€é€‰å•ç‰‡æœºç±»å‹ã€è¿
             -è¡Œé€Ÿåº¦å’Œè¯•é¢˜
   4                          ä¸­å¯¹å•ç‰‡æœºæ—¶é’Ÿé¢‘ç‡çš„è¦æ±‚ï¼Œè¿›è¡Œä»£ç è°ƒè¯•å’Œä¿®æ”¹ã€‚
   5          */
   6          
   7          //
   8          
   9          
  10          #include "onewire.h"
  11          
  12          
  13          
  14          
  15          unsigned int DS18B20_Read()       //DS18B20è¯»å–å‡½æ•°
  16          {
  17   1              unsigned char LSB,MSB;
  18   1              unsigned int temp;
  19   1              
  20   1              init_ds18b20();
  21   1              Write_DS18B20(0xCC);
  22   1              Write_DS18B20(0x44);
  23   1              
  24   1              delay_us(1000);
  25   1              
  26   1              init_ds18b20();
  27   1              Write_DS18B20(0xCC);
  28   1              Write_DS18B20(0xBE);
  29   1              
  30   1              LSB = Read_DS18B20();
  31   1              MSB = Read_DS18B20();
  32   1              
  33   1              temp = MSB;
  34   1              temp = (temp << 8) | LSB;
  35   1              
  36   1              if((temp & 0xf800) == 0x000)
  37   1              {
  38   2                      temp >>= 4;
  39   2                      temp = temp * 10;
  40   2                      temp = temp + (LSB & 0x0F)*0.625;
  41   2              }
  42   1              return temp;
  43   1      }
  44          
  45          
  46          
  47          void Delay_OneWire(unsigned int t)  
  48          {
  49   1              unsigned char i;
  50   1              while(t--){
  51   2                      for(i=0;i<12;i++);
  52   2              }
  53   1      }
C51 COMPILER V9.60.0.0   ONEWIRE                                                           03/22/2023 21:14:48 PAGE 2   

  54          
  55          //
  56          void Write_DS18B20(unsigned char dat)
  57          {
  58   1              unsigned char i;
  59   1              for(i=0;i<8;i++)
  60   1              {
  61   2                      DQ = 0;
  62   2                      DQ = dat&0x01;
  63   2                      Delay_OneWire(5);
  64   2                      DQ = 1;
  65   2                      dat >>= 1;
  66   2              }
  67   1              Delay_OneWire(5);
  68   1      }
  69          
  70          //
  71          unsigned char Read_DS18B20(void)
  72          {
  73   1              unsigned char i;
  74   1              unsigned char dat;
  75   1        
  76   1              for(i=0;i<8;i++)
  77   1              {
  78   2                      DQ = 0;
  79   2                      dat >>= 1;
  80   2                      DQ = 1;
  81   2                      if(DQ)
  82   2                      {
  83   3                              dat |= 0x80;
  84   3                      }           
  85   2                      Delay_OneWire(5);
  86   2              }
  87   1              return dat;
  88   1      }
  89          
  90          //
  91          bit init_ds18b20(void)
  92          {
  93   1              bit initflag = 0;
  94   1              
  95   1              DQ = 1;
  96   1              Delay_OneWire(12);
  97   1              DQ = 0;
  98   1              Delay_OneWire(80);
  99   1              DQ = 1;
 100   1              Delay_OneWire(10); 
 101   1          initflag = DQ;     
 102   1              Delay_OneWire(5);
 103   1        
 104   1              return initflag;
 105   1      }


MODULE INFORMATION:   STATIC OVERLAYABLE
   CODE SIZE        =    293    ----
   CONSTANT SIZE    =   ----    ----
   XDATA SIZE       =   ----    ----
   PDATA SIZE       =   ----    ----
   DATA SIZE        =   ----       3
   IDATA SIZE       =   ----    ----
   BIT SIZE         =   ----       1
C51 COMPILER V9.60.0.0   ONEWIRE                                                           03/22/2023 21:14:48 PAGE 3   

END OF MODULE INFORMATION.


C51 COMPILATION COMPLETE.  0 WARNING(S),  0 ERROR(S)
