C51 COMPILER V9.60.0.0   EEPROM                                                            03/13/2023 13:34:15 PAGE 1   


C51 COMPILER V9.60.0.0, COMPILATION OF MODULE EEPROM
OBJECT MODULE PLACED IN .\Objects\EEPROM.obj
COMPILER INVOKED BY: E:\keil5\keil5\C51\BIN\C51.EXE ..\Driver\EEPROM.c OPTIMIZE(8,SPEED) BROWSE INCDIR(..\User;..\System
                    -;..\Driver;..\Config) DEBUG OBJECTEXTEND PRINT(.\Listings\EEPROM.lst) OBJECT(.\Objects\EEPROM.obj)

line level    source

   1          
   2          #include <EEPROM.h>
   3          
   4          #define PasswordAddr 0x14
   5          #define FirstAddr 0x78
   6          
   7          unsigned char FirstBuf = 0;
   8          
   9          void Delay5ms()//延迟5MS，方便EEPROM连续写
  10          {
  11   1              unsigned char i, j;
  12   1      
  13   1              i = 59;
  14   1              j = 90;
  15   1              do
  16   1              {
  17   2                      while (--j);
  18   2              } while (--i);
  19   1      }
  20          
  21          void AT24C02FirstRead()
  22          {
  23   1              FirstBuf = ReadEEPROM(FirstAddr);
  24   1              if(FirstBuf != 98)
  25   1              {
  26   2                      PasswordReset();
  27   2                      WriteEEPROM(FirstAddr,98);
  28   2              }
  29   1              AT24C02PasswordRead();
  30   1      }
  31          
  32          void AT24C02PasswordRead()
  33          {
  34   1              unsigned char i = 0;
  35   1              
  36   1              for(i=0;i<6;i++)
  37   1              {
  38   2                      PassWord[i] = ReadEEPROM(PasswordAddr+i);
  39   2              }
  40   1      }
  41          
  42          void AT24C02PasswordWrite()
  43          {
  44   1              unsigned char i = 0;
  45   1              
  46   1              for(i=0;i<6;i++)
  47   1              {
  48   2                      WriteEEPROM(PasswordAddr+i,PassWord[i]);
  49   2                      Delay5ms();
  50   2              }
  51   1      }
  52          
  53          
  54          
C51 COMPILER V9.60.0.0   EEPROM                                                            03/13/2023 13:34:15 PAGE 2   

  55          unsigned char ReadEEPROM(unsigned char addr)
  56          {
  57   1              unsigned char temp;
  58   1              IIC_Start();
  59   1              IIC_SendByte(0xA0);
  60   1              IIC_WaitAck();
  61   1              IIC_SendByte(addr);
  62   1              IIC_WaitAck();  
  63   1              
  64   1              IIC_Start();
  65   1              IIC_SendByte(0xA1);
  66   1              IIC_WaitAck();  
  67   1              temp = IIC_RecByte();
  68   1              IIC_Stop();     
  69   1              
  70   1              return temp;
  71   1      }
  72          
  73          
  74          void WriteEEPROM(unsigned char addr,unsigned char dat)
  75          {
  76   1              IIC_Start();
  77   1              IIC_SendByte(0xA0);
  78   1              IIC_WaitAck();
  79   1              IIC_SendByte(addr);
  80   1              IIC_WaitAck();
  81   1              IIC_SendByte(dat);
  82   1              IIC_WaitAck();  
  83   1              IIC_Stop();
  84   1      }
  85          
  86          
  87          
  88          
  89          
  90          
  91          
  92          
  93          
  94          
  95          


MODULE INFORMATION:   STATIC OVERLAYABLE
   CODE SIZE        =    186    ----
   CONSTANT SIZE    =   ----    ----
   XDATA SIZE       =   ----    ----
   PDATA SIZE       =   ----    ----
   DATA SIZE        =      1       6
   IDATA SIZE       =   ----    ----
   BIT SIZE         =   ----    ----
END OF MODULE INFORMATION.


C51 COMPILATION COMPLETE.  0 WARNING(S),  0 ERROR(S)
