C51 COMPILER V9.60.0.0   LED                                                               03/13/2023 13:34:15 PAGE 1   


C51 COMPILER V9.60.0.0, COMPILATION OF MODULE LED
OBJECT MODULE PLACED IN .\Objects\led.obj
COMPILER INVOKED BY: E:\keil5\keil5\C51\BIN\C51.EXE ..\Driver\led.c OPTIMIZE(8,SPEED) BROWSE INCDIR(..\User;..\System;..
                    -\Driver;..\Config) DEBUG OBJECTEXTEND PRINT(.\Listings\led.lst) OBJECT(.\Objects\led.obj)

line level    source

   1          
   2          #include "led.h"
   3          
   4          
   5          unsigned char code Led_Number[] = {                              //10为不显示
   6                  0xC0,0xF9,0xA4,0xB0,0x99,0x92,0x82,0xF8,0x80,0x90,0xFF
   7          };
   8          
   9          unsigned char Led_Buff[8] = {
  10                  0xFF,0xFF,0xFF,0xFF,0xFF,0xFF,0xFF,0xFF
  11          };
  12          
  13          unsigned char PassWordBuff[6] = {         //按键输入密码的显示缓存
  14                  10,10,10,10,10,10
  15          };
  16          
  17          
  18          
  19          void LedDisplay()
  20          {
  21   1              P0 = 0xFF;
  22   1              
  23   1              if(Door_Mod == 0)
  24   1              {
  25   2                      LED0 = 0;
  26   2              }
  27   1              if(Password_Right == 1)
  28   1              {
  29   2                      LED1 = 0;
  30   2              }
  31   1              if(Password_Over == 1)
  32   1              {
  33   2                      LED2 = 0;
  34   2              }
  35   1              if(Buzz_Warring == 1)
  36   1              {
  37   2                      LED3 = 0;
  38   2              }
  39   1              if(Door_Open == 1)
  40   1              {
  41   2                      LED7 = 0;
  42   2              }
  43   1              if(Error_Cnt != 0)
  44   1              {
  45   2                      LED6 = 0;
  46   2              }
  47   1              HC138Y(4);
  48   1              HC138Y(0);
  49   1      }
  50          
  51          
  52          void SmgTimerShow()
  53          {
  54   1              Led_Buff[0] = Led_Number[TimerData[2]>>4];
C51 COMPILER V9.60.0.0   LED                                                               03/13/2023 13:34:15 PAGE 2   

  55   1              Led_Buff[1] = Led_Number[TimerData[2]&0x0F];
  56   1              Led_Buff[2] = 0xBF;
  57   1              Led_Buff[3] = Led_Number[TimerData[1]>>4];
  58   1              Led_Buff[4] = Led_Number[TimerData[1]&0x0F];
  59   1              Led_Buff[5] = 0xBF;
  60   1              Led_Buff[6] = Led_Number[TimerData[0]>>4];
  61   1              Led_Buff[7] = Led_Number[TimerData[0]&0x0F];
  62   1      }
  63          
  64          void SmgPassword()
  65          {
  66   1              if(Password_Mode == 0)
  67   1              {
  68   2                      Led_Buff[0] = 0xBF;
  69   2                      Led_Buff[1] = 0xBF;             
  70   2              }
  71   1              else if(Password_Mode == 1)
  72   1              {
  73   2                      Led_Buff[0] = 0xFF;
  74   2                      Led_Buff[1] = 0xBF;             
  75   2              }
  76   1              else
  77   1              {
  78   2                      Led_Buff[0] = 0xBF;
  79   2                      Led_Buff[1] = 0xFF;             
  80   2              }
  81   1              Led_Buff[2] = Led_Number[PassWordBuff[0]];
  82   1              Led_Buff[3] = Led_Number[PassWordBuff[1]];
  83   1              Led_Buff[4] = Led_Number[PassWordBuff[2]];
  84   1              Led_Buff[5] = Led_Number[PassWordBuff[3]];
  85   1              Led_Buff[6] = Led_Number[PassWordBuff[4]];
  86   1              Led_Buff[7] = Led_Number[PassWordBuff[5]];      
  87   1              
  88   1      }
  89          
  90          
  91          
  92          void SmgDisplay()
  93          {
  94   1              static unsigned char i = 0;
  95   1      
  96   1              P0 = 0x00;
  97   1              HC138Y(6);
  98   1              P0 = 0x01 << i;
  99   1              HC138Y(0);      
 100   1              P0 = 0xFF;
 101   1              HC138Y(7);
 102   1              P0 = Led_Buff[i];
 103   1              HC138Y(0);
 104   1              
 105   1              i++;
 106   1              if(i > 7)
 107   1              {
 108   2                      i = 0;
 109   2              }       
 110   1      }
 111          
 112          
 113          
 114          
 115          

C51 COMPILER V9.60.0.0   LED                                                               03/13/2023 13:34:15 PAGE 3   


MODULE INFORMATION:   STATIC OVERLAYABLE
   CODE SIZE        =    231    ----
   CONSTANT SIZE    =     11    ----
   XDATA SIZE       =   ----    ----
   PDATA SIZE       =   ----    ----
   DATA SIZE        =     15    ----
   IDATA SIZE       =   ----    ----
   BIT SIZE         =   ----    ----
END OF MODULE INFORMATION.


C51 COMPILATION COMPLETE.  0 WARNING(S),  0 ERROR(S)
