C51 COMPILER V9.60.0.0   MAIN                                                              03/09/2023 17:33:35 PAGE 1   


C51 COMPILER V9.60.0.0, COMPILATION OF MODULE MAIN
OBJECT MODULE PLACED IN .\Objects\main.obj
COMPILER INVOKED BY: E:\keil5\keil5\C51\BIN\C51.EXE main.c OPTIMIZE(8,SPEED) BROWSE INCDIR(..\User;..\System;..\Driver;.
                    -.\Config) DEBUG OBJECTEXTEND PRINT(.\Listings\main.lst) OBJECT(.\Objects\main.obj)

line level    source

   1          #include <config.h>
   2          
   3          
   4          unsigned char PassWord[6] = {6,5,4,3,2,1};  //实际密码存储
   5          
   6          
   7          bit Door_Mod = 1;        //0为自动门状态，1为密码门状态
   8          bit Door_Open = 0;
   9          bit flag100ms = 0;       
  10          bit flag200ms = 0;
  11          
  12          void ReadData();
  13          void DoorControl();
  14          void DoorModControl();
  15          void BuzzDoorOpenControl();
  16          
  17          void main()
  18          {
  19   1              LedBuzzInit();
  20   1              Timer0Init();
  21   1              Ds1302Init();
  22   1              AT24C02FirstRead();
  23   1              
  24   1              
  25   1              while(1)
  26   1              {
  27   2                      DoorControl();
  28   2                      ReadData();
  29   2                      KeyDriver();
  30   2              }
  31   1      }
  32          
  33          void Timer0_Int() interrupt 1
  34          {
  35   1              static unsigned int cnt = 0;
  36   1              
  37   1              cnt++;
  38   1              if((cnt % 100) == 0)
  39   1              {
  40   2                      flag100ms = 1;
  41   2                      BuzzDoorOpenControl();
  42   2              }
  43   1              if(cnt >= 140)
  44   1              {
  45   2                      flag200ms = 1;
  46   2                      cnt = 0;
  47   2              }
  48   1              
  49   1              DoorOpenAndWarring();
  50   1              KeyScan();
  51   1              SmgDisplay();
  52   1              LedDisplay();   
  53   1      
  54   1      }
C51 COMPILER V9.60.0.0   MAIN                                                              03/09/2023 17:33:35 PAGE 2   

  55          
  56          void BuzzDoorOpenControl()
  57          {
  58   1              if(Buzz_Warring == 1)
  59   1              {
  60   2                      Buzz_Time++;
  61   2                      if(Buzz_Time >= 30)
  62   2                      {
  63   3                              Buzz_Time = 0;
  64   3                              Buzz_Warring = 0;
  65   3                      }
  66   2              }
  67   1              if(Door_Open == 1)
  68   1              {
  69   2                      Door_Open_Time++;
  70   2                      if(Door_Open_Time >= 50)
  71   2                      {
  72   3                              Door_Open_Time = 0;
  73   3                              Door_Open = 0;
  74   3                      }
  75   2              }
  76   1      }
  77          
  78          void ReadData()
  79          {
  80   1              if(flag100ms == 1)
  81   1              {
  82   2                      flag100ms = 0;
  83   2                      Ds1302Read();
  84   2                      DoorModControl();
  85   2              }
  86   1              if(flag200ms == 1)
  87   1              {
  88   2                      flag200ms = 0;
  89   2                      Sonic();
  90   2              }
  91   1      
  92   1      }
  93          
  94          void DoorControl()
  95          {
  96   1              if(Door_Mod == 0)
  97   1              {
  98   2                      SmgTimerShow();
  99   2              }
 100   1              else
 101   1              {
 102   2                      SmgPassword();
 103   2              }
 104   1      }
 105          
 106          void DoorModControl()
 107          {
 108   1              if((TimerData[2] >= 0x07) && (TimerData[2] <= 0x22))
 109   1              {
 110   2                      Door_Mod = 0;
 111   2              }
 112   1              else
 113   1              {
 114   2                      Door_Mod = 1;
 115   2              }
 116   1              
C51 COMPILER V9.60.0.0   MAIN                                                              03/09/2023 17:33:35 PAGE 3   

 117   1      }
 118          
 119          
 120          
 121          
 122          
 123          
 124          
 125          
 126          
 127          
 128          
 129          
 130          


MODULE INFORMATION:   STATIC OVERLAYABLE
   CODE SIZE        =    238    ----
   CONSTANT SIZE    =   ----    ----
   XDATA SIZE       =   ----    ----
   PDATA SIZE       =   ----    ----
   DATA SIZE        =      8    ----
   IDATA SIZE       =   ----    ----
   BIT SIZE         =      4    ----
END OF MODULE INFORMATION.


C51 COMPILATION COMPLETE.  0 WARNING(S),  0 ERROR(S)
