C51 COMPILER V9.60.0.0   SONIC                                                             03/09/2023 17:33:35 PAGE 1   


C51 COMPILER V9.60.0.0, COMPILATION OF MODULE SONIC
OBJECT MODULE PLACED IN .\Objects\sonic.obj
COMPILER INVOKED BY: E:\keil5\keil5\C51\BIN\C51.EXE ..\Driver\sonic.c OPTIMIZE(8,SPEED) BROWSE INCDIR(..\User;..\System;
                    -..\Driver;..\Config) DEBUG OBJECTEXTEND PRINT(.\Listings\sonic.lst) OBJECT(.\Objects\sonic.obj)

line level    source

   1          
   2          #include "sonic.h"
   3          
   4          
   5          bit Sonic_Far = 0;
   6          unsigned int Sonic_Time = 0;
   7          float Sonic_Dist = 0;
   8          
   9          void Delay13us()                //@12.000MHz
  10          {
  11   1              unsigned char i;
  12   1      
  13   1              _nop_();
  14   1              _nop_();
  15   1              i = 36;
  16   1              while (--i);
  17   1      }
  18          
  19          
  20          
  21          void SendWave()
  22          {
  23   1              unsigned char i = 0;
  24   1              
  25   1              for(i=0;i<8;i++)
  26   1              {
  27   2                      TX = 1;
  28   2                      Delay13us();
  29   2                      TX = 0;
  30   2                      Delay13us();
  31   2              }
  32   1      }
  33          
  34          void Sonic()
  35          {
  36   1              TL1 = 0x00;
  37   1              TH1 = 0x00;
  38   1              
  39   1              SendWave();
  40   1              TR1 = 1;
  41   1              while((RX == 1) && (TF1 == 0));
  42   1              TR1 = 0;
  43   1              
  44   1              if(TF1 == 1)
  45   1              {
  46   2                      TF1 = 0;
  47   2                      Sonic_Far = 1;
  48   2              }
  49   1              else
  50   1              {
  51   2                      Sonic_Far = 0;
  52   2                      Sonic_Time = TH1;
  53   2                      Sonic_Time = (Sonic_Time << 8) | TL1;
  54   2                      Sonic_Dist = Sonic_Time*0.017;
C51 COMPILER V9.60.0.0   SONIC                                                             03/09/2023 17:33:35 PAGE 2   

  55   2                      if((Door_Mod == 0)&&(Door_Open != 1))
  56   2                      {
  57   3                              if(Sonic_Dist <= 30)
  58   3                              {
  59   4                                      Door_Open = 1;
  60   4                              }
  61   3                      }
  62   2              }       
  63   1      }
  64          
  65          
  66          
  67          
  68          
  69          
  70          
  71          
  72          
  73          
  74          
  75          
  76          


MODULE INFORMATION:   STATIC OVERLAYABLE
   CODE SIZE        =    133    ----
   CONSTANT SIZE    =   ----    ----
   XDATA SIZE       =   ----    ----
   PDATA SIZE       =   ----    ----
   DATA SIZE        =      6    ----
   IDATA SIZE       =   ----    ----
   BIT SIZE         =      1    ----
END OF MODULE INFORMATION.


C51 COMPILATION COMPLETE.  0 WARNING(S),  0 ERROR(S)
