C51 COMPILER V9.60.0.0   EEPROM                                                            05/29/2023 22:02:10 PAGE 1   


C51 COMPILER V9.60.0.0, COMPILATION OF MODULE EEPROM
OBJECT MODULE PLACED IN .\Objects\EEPROM.obj
COMPILER INVOKED BY: E:\keil5\keil5\C51\BIN\C51.EXE System\EEPROM.c OPTIMIZE(8,SPEED) BROWSE INCDIR(.\User;.\Driver;.\Sy
                    -stem;.\Config) DEBUG OBJECTEXTEND PRINT(.\Listings\EEPROM.lst) OBJECT(.\Objects\EEPROM.obj)

line level    source

   1          #include "EEPROM.h"
   2          
   3          
   4          
   5          
   6          
   7          
   8          
   9          
  10          
  11          
  12          
  13          
  14          
  15          
  16          
  17          
  18          
  19          
  20          
  21          
  22          
  23          
  24          
  25          
  26          
  27          


MODULE INFORMATION:   STATIC OVERLAYABLE
   CODE SIZE        =   ----    ----
   CONSTANT SIZE    =   ----    ----
   XDATA SIZE       =   ----    ----
   PDATA SIZE       =   ----    ----
   DATA SIZE        =   ----    ----
   IDATA SIZE       =   ----    ----
   BIT SIZE         =   ----    ----
END OF MODULE INFORMATION.


C51 COMPILATION COMPLETE.  0 WARNING(S),  0 ERROR(S)
