C51 COMPILER V9.60.0.0   IIC                                                               06/05/2023 12:20:56 PAGE 1   


C51 COMPILER V9.60.0.0, COMPILATION OF MODULE IIC
OBJECT MODULE PLACED IN .\Objects\iic.obj
COMPILER INVOKED BY: E:\keil5\keil5\C51\BIN\C51.EXE System\iic.c OPTIMIZE(8,SPEED) BROWSE INCDIR(.\User;.\Driver;.\Syste
                    -m;.\Config) DEBUG OBJECTEXTEND PRINT(.\Listings\iic.lst) OBJECT(.\Objects\iic.obj)

line level    source

   1          /*      #   I2Cä»£ç ç‰‡æ®µè¯´æ˜
   2                  1.      æœ¬æ–‡ä»¶å¤¹ä¸­æä¾›çš„é©±åŠ¨ä»£ç ä¾›å‚èµ›é€‰æ‰‹å®Œæˆç¨‹åºè®¾è®¡å‚è€ƒã€‚
   3                  2.      å‚èµ›é€‰æ‰‹å¯ä»¥è‡ªè¡Œç¼–å†™ç›¸å…³ä»£ç æˆ–ä»¥è¯¥ä»£ç ä¸ºåŸºç¡€ï¼Œæ ¹æ®æ‰€é€‰å•ç‰‡æœºç±»å‹ã€è¿
             -è¡Œé€Ÿåº¦å’Œè¯•é¢˜
   4                          ä¸­å¯¹å•ç‰‡æœºæ—¶é’Ÿé¢‘ç‡çš„è¦æ±‚ï¼Œè¿›è¡Œä»£ç è°ƒè¯•å’Œä¿®æ”¹ã€‚
   5          */
   6          
   7          #include "iic.h"
   8          
   9          #define DELAY_TIME      5
  10          
  11          
  12          sbit scl = P2^0;
  13          sbit sda = P2^1;
  14          
  15          
  16          
  17          //
  18          static void I2C_Delay(unsigned char n)
  19          {
  20   1          do
  21   1          {
  22   2              _nop_();_nop_();_nop_();_nop_();_nop_();
  23   2              _nop_();_nop_();_nop_();_nop_();_nop_();
  24   2              _nop_();_nop_();_nop_();_nop_();_nop_();                
  25   2          }
  26   1          while(n--);         
  27   1      }
  28          
  29          //
  30          void I2CStart(void)
  31          {
  32   1          sda = 1;
  33   1          scl = 1;
  34   1              I2C_Delay(DELAY_TIME);
  35   1          sda = 0;
  36   1              I2C_Delay(DELAY_TIME);
  37   1          scl = 0;    
  38   1      }
  39          
  40          //
  41          void I2CStop(void)
  42          {
  43   1          sda = 0;
  44   1          scl = 1;
  45   1              I2C_Delay(DELAY_TIME);
  46   1          sda = 1;
  47   1              I2C_Delay(DELAY_TIME);
  48   1      }
  49          
  50          //
  51          void I2CSendByte(unsigned char byt)
  52          {
  53   1          unsigned char i;
C51 COMPILER V9.60.0.0   IIC                                                               06/05/2023 12:20:56 PAGE 2   

  54   1              
  55   1          for(i=0; i<8; i++){
  56   2              scl = 0;
  57   2                      I2C_Delay(DELAY_TIME);
  58   2              if(byt & 0x80){
  59   3                  sda = 1;
  60   3              }
  61   2              else{
  62   3                  sda = 0;
  63   3              }
  64   2                      I2C_Delay(DELAY_TIME);
  65   2              scl = 1;
  66   2              byt <<= 1;
  67   2                      I2C_Delay(DELAY_TIME);
  68   2          }
  69   1              
  70   1          scl = 0;  
  71   1      }
  72          
  73          //
  74          unsigned char I2CReceiveByte(void)
  75          {
  76   1              unsigned char da;
  77   1              unsigned char i;
  78   1              for(i=0;i<8;i++){   
  79   2                      scl = 1;
  80   2                      I2C_Delay(DELAY_TIME);
  81   2                      da <<= 1;
  82   2                      if(sda) 
  83   2                              da |= 0x01;
  84   2                      scl = 0;
  85   2                      I2C_Delay(DELAY_TIME);
  86   2              }
  87   1              return da;    
  88   1      }
  89          
  90          //
  91          unsigned char I2CWaitAck(void)
  92          {
  93   1              unsigned char ackbit;
  94   1              
  95   1          scl = 1;
  96   1              I2C_Delay(DELAY_TIME);
  97   1          ackbit = sda; 
  98   1          scl = 0;
  99   1              I2C_Delay(DELAY_TIME);
 100   1              
 101   1              return ackbit;
 102   1      }
 103          
 104          //
 105          void I2CSendAck(unsigned char ackbit)
 106          {
 107   1          scl = 0;
 108   1          sda = ackbit; 
 109   1              I2C_Delay(DELAY_TIME);
 110   1          scl = 1;
 111   1              I2C_Delay(DELAY_TIME);
 112   1          scl = 0; 
 113   1              sda = 1;
 114   1              I2C_Delay(DELAY_TIME);
 115   1      }
C51 COMPILER V9.60.0.0   IIC                                                               06/05/2023 12:20:56 PAGE 3   

 116          


MODULE INFORMATION:   STATIC OVERLAYABLE
   CODE SIZE        =    186    ----
   CONSTANT SIZE    =   ----    ----
   XDATA SIZE       =   ----    ----
   PDATA SIZE       =   ----    ----
   DATA SIZE        =   ----    ----
   IDATA SIZE       =   ----    ----
   BIT SIZE         =   ----    ----
END OF MODULE INFORMATION.


C51 COMPILATION COMPLETE.  0 WARNING(S),  0 ERROR(S)
