C51 COMPILER V9.60.0.0   INIT                                                              06/05/2023 12:20:56 PAGE 1   


C51 COMPILER V9.60.0.0, COMPILATION OF MODULE INIT
OBJECT MODULE PLACED IN .\Objects\init.obj
COMPILER INVOKED BY: E:\keil5\keil5\C51\BIN\C51.EXE Config\init.c OPTIMIZE(8,SPEED) BROWSE INCDIR(.\User;.\Driver;.\Syst
                    -em;.\Config) DEBUG OBJECTEXTEND PRINT(.\Listings\init.lst) OBJECT(.\Objects\init.obj)

line level    source

   1          
   2          #include "init.h"
   3          
   4          
   5          
   6          
   7          
   8          void Timer1Init()               //100微秒@12.000MHz
   9          {
  10   1              AUXR |= 0x40;           //定时器时钟1T模式
  11   1              TMOD &= 0x0F;           //设置定时器模式
  12   1              TL1 = 0x50;             //设置定时初始值
  13   1              TH1 = 0xFB;             //设置定时初始值
  14   1              TF1 = 0;                //清除TF1标志
  15   1              TR1 = 1;                //定时器1开始计时
  16   1              
  17   1              ET1 = 1;
  18   1              EA = 1;
  19   1      }
  20          
  21          
  22          void Timer2Init()               //1毫秒@12.000MHz
  23          {
  24   1              AUXR |= 0x04;           //定时器时钟1T模式
  25   1              T2L = 0x20;             //设置定时初始值
  26   1              T2H = 0xD1;             //设置定时初始值
  27   1              AUXR |= 0x10;           //定时器2开始计时
  28   1              
  29   1              IE2 |= 0x04;    
  30   1              EA = 1;
  31   1      }
  32          
  33          
  34          
  35          void LedBuzzInit()
  36          {
  37   1              P0 = 0xFF;
  38   1              HC138Set(4);
  39   1              HC138Set(0);
  40   1              
  41   1              P0 = 0x00;
  42   1              HC138Set(5);
  43   1              HC138Set(0);
  44   1      }
  45          
  46          
  47          
  48          
  49          void HC138Set(unsigned char Y)
  50          {
  51   1              P2 &= 0x1F;
  52   1              P2 |= (Y & 0x07) << 5;
  53   1      }
  54          
C51 COMPILER V9.60.0.0   INIT                                                              06/05/2023 12:20:56 PAGE 2   

  55          
  56          
  57          
  58          
  59          
  60          
  61          
  62          
  63          
  64          
  65          


MODULE INFORMATION:   STATIC OVERLAYABLE
   CODE SIZE        =     78    ----
   CONSTANT SIZE    =   ----    ----
   XDATA SIZE       =   ----    ----
   PDATA SIZE       =   ----    ----
   DATA SIZE        =   ----    ----
   IDATA SIZE       =   ----    ----
   BIT SIZE         =   ----    ----
END OF MODULE INFORMATION.


C51 COMPILATION COMPLETE.  0 WARNING(S),  0 ERROR(S)
