C51 COMPILER V9.60.0.0   KEY                                                               05/29/2023 22:02:10 PAGE 1   


C51 COMPILER V9.60.0.0, COMPILATION OF MODULE KEY
OBJECT MODULE PLACED IN .\Objects\key.obj
COMPILER INVOKED BY: E:\keil5\keil5\C51\BIN\C51.EXE Driver\key.c OPTIMIZE(8,SPEED) BROWSE INCDIR(.\User;.\Driver;.\Syste
                    -m;.\Config) DEBUG OBJECTEXTEND PRINT(.\Listings\key.lst) OBJECT(.\Objects\key.obj)

line level    source

   1          
   2          #include "key.h"
   3          
   4          
   5          
   6          
   7          unsigned char Key_Map[4] = {'7','6','5','4'};
   8          
   9          
  10          unsigned char Key_Sta[4] = {1,1,1,1};
  11          
  12          
  13          
  14          
  15          void KeyAction0(unsigned char keycode)
  16          {
  17   1              if(keycode == '4')
  18   1              {
  19   2      
  20   2              }
  21   1      }
  22          
  23          void KeyAction1(unsigned char keycode)
  24          {
  25   1              if(keycode == '4')
  26   1              {
  27   2                      
  28   2              }
  29   1      }
  30          
  31          void KeyDriver()
  32          {
  33   1              unsigned char i = 0;
  34   1              static unsigned char Key_Backup[4] = {1,1,1,1};
  35   1              
  36   1              for(i=0;i<4;i++)
  37   1              {
  38   2                      if(Key_Backup[i] != Key_Sta[i])
  39   2                      {
  40   3                              if(Key_Backup[i] == 1)
  41   3                              {
  42   4                                      KeyAction0(Key_Map[i]);
  43   4                              }
  44   3                              else
  45   3                              {
  46   4                                      KeyAction1(Key_Map[i]);
  47   4                              }
  48   3                              Key_Backup[i] = Key_Sta[i];
  49   3                      }
  50   2              }
  51   1      }
  52          
  53          
  54          
C51 COMPILER V9.60.0.0   KEY                                                               05/29/2023 22:02:10 PAGE 2   

  55          void KeyScan()
  56          {
  57   1              static unsigned char Key_Out = 0;
  58   1              static unsigned char Key_Buff[4] = {0xFF,0xFF,0xFF,0xFF};
  59   1              
  60   1              switch(Key_Out)
  61   1              {
  62   2                      case 0: Key_Buff[0] = (Key_Buff[0] << 1) | KEY_OUT_0; break;
  63   2                      case 1: Key_Buff[1] = (Key_Buff[1] << 1) | KEY_OUT_1; break;
  64   2                      case 2: Key_Buff[2] = (Key_Buff[2] << 1) | KEY_OUT_2; break;
  65   2                      case 3: Key_Buff[3] = (Key_Buff[3] << 1) | KEY_OUT_3; break;
  66   2                      default: break;
  67   2              }
  68   1              
  69   1              if((Key_Buff[Key_Out] & 0x0F) == 0x00)
  70   1              {
  71   2                      Key_Sta[Key_Out] = 0;
  72   2              }
  73   1              else if((Key_Buff[Key_Out] & 0x0F) == 0x0F)
  74   1              {
  75   2                      Key_Sta[Key_Out] = 1;
  76   2              }
  77   1              
  78   1              Key_Out++;
  79   1              Key_Out &= 0x03;
  80   1      }
  81          
  82          
  83          
  84          
  85          
  86          
  87          
  88          
  89          
  90          
  91          
  92          
  93          


MODULE INFORMATION:   STATIC OVERLAYABLE
   CODE SIZE        =    184    ----
   CONSTANT SIZE    =   ----    ----
   XDATA SIZE       =   ----    ----
   PDATA SIZE       =   ----    ----
   DATA SIZE        =     17       2
   IDATA SIZE       =   ----    ----
   BIT SIZE         =   ----    ----
END OF MODULE INFORMATION.


C51 COMPILATION COMPLETE.  0 WARNING(S),  0 ERROR(S)
