C51 COMPILER V9.60.0.0   NE555                                                             05/29/2023 22:02:10 PAGE 1   


C51 COMPILER V9.60.0.0, COMPILATION OF MODULE NE555
OBJECT MODULE PLACED IN .\Objects\NE555.obj
COMPILER INVOKED BY: E:\keil5\keil5\C51\BIN\C51.EXE Driver\NE555.c OPTIMIZE(8,SPEED) BROWSE INCDIR(.\User;.\Driver;.\Sys
                    -tem;.\Config) DEBUG OBJECTEXTEND PRINT(.\Listings\NE555.lst) OBJECT(.\Objects\NE555.obj)

line level    source

   1          #include "NE555.h"
   2          
   3          
   4          
   5          unsigned int NE555_Freq = 0;
   6          
   7          
   8          
   9          void NE555Init()
  10          {
  11   1              TH0 = 0x00;
  12   1              TL0 = 0x00;
  13   1              TMOD |= 0x05;
  14   1              TR0 = 1;
  15   1              TF0 = 0;
  16   1              ET0 = 0;
  17   1      }
  18          
  19          
  20          void NE555FreqReadData(unsigned int *freq)
  21          {
  22   1              if(TF0 == 0)
  23   1              {
  24   2                      *freq = TH0;
  25   2                      *freq = (*freq << 8) | TL0;
  26   2              }
  27   1              else
  28   1              {
  29   2                      TF0 = 0;
  30   2              }
  31   1              TH0 = 0x00;
  32   1              TL0 = 0x00;     
  33   1      }
  34          
  35          
  36          
  37          
  38          
  39          
  40          
  41          
  42          
  43          
  44          
  45          
  46          


MODULE INFORMATION:   STATIC OVERLAYABLE
   CODE SIZE        =     49    ----
   CONSTANT SIZE    =   ----    ----
   XDATA SIZE       =   ----    ----
   PDATA SIZE       =   ----    ----
   DATA SIZE        =      2    ----
C51 COMPILER V9.60.0.0   NE555                                                             05/29/2023 22:02:10 PAGE 2   

   IDATA SIZE       =   ----    ----
   BIT SIZE         =   ----    ----
END OF MODULE INFORMATION.


C51 COMPILATION COMPLETE.  0 WARNING(S),  0 ERROR(S)
