C51 COMPILER V9.56.0.0   EEPROM                                                            04/08/2022 15:04:10 PAGE 1   


C51 COMPILER V9.56.0.0, COMPILATION OF MODULE EEPROM
OBJECT MODULE PLACED IN .\Objects\EEPROM.obj
COMPILER INVOKED BY: E:\keil5\keil5\C51\BIN\C51.EXE ..\Driver\EEPROM.c OPTIMIZE(8,SPEED) BROWSE INCDIR(..\Include;..\Dri
                    -ver;..\system;..\User) DEBUG OBJECTEXTEND PRINT(.\Listings\EEPROM.lst) TABS(2) OBJECT(.\Objects\EEPROM.obj)

line level    source

   1          
   2          #include <EEPROM.h>
   3          
   4          
   5          
   6          
   7          void Write_EEPROM(unsigned char addr,unsigned char dat)
   8          {
   9   1        IIC_Start();
  10   1        IIC_SendByte(0xA0);
  11   1        IIC_WaitAck();  
  12   1        IIC_SendByte(addr);
  13   1        IIC_WaitAck();    
  14   1        IIC_SendByte(dat);
  15   1        IIC_WaitAck();      
  16   1        IIC_Stop(); 
  17   1      }
  18          
  19          
  20          unsigned char Read_EEPROM(unsigned char addr)
  21          {
  22   1        unsigned char temp;
  23   1        
  24   1        IIC_Start();
  25   1        IIC_SendByte(0xA0);
  26   1        IIC_WaitAck();    
  27   1        IIC_SendByte(addr);
  28   1        IIC_WaitAck();    
  29   1        
  30   1        IIC_Start();
  31   1        IIC_SendByte(0xA1);
  32   1        IIC_WaitAck();    
  33   1        temp = IIC_RecByte();
  34   1        IIC_Stop(); 
  35   1      
  36   1        return temp;
  37   1      }
  38          
  39          
  40          
  41          
  42          
  43          
  44          
  45          
  46          
  47          
  48          
  49          
  50          
  51          
  52          
  53          
  54          
C51 COMPILER V9.56.0.0   EEPROM                                                            04/08/2022 15:04:10 PAGE 2   

  55          
  56          
  57          
  58          


MODULE INFORMATION:   STATIC OVERLAYABLE
   CODE SIZE        =     77    ----
   CONSTANT SIZE    =   ----    ----
   XDATA SIZE       =   ----    ----
   PDATA SIZE       =   ----    ----
   DATA SIZE        =   ----       4
   IDATA SIZE       =   ----    ----
   BIT SIZE         =   ----    ----
END OF MODULE INFORMATION.


C51 COMPILATION COMPLETE.  0 WARNING(S),  0 ERROR(S)
