C51 COMPILER V9.56.0.0   KEY                                                               04/08/2022 15:04:10 PAGE 1   


C51 COMPILER V9.56.0.0, COMPILATION OF MODULE KEY
OBJECT MODULE PLACED IN .\Objects\Key.obj
COMPILER INVOKED BY: E:\keil5\keil5\C51\BIN\C51.EXE ..\Driver\Key.c OPTIMIZE(8,SPEED) BROWSE INCDIR(..\Include;..\Driver
                    -;..\system;..\User) DEBUG OBJECTEXTEND PRINT(.\Listings\Key.lst) TABS(2) OBJECT(.\Objects\Key.obj)

line level    source

   1          #include <Key.h>
   2          
   3          
   4          
   5          unsigned char KeySta[4] = {1,1,1,1};
   6          
   7          extern unsigned char BUZZ_Mod,RELAY_Mod;
   8          extern unsigned char yuzhi;
   9          
  10          
  11          
  12          void Key_Action(unsigned char keycode)
  13          {
  14   1        if(keycode == 0)
  15   1        {
  16   2          WorkMod++;
  17   2          if(WorkMod > 1)
  18   2          {
  19   3            WorkMod = 0;
  20   3          }
  21   2        }
  22   1        else if(keycode == 1)
  23   1        {
  24   2          if(WorkMod == 0)
  25   2          {
  26   3            LedMod++;
  27   3            if(LedMod > 1)
  28   3            {
  29   4              Write_EEPROM(0x20,yuzhi);
  30   4              LedMod = 0;
  31   4            }
  32   3            if(LedMod == 1)
  33   3            {
  34   4              yuzhi = Read_EEPROM(0x20);
  35   4            }
  36   3          }
  37   2          else
  38   2          {
  39   3            BUZZ_Mod++;
  40   3            if(BUZZ_Mod > 1)
  41   3            {
  42   4              BUZZ_Mod = 0;
  43   4            } 
  44   3          }
  45   2        
  46   2        }
  47   1        else if(keycode == 2)
  48   1        {
  49   2          if(WorkMod == 0)
  50   2          {
  51   3            yuzhi++;
  52   3            if(yuzhi > 99)
  53   3            {
  54   4              yuzhi = 99;
C51 COMPILER V9.56.0.0   KEY                                                               04/08/2022 15:04:10 PAGE 2   

  55   4            }
  56   3          } 
  57   2          else
  58   2          {
  59   3            RELAY_Mod = 1;
  60   3          }
  61   2        
  62   2        }
  63   1        else if(keycode == 3)
  64   1        {
  65   2          if(WorkMod == 0)
  66   2          {
  67   3            if(yuzhi <= 0)
  68   3            {
  69   4              yuzhi = 1;
  70   4            }         
  71   3            yuzhi--;
  72   3          }
  73   2          else
  74   2          {
  75   3            RELAY_Mod = 0;    
  76   3          }
  77   2        }
  78   1      
  79   1      }
  80          
  81          
  82          
  83          void Key_Driver()
  84          {
  85   1        static unsigned char i;
  86   1        static unsigned char backup[4] = {1,1,1,1};
  87   1        
  88   1        for(i=0;i<4;i++)
  89   1        {
  90   2          if(backup[i] != KeySta[i])
  91   2          {
  92   3            if(backup[i] != 0)
  93   3            {
  94   4              Key_Action(i);
  95   4            }
  96   3            backup[i] = KeySta[i];
  97   3          }
  98   2        }
  99   1      }
 100          
 101          
 102          void Key_Scan()
 103          {
 104   1        static unsigned char i;
 105   1        static unsigned char KeyBuf[4] = {
 106   1            0xFF,0xFF,0xFF,0xFF
 107   1        };
 108   1        
 109   1          KeyBuf[0] = (KeyBuf[0] << 1) | S7;
 110   1          KeyBuf[1] = (KeyBuf[1] << 1) | S6;  
 111   1          KeyBuf[2] = (KeyBuf[2] << 1) | S5;  
 112   1          KeyBuf[3] = (KeyBuf[3] << 1) | S4;
 113   1        
 114   1        for(i=0;i<4;i++)
 115   1        {
 116   2          if((KeyBuf[i] & 0x0F) == 0x00)
C51 COMPILER V9.56.0.0   KEY                                                               04/08/2022 15:04:10 PAGE 3   

 117   2          {
 118   3            KeySta[i] = 0;
 119   3          }
 120   2          if((KeyBuf[i] & 0x0F) == 0x0F)
 121   2          {
 122   3            KeySta[i] = 1;
 123   3          }
 124   2        }
 125   1      
 126   1      }
 127          
 128          
 129          
 130          
 131          
 132          
 133          
 134          
 135          
 136          
 137          
 138          
 139          
 140          
 141          
 142          
 143          
 144          
 145          
 146          
 147          
 148          
 149          
 150          
 151          
 152          
 153          
 154          
 155          
 156          


MODULE INFORMATION:   STATIC OVERLAYABLE
   CODE SIZE        =    274    ----
   CONSTANT SIZE    =   ----    ----
   XDATA SIZE       =   ----    ----
   PDATA SIZE       =   ----    ----
   DATA SIZE        =     14       1
   IDATA SIZE       =   ----    ----
   BIT SIZE         =   ----    ----
END OF MODULE INFORMATION.


C51 COMPILATION COMPLETE.  0 WARNING(S),  0 ERROR(S)
