C51 COMPILER V9.56.0.0   MAIN                                                              04/08/2022 15:04:10 PAGE 1   


C51 COMPILER V9.56.0.0, COMPILATION OF MODULE MAIN
OBJECT MODULE PLACED IN .\Objects\main.obj
COMPILER INVOKED BY: E:\keil5\keil5\C51\BIN\C51.EXE main.c OPTIMIZE(8,SPEED) BROWSE INCDIR(..\Include;..\Driver;..\syste
                    -m;..\User) DEBUG OBJECTEXTEND PRINT(.\Listings\main.lst) TABS(2) OBJECT(.\Objects\main.obj)

line level    source

   1          
   2          #include <main.h>
   3          
   4          extern unsigned char shidu,yuzhi;
   5          unsigned char WorkMod = 0,LedMod = 0;
   6          
   7          
   8          void main()
   9          {
  10   1        Buzz_init();
  11   1        Timer0_init();
  12   1        Timer1_init();
  13   1        DS1302_Config();
  14   1        AD_init();
*** WARNING C206 IN LINE 14 OF main.c: 'AD_init': missing function-prototype
  15   1        yuzhi = 50;
  16   1        
  17   1        while(1)
  18   1        {
  19   2          Key_Driver();
  20   2          Led_Mod();
  21   2          if(WorkMod == 0)
  22   2          {
  23   3            Auto_Mod();
*** WARNING C206 IN LINE 23 OF main.c: 'Auto_Mod': missing function-prototype
  24   3          }
  25   2          else
  26   2          {
  27   3            Manual_Mod();
*** WARNING C206 IN LINE 27 OF main.c: 'Manual_Mod': missing function-prototype
  28   3          }
  29   2          if(LedMod == 0)
  30   2          {
  31   3            Led_shidu();
  32   3            DS1302_Read();
  33   3          }
  34   2          else
  35   2          {
  36   3            shidu = AD_Get();
*** WARNING C206 IN LINE 36 OF main.c: 'AD_Get': missing function-prototype
  37   3            shidu = shidu*99/255;     
  38   3            Led_yuzhi();
  39   3          }
  40   2        }
  41   1      
  42   1      }
  43          
  44          
  45          void Timer0() interrupt 1
  46          {
  47   1        TL0 = 0xCD;   
  48   1        TH0 = 0xD4; 
  49   1      
  50   1      
C51 COMPILER V9.56.0.0   MAIN                                                              04/08/2022 15:04:10 PAGE 2   

  51   1      
  52   1      }
  53          
  54          void Timer1() interrupt 3
  55          {
  56   1        TL1 = 0xCD;   
  57   1        TH1 = 0xD4; 
  58   1      
  59   1        Key_Scan();
  60   1      }
  61          
  62          
  63          
  64          
  65          
  66          
  67          
  68          
  69          
  70          
  71          
  72          
  73          
  74          
  75          
  76          
  77          


MODULE INFORMATION:   STATIC OVERLAYABLE
   CODE SIZE        =    147    ----
   CONSTANT SIZE    =   ----    ----
   XDATA SIZE       =   ----    ----
   PDATA SIZE       =   ----    ----
   DATA SIZE        =      2    ----
   IDATA SIZE       =   ----    ----
   BIT SIZE         =   ----    ----
END OF MODULE INFORMATION.


C51 COMPILATION COMPLETE.  4 WARNING(S),  0 ERROR(S)
